12/27/2025 20:54:19 - INFO - __main__ - Starting SDEdit Baseline with args: Namespace(dataloader_batch_size=1, max_images=10, seed=42, num_inference_steps=50, start_step_idx=45, r='/datavolume/data/aysu/ACDC/rgb_anon', g='/datavolume/data/aysu/ACDC/gt_trainval/gt')
12/27/2025 20:54:19 - INFO - __main__ - Loading SD Models...
12/27/2025 20:54:26 - INFO - __main__ - Loading Segmentation model: PIDNET-L
12/27/2025 20:54:27 - INFO - __main__ - Generating Gaussian Kernel for patch size (1024, 1024) and stride (512, 512)
12/27/2025 20:54:27 - INFO - __main__ - --- Processing fog ---
12/27/2025 20:54:49 - INFO - __main__ - Image 0 (GOPR0476_frame_000769_rgb_anon.png) mIoU: 56.02%
12/27/2025 20:55:11 - INFO - __main__ - Image 1 (GOPR0476_frame_000845_rgb_anon.png) mIoU: 36.97%
12/27/2025 20:55:32 - INFO - __main__ - Image 2 (GOPR0476_frame_000874_rgb_anon.png) mIoU: 50.08%
12/27/2025 20:55:54 - INFO - __main__ - Image 3 (GOPR0476_frame_001029_rgb_anon.png) mIoU: 42.61%
12/27/2025 20:56:14 - INFO - __main__ - Image 4 (GOPR0476_frame_001033_rgb_anon.png) mIoU: 51.84%
12/27/2025 20:56:44 - INFO - __main__ - Image 5 (GP010476_frame_000018_rgb_anon.png) mIoU: 51.08%
12/27/2025 20:57:26 - INFO - __main__ - Image 6 (GP010476_frame_000120_rgb_anon.png) mIoU: 52.38%
12/27/2025 20:58:08 - INFO - __main__ - Image 7 (GP010476_frame_000147_rgb_anon.png) mIoU: 38.41%
12/27/2025 20:59:07 - INFO - __main__ - Image 8 (GP020475_frame_000054_rgb_anon.png) mIoU: 32.75%
12/27/2025 20:59:58 - INFO - __main__ - Image 9 (GP020475_frame_000173_rgb_anon.png) mIoU: 34.22%
12/27/2025 20:59:58 - INFO - __main__ - === Results for fog ===
12/27/2025 20:59:58 - INFO - __main__ - Average Per-Image mIoU: 44.64% (For Debugging)
12/27/2025 20:59:58 - INFO - __main__ - Full Dataset mIoU:      39.24% (Official Cityscapes Metric)
12/27/2025 20:59:58 - INFO - __main__ - Per-Class IoU:
12/27/2025 20:59:58 - INFO - __main__ -   road           : 90.39%
12/27/2025 20:59:58 - INFO - __main__ -   sidewalk       : 53.89%
12/27/2025 20:59:58 - INFO - __main__ -   building       : 66.48%
12/27/2025 20:59:58 - INFO - __main__ -   wall           : 29.72%
12/27/2025 20:59:58 - INFO - __main__ -   fence          : 45.79%
12/27/2025 20:59:58 - INFO - __main__ -   pole           : 19.43%
12/27/2025 20:59:58 - INFO - __main__ -   traffic light  : 21.58%
12/27/2025 20:59:58 - INFO - __main__ -   traffic sign   : 44.22%
12/27/2025 20:59:58 - INFO - __main__ -   vegetation     : 81.04%
12/27/2025 20:59:58 - INFO - __main__ -   terrain        : 42.62%
12/27/2025 20:59:58 - INFO - __main__ -   sky            : 93.82%
12/27/2025 20:59:58 - INFO - __main__ -   person         : 23.87%
12/27/2025 20:59:58 - INFO - __main__ -   rider          : 0.00%
12/27/2025 20:59:58 - INFO - __main__ -   car            : 51.13%
12/27/2025 20:59:58 - INFO - __main__ -   truck          : 0.00%
12/27/2025 20:59:58 - INFO - __main__ -   bus            : 0.00%
12/27/2025 20:59:58 - INFO - __main__ -   train          : 42.28%
12/27/2025 20:59:58 - INFO - __main__ -   motorcycle     : nan%
12/27/2025 20:59:58 - INFO - __main__ -   bicycle        : 0.00%
12/27/2025 20:59:58 - INFO - __main__ - --- Processing night ---
12/27/2025 21:01:10 - INFO - __main__ - Image 0 (GOPR0351_frame_000039_rgb_anon.png) mIoU: 10.63%
12/27/2025 21:02:14 - INFO - __main__ - Image 1 (GOPR0351_frame_000061_rgb_anon.png) mIoU: 9.48%
12/27/2025 21:03:19 - INFO - __main__ - Image 2 (GOPR0351_frame_000079_rgb_anon.png) mIoU: 11.29%
12/27/2025 21:04:20 - INFO - __main__ - Image 3 (GOPR0351_frame_000724_rgb_anon.png) mIoU: 9.35%
12/27/2025 21:05:22 - INFO - __main__ - Image 4 (GOPR0356_frame_000327_rgb_anon.png) mIoU: 8.09%
12/27/2025 21:06:23 - INFO - __main__ - Image 5 (GOPR0356_frame_000348_rgb_anon.png) mIoU: 2.17%
12/27/2025 21:07:24 - INFO - __main__ - Image 6 (GOPR0356_frame_000372_rgb_anon.png) mIoU: 5.06%
12/27/2025 21:08:25 - INFO - __main__ - Image 7 (GOPR0356_frame_000382_rgb_anon.png) mIoU: 15.89%
12/27/2025 21:09:25 - INFO - __main__ - Image 8 (GOPR0356_frame_000404_rgb_anon.png) mIoU: 13.05%
12/27/2025 21:10:16 - INFO - __main__ - Image 9 (GOPR0356_frame_000473_rgb_anon.png) mIoU: 2.25%
12/27/2025 21:10:16 - INFO - __main__ - === Results for night ===
12/27/2025 21:10:16 - INFO - __main__ - Average Per-Image mIoU: 8.73% (For Debugging)
12/27/2025 21:10:16 - INFO - __main__ - Full Dataset mIoU:      8.44% (Official Cityscapes Metric)
12/27/2025 21:10:16 - INFO - __main__ - Per-Class IoU:
12/27/2025 21:10:16 - INFO - __main__ -   road           : 39.28%
12/27/2025 21:10:16 - INFO - __main__ -   sidewalk       : 2.93%
12/27/2025 21:10:16 - INFO - __main__ -   building       : 17.63%
12/27/2025 21:10:16 - INFO - __main__ -   wall           : 8.40%
12/27/2025 21:10:16 - INFO - __main__ -   fence          : 2.33%
12/27/2025 21:10:16 - INFO - __main__ -   pole           : 2.90%
12/27/2025 21:10:16 - INFO - __main__ -   traffic light  : 15.10%
12/27/2025 21:10:16 - INFO - __main__ -   traffic sign   : 2.14%
12/27/2025 21:10:16 - INFO - __main__ -   vegetation     : 48.16%
12/27/2025 21:10:16 - INFO - __main__ -   terrain        : 0.05%
12/27/2025 21:10:16 - INFO - __main__ -   sky            : 0.07%
12/27/2025 21:10:16 - INFO - __main__ -   person         : 0.00%
12/27/2025 21:10:16 - INFO - __main__ -   rider          : 0.00%
12/27/2025 21:10:16 - INFO - __main__ -   car            : 12.98%
12/27/2025 21:10:16 - INFO - __main__ -   truck          : 0.00%
12/27/2025 21:10:16 - INFO - __main__ -   bus            : 0.00%
12/27/2025 21:10:16 - INFO - __main__ -   train          : 0.00%
12/27/2025 21:10:16 - INFO - __main__ -   motorcycle     : nan%
12/27/2025 21:10:16 - INFO - __main__ -   bicycle        : 0.00%
12/27/2025 21:10:16 - INFO - __main__ - --- Processing rain ---
12/27/2025 21:11:28 - INFO - __main__ - Image 0 (GOPR0400_frame_000087_rgb_anon.png) mIoU: 35.24%
12/27/2025 21:12:32 - INFO - __main__ - Image 1 (GOPR0402_frame_000154_rgb_anon.png) mIoU: 42.66%
12/27/2025 21:13:36 - INFO - __main__ - Image 2 (GOPR0402_frame_000294_rgb_anon.png) mIoU: 29.09%
12/27/2025 21:14:40 - INFO - __main__ - Image 3 (GOPR0572_frame_000752_rgb_anon.png) mIoU: 32.86%
12/27/2025 21:15:41 - INFO - __main__ - Image 4 (GOPR0572_frame_000756_rgb_anon.png) mIoU: 24.75%
12/27/2025 21:16:42 - INFO - __main__ - Image 5 (GOPR0572_frame_000860_rgb_anon.png) mIoU: 38.02%
12/27/2025 21:17:44 - INFO - __main__ - Image 6 (GP020402_frame_000774_rgb_anon.png) mIoU: 43.24%
12/27/2025 21:18:45 - INFO - __main__ - Image 7 (GP020402_frame_000830_rgb_anon.png) mIoU: 33.94%
12/27/2025 21:19:46 - INFO - __main__ - Image 8 (GP020402_frame_000914_rgb_anon.png) mIoU: 48.16%
12/27/2025 21:20:38 - INFO - __main__ - Image 9 (GP030400_frame_000129_rgb_anon.png) mIoU: 49.91%
12/27/2025 21:20:38 - INFO - __main__ - === Results for rain ===
12/27/2025 21:20:38 - INFO - __main__ - Average Per-Image mIoU: 37.79% (For Debugging)
12/27/2025 21:20:38 - INFO - __main__ - Full Dataset mIoU:      31.28% (Official Cityscapes Metric)
12/27/2025 21:20:38 - INFO - __main__ - Per-Class IoU:
12/27/2025 21:20:38 - INFO - __main__ -   road           : 79.72%
12/27/2025 21:20:38 - INFO - __main__ -   sidewalk       : 20.39%
12/27/2025 21:20:38 - INFO - __main__ -   building       : 58.05%
12/27/2025 21:20:38 - INFO - __main__ -   wall           : 17.32%
12/27/2025 21:20:38 - INFO - __main__ -   fence          : 3.24%
12/27/2025 21:20:38 - INFO - __main__ -   pole           : 20.16%
12/27/2025 21:20:38 - INFO - __main__ -   traffic light  : 0.47%
12/27/2025 21:20:38 - INFO - __main__ -   traffic sign   : 55.40%
12/27/2025 21:20:38 - INFO - __main__ -   vegetation     : 83.30%
12/27/2025 21:20:38 - INFO - __main__ -   terrain        : 59.88%
12/27/2025 21:20:38 - INFO - __main__ -   sky            : 93.03%
12/27/2025 21:20:38 - INFO - __main__ -   person         : 0.02%
12/27/2025 21:20:38 - INFO - __main__ -   rider          : 0.00%
12/27/2025 21:20:38 - INFO - __main__ -   car            : 66.16%
12/27/2025 21:20:38 - INFO - __main__ -   truck          : 0.00%
12/27/2025 21:20:38 - INFO - __main__ -   bus            : 14.18%
12/27/2025 21:20:38 - INFO - __main__ -   train          : 0.00%
12/27/2025 21:20:38 - INFO - __main__ -   motorcycle     : 22.90%
12/27/2025 21:20:38 - INFO - __main__ -   bicycle        : 0.00%
12/27/2025 21:20:38 - INFO - __main__ - --- Processing snow ---
12/27/2025 21:21:49 - INFO - __main__ - Image 0 (GOPR0122_frame_000018_rgb_anon.png) mIoU: 41.62%
12/27/2025 21:22:53 - INFO - __main__ - Image 1 (GOPR0122_frame_000085_rgb_anon.png) mIoU: 43.53%
12/27/2025 21:23:57 - INFO - __main__ - Image 2 (GOPR0122_frame_000306_rgb_anon.png) mIoU: 28.30%
12/27/2025 21:25:00 - INFO - __main__ - Image 3 (GOPR0604_frame_000327_rgb_anon.png) mIoU: 26.72%
12/27/2025 21:26:01 - INFO - __main__ - Image 4 (GOPR0604_frame_000332_rgb_anon.png) mIoU: 37.40%
12/27/2025 21:27:02 - INFO - __main__ - Image 5 (GOPR0604_frame_000455_rgb_anon.png) mIoU: 37.58%
12/27/2025 21:28:02 - INFO - __main__ - Image 6 (GOPR0606_frame_000220_rgb_anon.png) mIoU: 40.66%
12/27/2025 21:29:03 - INFO - __main__ - Image 7 (GOPR0606_frame_000357_rgb_anon.png) mIoU: 28.96%
12/27/2025 21:30:03 - INFO - __main__ - Image 8 (GP010607_frame_000931_rgb_anon.png) mIoU: 19.96%
12/27/2025 21:30:55 - INFO - __main__ - Image 9 (GP030176_frame_000549_rgb_anon.png) mIoU: 32.68%
12/27/2025 21:30:55 - INFO - __main__ - === Results for snow ===
12/27/2025 21:30:55 - INFO - __main__ - Average Per-Image mIoU: 33.74% (For Debugging)
12/27/2025 21:30:55 - INFO - __main__ - Full Dataset mIoU:      30.67% (Official Cityscapes Metric)
12/27/2025 21:30:55 - INFO - __main__ - Per-Class IoU:
12/27/2025 21:30:55 - INFO - __main__ -   road           : 75.19%
12/27/2025 21:30:55 - INFO - __main__ -   sidewalk       : 13.46%
12/27/2025 21:30:55 - INFO - __main__ -   building       : 58.25%
12/27/2025 21:30:55 - INFO - __main__ -   wall           : 5.03%
12/27/2025 21:30:55 - INFO - __main__ -   fence          : 32.83%
12/27/2025 21:30:55 - INFO - __main__ -   pole           : 19.55%
12/27/2025 21:30:55 - INFO - __main__ -   traffic light  : 49.51%
12/27/2025 21:30:55 - INFO - __main__ -   traffic sign   : 25.54%
12/27/2025 21:30:55 - INFO - __main__ -   vegetation     : 77.02%
12/27/2025 21:30:55 - INFO - __main__ -   terrain        : 0.00%
12/27/2025 21:30:55 - INFO - __main__ -   sky            : 87.76%
12/27/2025 21:30:55 - INFO - __main__ -   person         : 1.65%
12/27/2025 21:30:55 - INFO - __main__ -   rider          : nan%
12/27/2025 21:30:55 - INFO - __main__ -   car            : 38.49%
12/27/2025 21:30:55 - INFO - __main__ -   truck          : 63.33%
12/27/2025 21:30:55 - INFO - __main__ -   bus            : 4.53%
12/27/2025 21:30:55 - INFO - __main__ -   train          : 0.00%
12/27/2025 21:30:55 - INFO - __main__ -   motorcycle     : 0.00%
12/27/2025 21:30:55 - INFO - __main__ -   bicycle        : 0.00%
