12/27/2025 20:59:47 - INFO - __main__ - Starting SDEdit Baseline with args: Namespace(dataloader_batch_size=1, max_images=10, seed=42, num_inference_steps=50, start_step_idx=0, r='/datavolume/data/aysu/ACDC/rgb_anon', g='/datavolume/data/aysu/ACDC/gt_trainval/gt')
12/27/2025 20:59:47 - INFO - __main__ - Loading SD Models...
12/27/2025 20:59:59 - INFO - __main__ - Loading Segmentation model: PIDNET-L
12/27/2025 20:59:59 - INFO - __main__ - Generating Gaussian Kernel for patch size (1024, 1024) and stride (512, 512)
12/27/2025 20:59:59 - INFO - __main__ - --- Processing fog ---
12/27/2025 21:02:53 - INFO - __main__ - Image 0 (GOPR0476_frame_000769_rgb_anon.png) mIoU: 1.71%
12/27/2025 21:05:26 - INFO - __main__ - Image 1 (GOPR0476_frame_000845_rgb_anon.png) mIoU: 2.10%
12/27/2025 21:08:00 - INFO - __main__ - Image 2 (GOPR0476_frame_000874_rgb_anon.png) mIoU: 3.76%
12/27/2025 21:10:32 - INFO - __main__ - Image 3 (GOPR0476_frame_001029_rgb_anon.png) mIoU: 2.29%
12/27/2025 21:15:04 - INFO - __main__ - Image 4 (GOPR0476_frame_001033_rgb_anon.png) mIoU: 1.66%
12/27/2025 21:20:19 - INFO - __main__ - Image 5 (GP010476_frame_000018_rgb_anon.png) mIoU: 2.84%
12/27/2025 21:25:24 - INFO - __main__ - Image 6 (GP010476_frame_000120_rgb_anon.png) mIoU: 1.89%
12/27/2025 21:30:34 - INFO - __main__ - Image 7 (GP010476_frame_000147_rgb_anon.png) mIoU: 2.66%
12/27/2025 21:35:47 - INFO - __main__ - Image 8 (GP020475_frame_000054_rgb_anon.png) mIoU: 4.75%
12/27/2025 21:40:02 - INFO - __main__ - Image 9 (GP020475_frame_000173_rgb_anon.png) mIoU: 2.90%
12/27/2025 21:40:02 - INFO - __main__ - === Results for fog ===
12/27/2025 21:40:02 - INFO - __main__ - Average Per-Image mIoU: 2.66% (For Debugging)
12/27/2025 21:40:02 - INFO - __main__ - Full Dataset mIoU:      1.99% (Official Cityscapes Metric)
12/27/2025 21:40:02 - INFO - __main__ - Per-Class IoU:
12/27/2025 21:40:02 - INFO - __main__ -   road           : 20.60%
12/27/2025 21:40:02 - INFO - __main__ -   sidewalk       : 0.00%
12/27/2025 21:40:02 - INFO - __main__ -   building       : 0.46%
12/27/2025 21:40:02 - INFO - __main__ -   wall           : 0.36%
12/27/2025 21:40:02 - INFO - __main__ -   fence          : 0.00%
12/27/2025 21:40:02 - INFO - __main__ -   pole           : 0.00%
12/27/2025 21:40:02 - INFO - __main__ -   traffic light  : 0.00%
12/27/2025 21:40:02 - INFO - __main__ -   traffic sign   : 0.00%
12/27/2025 21:40:02 - INFO - __main__ -   vegetation     : 12.23%
12/27/2025 21:40:02 - INFO - __main__ -   terrain        : 0.00%
12/27/2025 21:40:02 - INFO - __main__ -   sky            : 0.09%
12/27/2025 21:40:02 - INFO - __main__ -   person         : 0.01%
12/27/2025 21:40:02 - INFO - __main__ -   rider          : 0.00%
12/27/2025 21:40:02 - INFO - __main__ -   car            : 0.00%
12/27/2025 21:40:02 - INFO - __main__ -   truck          : 0.00%
12/27/2025 21:40:02 - INFO - __main__ -   bus            : nan%
12/27/2025 21:40:02 - INFO - __main__ -   train          : 0.00%
12/27/2025 21:40:02 - INFO - __main__ -   motorcycle     : nan%
12/27/2025 21:40:02 - INFO - __main__ -   bicycle        : 0.00%
12/27/2025 21:40:02 - INFO - __main__ - --- Processing night ---
12/27/2025 21:45:32 - INFO - __main__ - Image 0 (GOPR0351_frame_000039_rgb_anon.png) mIoU: 2.98%
12/27/2025 21:48:05 - INFO - __main__ - Image 1 (GOPR0351_frame_000061_rgb_anon.png) mIoU: 5.64%
12/27/2025 21:50:38 - INFO - __main__ - Image 2 (GOPR0351_frame_000079_rgb_anon.png) mIoU: 4.38%
12/27/2025 21:53:11 - INFO - __main__ - Image 3 (GOPR0351_frame_000724_rgb_anon.png) mIoU: 0.67%
12/27/2025 21:55:40 - INFO - __main__ - Image 4 (GOPR0356_frame_000327_rgb_anon.png) mIoU: 4.79%
12/27/2025 21:58:10 - INFO - __main__ - Image 5 (GOPR0356_frame_000348_rgb_anon.png) mIoU: 0.47%
12/27/2025 22:00:40 - INFO - __main__ - Image 6 (GOPR0356_frame_000372_rgb_anon.png) mIoU: 1.94%
12/27/2025 22:03:10 - INFO - __main__ - Image 7 (GOPR0356_frame_000382_rgb_anon.png) mIoU: 2.18%
12/27/2025 22:05:39 - INFO - __main__ - Image 8 (GOPR0356_frame_000404_rgb_anon.png) mIoU: 1.65%
12/27/2025 22:07:44 - INFO - __main__ - Image 9 (GOPR0356_frame_000473_rgb_anon.png) mIoU: 2.14%
12/27/2025 22:07:44 - INFO - __main__ - === Results for night ===
12/27/2025 22:07:44 - INFO - __main__ - Average Per-Image mIoU: 2.68% (For Debugging)
12/27/2025 22:07:44 - INFO - __main__ - Full Dataset mIoU:      2.16% (Official Cityscapes Metric)
12/27/2025 22:07:44 - INFO - __main__ - Per-Class IoU:
12/27/2025 22:07:44 - INFO - __main__ -   road           : 3.96%
12/27/2025 22:07:44 - INFO - __main__ -   sidewalk       : 0.00%
12/27/2025 22:07:44 - INFO - __main__ -   building       : 0.41%
12/27/2025 22:07:44 - INFO - __main__ -   wall           : 0.05%
12/27/2025 22:07:44 - INFO - __main__ -   fence          : 0.00%
12/27/2025 22:07:44 - INFO - __main__ -   pole           : 0.00%
12/27/2025 22:07:44 - INFO - __main__ -   traffic light  : 0.00%
12/27/2025 22:07:44 - INFO - __main__ -   traffic sign   : 0.00%
12/27/2025 22:07:44 - INFO - __main__ -   vegetation     : 34.44%
12/27/2025 22:07:44 - INFO - __main__ -   terrain        : 0.00%
12/27/2025 22:07:44 - INFO - __main__ -   sky            : 0.00%
12/27/2025 22:07:44 - INFO - __main__ -   person         : 0.01%
12/27/2025 22:07:44 - INFO - __main__ -   rider          : 0.00%
12/27/2025 22:07:44 - INFO - __main__ -   car            : 0.00%
12/27/2025 22:07:44 - INFO - __main__ -   truck          : 0.00%
12/27/2025 22:07:44 - INFO - __main__ -   bus            : 0.00%
12/27/2025 22:07:44 - INFO - __main__ -   train          : 0.00%
12/27/2025 22:07:44 - INFO - __main__ -   motorcycle     : nan%
12/27/2025 22:07:44 - INFO - __main__ -   bicycle        : 0.00%
12/27/2025 22:07:44 - INFO - __main__ - --- Processing rain ---
12/27/2025 22:10:39 - INFO - __main__ - Image 0 (GOPR0400_frame_000087_rgb_anon.png) mIoU: 0.72%
12/27/2025 22:13:12 - INFO - __main__ - Image 1 (GOPR0402_frame_000154_rgb_anon.png) mIoU: 2.10%
12/27/2025 22:15:43 - INFO - __main__ - Image 2 (GOPR0402_frame_000294_rgb_anon.png) mIoU: 4.11%
12/27/2025 22:18:16 - INFO - __main__ - Image 3 (GOPR0572_frame_000752_rgb_anon.png) mIoU: 1.41%
12/27/2025 22:20:46 - INFO - __main__ - Image 4 (GOPR0572_frame_000756_rgb_anon.png) mIoU: 3.75%
12/27/2025 22:23:15 - INFO - __main__ - Image 5 (GOPR0572_frame_000860_rgb_anon.png) mIoU: 0.99%
12/27/2025 22:25:45 - INFO - __main__ - Image 6 (GP020402_frame_000774_rgb_anon.png) mIoU: 2.72%
12/27/2025 22:28:15 - INFO - __main__ - Image 7 (GP020402_frame_000830_rgb_anon.png) mIoU: 2.19%
12/27/2025 22:31:17 - INFO - __main__ - Image 8 (GP020402_frame_000914_rgb_anon.png) mIoU: 2.86%
12/27/2025 22:35:42 - INFO - __main__ - Image 9 (GP030400_frame_000129_rgb_anon.png) mIoU: 0.74%
12/27/2025 22:35:42 - INFO - __main__ - === Results for rain ===
12/27/2025 22:35:42 - INFO - __main__ - Average Per-Image mIoU: 2.16% (For Debugging)
12/27/2025 22:35:42 - INFO - __main__ - Full Dataset mIoU:      1.55% (Official Cityscapes Metric)
12/27/2025 22:35:42 - INFO - __main__ - Per-Class IoU:
12/27/2025 22:35:42 - INFO - __main__ -   road           : 12.92%
12/27/2025 22:35:42 - INFO - __main__ -   sidewalk       : 0.00%
12/27/2025 22:35:42 - INFO - __main__ -   building       : 0.31%
12/27/2025 22:35:42 - INFO - __main__ -   wall           : 0.57%
12/27/2025 22:35:42 - INFO - __main__ -   fence          : 0.00%
12/27/2025 22:35:42 - INFO - __main__ -   pole           : 0.00%
12/27/2025 22:35:42 - INFO - __main__ -   traffic light  : 0.00%
12/27/2025 22:35:42 - INFO - __main__ -   traffic sign   : 0.00%
12/27/2025 22:35:42 - INFO - __main__ -   vegetation     : 13.71%
12/27/2025 22:35:42 - INFO - __main__ -   terrain        : 0.00%
12/27/2025 22:35:42 - INFO - __main__ -   sky            : 0.30%
12/27/2025 22:35:42 - INFO - __main__ -   person         : 0.00%
12/27/2025 22:35:42 - INFO - __main__ -   rider          : 0.00%
12/27/2025 22:35:42 - INFO - __main__ -   car            : 0.00%
12/27/2025 22:35:42 - INFO - __main__ -   truck          : 0.00%
12/27/2025 22:35:42 - INFO - __main__ -   bus            : 0.00%
12/27/2025 22:35:42 - INFO - __main__ -   train          : nan%
12/27/2025 22:35:42 - INFO - __main__ -   motorcycle     : 0.00%
12/27/2025 22:35:42 - INFO - __main__ -   bicycle        : 0.00%
12/27/2025 22:35:42 - INFO - __main__ - --- Processing snow ---
12/27/2025 22:41:52 - INFO - __main__ - Image 0 (GOPR0122_frame_000018_rgb_anon.png) mIoU: 2.50%
12/27/2025 22:47:17 - INFO - __main__ - Image 1 (GOPR0122_frame_000085_rgb_anon.png) mIoU: 3.17%
12/27/2025 22:52:41 - INFO - __main__ - Image 2 (GOPR0122_frame_000306_rgb_anon.png) mIoU: 0.73%
12/27/2025 22:58:06 - INFO - __main__ - Image 3 (GOPR0604_frame_000327_rgb_anon.png) mIoU: 1.23%
12/27/2025 23:03:27 - INFO - __main__ - Image 4 (GOPR0604_frame_000332_rgb_anon.png) mIoU: 1.27%
12/27/2025 23:08:49 - INFO - __main__ - Image 5 (GOPR0604_frame_000455_rgb_anon.png) mIoU: 3.25%
12/27/2025 23:14:03 - INFO - __main__ - Image 6 (GOPR0606_frame_000220_rgb_anon.png) mIoU: 2.55%
12/27/2025 23:19:21 - INFO - __main__ - Image 7 (GOPR0606_frame_000357_rgb_anon.png) mIoU: 0.45%
12/27/2025 23:24:42 - INFO - __main__ - Image 8 (GP010607_frame_000931_rgb_anon.png) mIoU: 2.42%
12/27/2025 23:29:10 - INFO - __main__ - Image 9 (GP030176_frame_000549_rgb_anon.png) mIoU: 4.13%
12/27/2025 23:29:10 - INFO - __main__ - === Results for snow ===
12/27/2025 23:29:10 - INFO - __main__ - Average Per-Image mIoU: 2.17% (For Debugging)
12/27/2025 23:29:10 - INFO - __main__ - Full Dataset mIoU:      1.97% (Official Cityscapes Metric)
12/27/2025 23:29:10 - INFO - __main__ - Per-Class IoU:
12/27/2025 23:29:10 - INFO - __main__ -   road           : 14.52%
12/27/2025 23:29:10 - INFO - __main__ -   sidewalk       : 0.00%
12/27/2025 23:29:10 - INFO - __main__ -   building       : 0.06%
12/27/2025 23:29:10 - INFO - __main__ -   wall           : 0.29%
12/27/2025 23:29:10 - INFO - __main__ -   fence          : 0.00%
12/27/2025 23:29:10 - INFO - __main__ -   pole           : 0.00%
12/27/2025 23:29:10 - INFO - __main__ -   traffic light  : 0.00%
12/27/2025 23:29:10 - INFO - __main__ -   traffic sign   : 0.00%
12/27/2025 23:29:10 - INFO - __main__ -   vegetation     : 16.15%
12/27/2025 23:29:10 - INFO - __main__ -   terrain        : 0.00%
12/27/2025 23:29:10 - INFO - __main__ -   sky            : 0.48%
12/27/2025 23:29:10 - INFO - __main__ -   person         : 0.04%
12/27/2025 23:29:10 - INFO - __main__ -   rider          : nan%
12/27/2025 23:29:10 - INFO - __main__ -   car            : 0.00%
12/27/2025 23:29:10 - INFO - __main__ -   truck          : 0.00%
12/27/2025 23:29:10 - INFO - __main__ -   bus            : 0.00%
12/27/2025 23:29:10 - INFO - __main__ -   train          : nan%
12/27/2025 23:29:10 - INFO - __main__ -   motorcycle     : nan%
12/27/2025 23:29:10 - INFO - __main__ -   bicycle        : 0.00%
