12/27/2025 23:47:15 - INFO - __main__ - Starting TTA Steering Experiment with args: Namespace(dataloader_batch_size=1, max_images=10, seed=42, num_inference_steps=50, start_timestep=35, guidance_scale=1, r='/datavolume/data/aysu/ACDC/rgb_anon', g='/datavolume/data/aysu/ACDC/gt_trainval/gt')
12/27/2025 23:47:15 - INFO - __main__ - Loading SD Models...
12/27/2025 23:47:23 - INFO - __main__ - Loading Segmentation model: PIDNET-L
12/27/2025 23:47:24 - INFO - __main__ - Batch size is (1024, 1024), patch stride is (512, 512)
12/27/2025 23:47:24 - INFO - __main__ - --- Processing fog ---
12/27/2025 23:59:17 - INFO - __main__ - Image 0 (GOPR0476_frame_000769_rgb_anon.png) mIoU: 48.93%
12/28/2025 00:09:22 - INFO - __main__ - Image 1 (GOPR0476_frame_000845_rgb_anon.png) mIoU: 42.17%
12/28/2025 00:19:36 - INFO - __main__ - Image 2 (GOPR0476_frame_000874_rgb_anon.png) mIoU: 37.96%
12/28/2025 00:29:49 - INFO - __main__ - Image 3 (GOPR0476_frame_001029_rgb_anon.png) mIoU: 38.42%
12/28/2025 00:35:12 - INFO - __main__ - Image 4 (GOPR0476_frame_001033_rgb_anon.png) mIoU: 52.93%
12/28/2025 00:39:56 - INFO - __main__ - Image 5 (GP010476_frame_000018_rgb_anon.png) mIoU: 36.16%
12/28/2025 00:44:40 - INFO - __main__ - Image 6 (GP010476_frame_000120_rgb_anon.png) mIoU: 56.41%
12/28/2025 00:49:24 - INFO - __main__ - Image 7 (GP010476_frame_000147_rgb_anon.png) mIoU: 43.00%
12/28/2025 00:54:08 - INFO - __main__ - Image 8 (GP020475_frame_000054_rgb_anon.png) mIoU: 24.42%
12/28/2025 00:58:06 - INFO - __main__ - Image 9 (GP020475_frame_000173_rgb_anon.png) mIoU: 26.46%
12/28/2025 00:58:06 - INFO - __main__ - === Results for fog ===
12/28/2025 00:58:06 - INFO - __main__ - Average Per-Image mIoU: 40.69% (For Debugging)
12/28/2025 00:58:06 - INFO - __main__ - Full Dataset mIoU:      36.26% (Official Cityscapes Metric)
12/28/2025 00:58:06 - INFO - __main__ - Per-Class IoU:
12/28/2025 00:58:06 - INFO - __main__ -   road           : 82.60%
12/28/2025 00:58:06 - INFO - __main__ -   sidewalk       : 37.98%
12/28/2025 00:58:06 - INFO - __main__ -   building       : 61.56%
12/28/2025 00:58:06 - INFO - __main__ -   wall           : 34.52%
12/28/2025 00:58:06 - INFO - __main__ -   fence          : 46.92%
12/28/2025 00:58:06 - INFO - __main__ -   pole           : 12.22%
12/28/2025 00:58:06 - INFO - __main__ -   traffic light  : 2.16%
12/28/2025 00:58:06 - INFO - __main__ -   traffic sign   : 11.51%
12/28/2025 00:58:06 - INFO - __main__ -   vegetation     : 78.72%
12/28/2025 00:58:06 - INFO - __main__ -   terrain        : 38.24%
12/28/2025 00:58:06 - INFO - __main__ -   sky            : 94.33%
12/28/2025 00:58:06 - INFO - __main__ -   person         : 17.70%
12/28/2025 00:58:06 - INFO - __main__ -   rider          : 0.00%
12/28/2025 00:58:06 - INFO - __main__ -   car            : 22.61%
12/28/2025 00:58:06 - INFO - __main__ -   truck          : nan%
12/28/2025 00:58:06 - INFO - __main__ -   bus            : nan%
12/28/2025 00:58:06 - INFO - __main__ -   train          : 39.12%
12/28/2025 00:58:06 - INFO - __main__ -   motorcycle     : nan%
12/28/2025 00:58:06 - INFO - __main__ -   bicycle        : 0.00%
12/28/2025 00:58:06 - INFO - __main__ - --- Processing night ---
12/28/2025 01:03:39 - INFO - __main__ - Image 0 (GOPR0351_frame_000039_rgb_anon.png) mIoU: 0.64%
12/28/2025 01:10:02 - INFO - __main__ - Image 1 (GOPR0351_frame_000061_rgb_anon.png) mIoU: 2.28%
12/28/2025 01:20:17 - INFO - __main__ - Image 2 (GOPR0351_frame_000079_rgb_anon.png) mIoU: 0.17%
12/28/2025 01:30:32 - INFO - __main__ - Image 3 (GOPR0351_frame_000724_rgb_anon.png) mIoU: 1.12%
12/28/2025 01:40:42 - INFO - __main__ - Image 4 (GOPR0356_frame_000327_rgb_anon.png) mIoU: 0.60%
12/28/2025 01:50:57 - INFO - __main__ - Image 5 (GOPR0356_frame_000348_rgb_anon.png) mIoU: 0.01%
12/28/2025 02:01:11 - INFO - __main__ - Image 6 (GOPR0356_frame_000372_rgb_anon.png) mIoU: 0.00%
12/28/2025 02:11:25 - INFO - __main__ - Image 7 (GOPR0356_frame_000382_rgb_anon.png) mIoU: 0.02%
12/28/2025 02:21:39 - INFO - __main__ - Image 8 (GOPR0356_frame_000404_rgb_anon.png) mIoU: 0.00%
12/28/2025 02:30:11 - INFO - __main__ - Image 9 (GOPR0356_frame_000473_rgb_anon.png) mIoU: 0.00%
12/28/2025 02:30:11 - INFO - __main__ - === Results for night ===
12/28/2025 02:30:11 - INFO - __main__ - Average Per-Image mIoU: 0.48% (For Debugging)
12/28/2025 02:30:11 - INFO - __main__ - Full Dataset mIoU:      0.55% (Official Cityscapes Metric)
12/28/2025 02:30:11 - INFO - __main__ - Per-Class IoU:
12/28/2025 02:30:11 - INFO - __main__ -   road           : 3.58%
12/28/2025 02:30:11 - INFO - __main__ -   sidewalk       : 0.00%
12/28/2025 02:30:11 - INFO - __main__ -   building       : 1.83%
12/28/2025 02:30:11 - INFO - __main__ -   wall           : 0.00%
12/28/2025 02:30:11 - INFO - __main__ -   fence          : 0.00%
12/28/2025 02:30:11 - INFO - __main__ -   pole           : 0.00%
12/28/2025 02:30:11 - INFO - __main__ -   traffic light  : 2.17%
12/28/2025 02:30:11 - INFO - __main__ -   traffic sign   : 0.00%
12/28/2025 02:30:11 - INFO - __main__ -   vegetation     : 1.68%
12/28/2025 02:30:11 - INFO - __main__ -   terrain        : 0.00%
12/28/2025 02:30:11 - INFO - __main__ -   sky            : 0.00%
12/28/2025 02:30:11 - INFO - __main__ -   person         : 0.00%
12/28/2025 02:30:11 - INFO - __main__ -   rider          : 0.00%
12/28/2025 02:30:11 - INFO - __main__ -   car            : 0.71%
12/28/2025 02:30:11 - INFO - __main__ -   truck          : 0.00%
12/28/2025 02:30:11 - INFO - __main__ -   bus            : 0.00%
12/28/2025 02:30:11 - INFO - __main__ -   train          : 0.00%
12/28/2025 02:30:11 - INFO - __main__ -   motorcycle     : nan%
12/28/2025 02:30:11 - INFO - __main__ -   bicycle        : 0.00%
12/28/2025 02:30:11 - INFO - __main__ - --- Processing rain ---
12/28/2025 02:42:08 - INFO - __main__ - Image 0 (GOPR0400_frame_000087_rgb_anon.png) mIoU: 41.00%
12/28/2025 02:52:24 - INFO - __main__ - Image 1 (GOPR0402_frame_000154_rgb_anon.png) mIoU: 40.99%
12/28/2025 03:02:35 - INFO - __main__ - Image 2 (GOPR0402_frame_000294_rgb_anon.png) mIoU: 39.01%
12/28/2025 03:12:46 - INFO - __main__ - Image 3 (GOPR0572_frame_000752_rgb_anon.png) mIoU: 33.51%
12/28/2025 03:22:55 - INFO - __main__ - Image 4 (GOPR0572_frame_000756_rgb_anon.png) mIoU: 22.33%
12/28/2025 03:33:08 - INFO - __main__ - Image 5 (GOPR0572_frame_000860_rgb_anon.png) mIoU: 43.01%
12/28/2025 03:43:21 - INFO - __main__ - Image 6 (GP020402_frame_000774_rgb_anon.png) mIoU: 46.41%
12/28/2025 03:53:35 - INFO - __main__ - Image 7 (GP020402_frame_000830_rgb_anon.png) mIoU: 45.86%
12/28/2025 04:03:48 - INFO - __main__ - Image 8 (GP020402_frame_000914_rgb_anon.png) mIoU: 54.36%
12/28/2025 04:12:20 - INFO - __main__ - Image 9 (GP030400_frame_000129_rgb_anon.png) mIoU: 37.45%
12/28/2025 04:12:20 - INFO - __main__ - === Results for rain ===
12/28/2025 04:12:20 - INFO - __main__ - Average Per-Image mIoU: 40.39% (For Debugging)
12/28/2025 04:12:20 - INFO - __main__ - Full Dataset mIoU:      32.78% (Official Cityscapes Metric)
12/28/2025 04:12:20 - INFO - __main__ - Per-Class IoU:
12/28/2025 04:12:20 - INFO - __main__ -   road           : 79.70%
12/28/2025 04:12:20 - INFO - __main__ -   sidewalk       : 25.46%
12/28/2025 04:12:20 - INFO - __main__ -   building       : 73.07%
12/28/2025 04:12:20 - INFO - __main__ -   wall           : 30.78%
12/28/2025 04:12:20 - INFO - __main__ -   fence          : 0.00%
12/28/2025 04:12:20 - INFO - __main__ -   pole           : 16.13%
12/28/2025 04:12:20 - INFO - __main__ -   traffic light  : 0.13%
12/28/2025 04:12:20 - INFO - __main__ -   traffic sign   : 44.01%
12/28/2025 04:12:20 - INFO - __main__ -   vegetation     : 82.91%
12/28/2025 04:12:20 - INFO - __main__ -   terrain        : 54.86%
12/28/2025 04:12:20 - INFO - __main__ -   sky            : 96.72%
12/28/2025 04:12:20 - INFO - __main__ -   person         : 0.00%
12/28/2025 04:12:20 - INFO - __main__ -   rider          : 0.00%
12/28/2025 04:12:20 - INFO - __main__ -   car            : 78.30%
12/28/2025 04:12:20 - INFO - __main__ -   truck          : 0.00%
12/28/2025 04:12:20 - INFO - __main__ -   bus            : 0.00%
12/28/2025 04:12:20 - INFO - __main__ -   train          : nan%
12/28/2025 04:12:20 - INFO - __main__ -   motorcycle     : 7.97%
12/28/2025 04:12:20 - INFO - __main__ -   bicycle        : 0.00%
12/28/2025 04:12:20 - INFO - __main__ - --- Processing snow ---
12/28/2025 04:24:16 - INFO - __main__ - Image 0 (GOPR0122_frame_000018_rgb_anon.png) mIoU: 36.61%
12/28/2025 04:34:31 - INFO - __main__ - Image 1 (GOPR0122_frame_000085_rgb_anon.png) mIoU: 38.07%
12/28/2025 04:44:44 - INFO - __main__ - Image 2 (GOPR0122_frame_000306_rgb_anon.png) mIoU: 31.68%
12/28/2025 04:54:58 - INFO - __main__ - Image 3 (GOPR0604_frame_000327_rgb_anon.png) mIoU: 40.98%
12/28/2025 05:05:08 - INFO - __main__ - Image 4 (GOPR0604_frame_000332_rgb_anon.png) mIoU: 44.26%
12/28/2025 05:15:21 - INFO - __main__ - Image 5 (GOPR0604_frame_000455_rgb_anon.png) mIoU: 39.68%
12/28/2025 05:25:35 - INFO - __main__ - Image 6 (GOPR0606_frame_000220_rgb_anon.png) mIoU: 48.98%
12/28/2025 05:35:49 - INFO - __main__ - Image 7 (GOPR0606_frame_000357_rgb_anon.png) mIoU: 39.13%
12/28/2025 05:46:02 - INFO - __main__ - Image 8 (GP010607_frame_000931_rgb_anon.png) mIoU: 29.39%
12/28/2025 05:54:34 - INFO - __main__ - Image 9 (GP030176_frame_000549_rgb_anon.png) mIoU: 31.11%
12/28/2025 05:54:34 - INFO - __main__ - === Results for snow ===
12/28/2025 05:54:34 - INFO - __main__ - Average Per-Image mIoU: 37.99% (For Debugging)
12/28/2025 05:54:34 - INFO - __main__ - Full Dataset mIoU:      33.27% (Official Cityscapes Metric)
12/28/2025 05:54:34 - INFO - __main__ - Per-Class IoU:
12/28/2025 05:54:34 - INFO - __main__ -   road           : 77.92%
12/28/2025 05:54:34 - INFO - __main__ -   sidewalk       : 27.51%
12/28/2025 05:54:34 - INFO - __main__ -   building       : 64.01%
12/28/2025 05:54:34 - INFO - __main__ -   wall           : 6.17%
12/28/2025 05:54:34 - INFO - __main__ -   fence          : 41.04%
12/28/2025 05:54:34 - INFO - __main__ -   pole           : 11.20%
12/28/2025 05:54:34 - INFO - __main__ -   traffic light  : 32.70%
12/28/2025 05:54:34 - INFO - __main__ -   traffic sign   : 17.34%
12/28/2025 05:54:34 - INFO - __main__ -   vegetation     : 78.15%
12/28/2025 05:54:34 - INFO - __main__ -   terrain        : 0.00%
12/28/2025 05:54:34 - INFO - __main__ -   sky            : 89.23%
12/28/2025 05:54:34 - INFO - __main__ -   person         : 0.00%
12/28/2025 05:54:34 - INFO - __main__ -   rider          : nan%
12/28/2025 05:54:34 - INFO - __main__ -   car            : 44.11%
12/28/2025 05:54:34 - INFO - __main__ -   truck          : 76.17%
12/28/2025 05:54:34 - INFO - __main__ -   bus            : 0.00%
12/28/2025 05:54:34 - INFO - __main__ -   train          : 0.00%
12/28/2025 05:54:34 - INFO - __main__ -   motorcycle     : nan%
12/28/2025 05:54:34 - INFO - __main__ -   bicycle        : 0.00%
