12/27/2025 21:13:08 - INFO - __main__ - Starting TTA Steering Experiment with args: Namespace(dataloader_batch_size=1, max_images=10, seed=42, num_inference_steps=50, start_timestep=49, guidance_scale=1, r='/datavolume/data/aysu/ACDC/rgb_anon', g='/datavolume/data/aysu/ACDC/gt_trainval/gt')
12/27/2025 21:13:08 - INFO - __main__ - Loading SD Models...
12/27/2025 21:13:15 - INFO - __main__ - Loading Segmentation model: PIDNET-L
12/27/2025 21:13:15 - INFO - __main__ - Batch size is (1024, 1024), patch stride is (512, 512)
12/27/2025 21:13:15 - INFO - __main__ - --- Processing fog ---
12/27/2025 21:13:43 - INFO - __main__ - Image 0 (GOPR0476_frame_000769_rgb_anon.png) mIoU: 54.58%
12/27/2025 21:14:09 - INFO - __main__ - Image 1 (GOPR0476_frame_000845_rgb_anon.png) mIoU: 44.25%
12/27/2025 21:14:34 - INFO - __main__ - Image 2 (GOPR0476_frame_000874_rgb_anon.png) mIoU: 54.85%
12/27/2025 21:15:01 - INFO - __main__ - Image 3 (GOPR0476_frame_001029_rgb_anon.png) mIoU: 52.56%
12/27/2025 21:15:24 - INFO - __main__ - Image 4 (GOPR0476_frame_001033_rgb_anon.png) mIoU: 52.00%
12/27/2025 21:15:48 - INFO - __main__ - Image 5 (GP010476_frame_000018_rgb_anon.png) mIoU: 53.96%
12/27/2025 21:16:11 - INFO - __main__ - Image 6 (GP010476_frame_000120_rgb_anon.png) mIoU: 50.35%
12/27/2025 21:16:35 - INFO - __main__ - Image 7 (GP010476_frame_000147_rgb_anon.png) mIoU: 36.50%
12/27/2025 21:16:58 - INFO - __main__ - Image 8 (GP020475_frame_000054_rgb_anon.png) mIoU: 37.99%
12/27/2025 21:17:18 - INFO - __main__ - Image 9 (GP020475_frame_000173_rgb_anon.png) mIoU: 36.67%
12/27/2025 21:17:18 - INFO - __main__ - === Results for fog ===
12/27/2025 21:17:18 - INFO - __main__ - Average Per-Image mIoU: 47.37% (For Debugging)
12/27/2025 21:17:18 - INFO - __main__ - Full Dataset mIoU:      42.73% (Official Cityscapes Metric)
12/27/2025 21:17:18 - INFO - __main__ - Per-Class IoU:
12/27/2025 21:17:18 - INFO - __main__ -   road           : 88.33%
12/27/2025 21:17:18 - INFO - __main__ -   sidewalk       : 55.79%
12/27/2025 21:17:18 - INFO - __main__ -   building       : 67.87%
12/27/2025 21:17:18 - INFO - __main__ -   wall           : 37.10%
12/27/2025 21:17:18 - INFO - __main__ -   fence          : 45.63%
12/27/2025 21:17:18 - INFO - __main__ -   pole           : 25.74%
12/27/2025 21:17:18 - INFO - __main__ -   traffic light  : 52.00%
12/27/2025 21:17:18 - INFO - __main__ -   traffic sign   : 41.52%
12/27/2025 21:17:18 - INFO - __main__ -   vegetation     : 81.54%
12/27/2025 21:17:18 - INFO - __main__ -   terrain        : 48.57%
12/27/2025 21:17:18 - INFO - __main__ -   sky            : 92.86%
12/27/2025 21:17:18 - INFO - __main__ -   person         : 19.11%
12/27/2025 21:17:18 - INFO - __main__ -   rider          : 0.00%
12/27/2025 21:17:18 - INFO - __main__ -   car            : 59.54%
12/27/2025 21:17:18 - INFO - __main__ -   truck          : 0.00%
12/27/2025 21:17:18 - INFO - __main__ -   bus            : 0.00%
12/27/2025 21:17:18 - INFO - __main__ -   train          : 53.46%
12/27/2025 21:17:18 - INFO - __main__ -   motorcycle     : nan%
12/27/2025 21:17:18 - INFO - __main__ -   bicycle        : 0.00%
12/27/2025 21:17:18 - INFO - __main__ - --- Processing night ---
12/27/2025 21:17:46 - INFO - __main__ - Image 0 (GOPR0351_frame_000039_rgb_anon.png) mIoU: 18.76%
12/27/2025 21:18:13 - INFO - __main__ - Image 1 (GOPR0351_frame_000061_rgb_anon.png) mIoU: 11.86%
12/27/2025 21:18:40 - INFO - __main__ - Image 2 (GOPR0351_frame_000079_rgb_anon.png) mIoU: 17.15%
12/27/2025 21:19:07 - INFO - __main__ - Image 3 (GOPR0351_frame_000724_rgb_anon.png) mIoU: 15.38%
12/27/2025 21:19:30 - INFO - __main__ - Image 4 (GOPR0356_frame_000327_rgb_anon.png) mIoU: 16.94%
12/27/2025 21:19:54 - INFO - __main__ - Image 5 (GOPR0356_frame_000348_rgb_anon.png) mIoU: 2.49%
12/27/2025 21:20:18 - INFO - __main__ - Image 6 (GOPR0356_frame_000372_rgb_anon.png) mIoU: 9.46%
12/27/2025 21:20:42 - INFO - __main__ - Image 7 (GOPR0356_frame_000382_rgb_anon.png) mIoU: 22.24%
12/27/2025 21:21:06 - INFO - __main__ - Image 8 (GOPR0356_frame_000404_rgb_anon.png) mIoU: 14.35%
12/27/2025 21:21:25 - INFO - __main__ - Image 9 (GOPR0356_frame_000473_rgb_anon.png) mIoU: 3.04%
12/27/2025 21:21:25 - INFO - __main__ - === Results for night ===
12/27/2025 21:21:25 - INFO - __main__ - Average Per-Image mIoU: 13.17% (For Debugging)
12/27/2025 21:21:25 - INFO - __main__ - Full Dataset mIoU:      12.94% (Official Cityscapes Metric)
12/27/2025 21:21:25 - INFO - __main__ - Per-Class IoU:
12/27/2025 21:21:25 - INFO - __main__ -   road           : 58.52%
12/27/2025 21:21:25 - INFO - __main__ -   sidewalk       : 11.66%
12/27/2025 21:21:25 - INFO - __main__ -   building       : 19.61%
12/27/2025 21:21:25 - INFO - __main__ -   wall           : 18.04%
12/27/2025 21:21:25 - INFO - __main__ -   fence          : 2.66%
12/27/2025 21:21:25 - INFO - __main__ -   pole           : 7.81%
12/27/2025 21:21:25 - INFO - __main__ -   traffic light  : 11.64%
12/27/2025 21:21:25 - INFO - __main__ -   traffic sign   : 3.17%
12/27/2025 21:21:25 - INFO - __main__ -   vegetation     : 47.34%
12/27/2025 21:21:25 - INFO - __main__ -   terrain        : 1.66%
12/27/2025 21:21:25 - INFO - __main__ -   sky            : 0.12%
12/27/2025 21:21:25 - INFO - __main__ -   person         : 0.00%
12/27/2025 21:21:25 - INFO - __main__ -   rider          : 0.00%
12/27/2025 21:21:25 - INFO - __main__ -   car            : 50.73%
12/27/2025 21:21:25 - INFO - __main__ -   truck          : 0.00%
12/27/2025 21:21:25 - INFO - __main__ -   bus            : 0.00%
12/27/2025 21:21:25 - INFO - __main__ -   train          : 0.00%
12/27/2025 21:21:25 - INFO - __main__ -   motorcycle     : nan%
12/27/2025 21:21:25 - INFO - __main__ -   bicycle        : 0.00%
12/27/2025 21:21:25 - INFO - __main__ - --- Processing rain ---
12/27/2025 21:21:54 - INFO - __main__ - Image 0 (GOPR0400_frame_000087_rgb_anon.png) mIoU: 36.09%
12/27/2025 21:22:20 - INFO - __main__ - Image 1 (GOPR0402_frame_000154_rgb_anon.png) mIoU: 47.75%
12/27/2025 21:22:46 - INFO - __main__ - Image 2 (GOPR0402_frame_000294_rgb_anon.png) mIoU: 33.85%
12/27/2025 21:23:12 - INFO - __main__ - Image 3 (GOPR0572_frame_000752_rgb_anon.png) mIoU: 35.85%
12/27/2025 21:23:36 - INFO - __main__ - Image 4 (GOPR0572_frame_000756_rgb_anon.png) mIoU: 26.24%
12/27/2025 21:24:00 - INFO - __main__ - Image 5 (GOPR0572_frame_000860_rgb_anon.png) mIoU: 33.18%
12/27/2025 21:24:23 - INFO - __main__ - Image 6 (GP020402_frame_000774_rgb_anon.png) mIoU: 39.83%
12/27/2025 21:24:47 - INFO - __main__ - Image 7 (GP020402_frame_000830_rgb_anon.png) mIoU: 30.41%
12/27/2025 21:25:11 - INFO - __main__ - Image 8 (GP020402_frame_000914_rgb_anon.png) mIoU: 37.51%
12/27/2025 21:25:31 - INFO - __main__ - Image 9 (GP030400_frame_000129_rgb_anon.png) mIoU: 48.31%
12/27/2025 21:25:31 - INFO - __main__ - === Results for rain ===
12/27/2025 21:25:31 - INFO - __main__ - Average Per-Image mIoU: 36.90% (For Debugging)
12/27/2025 21:25:31 - INFO - __main__ - Full Dataset mIoU:      30.98% (Official Cityscapes Metric)
12/27/2025 21:25:31 - INFO - __main__ - Per-Class IoU:
12/27/2025 21:25:31 - INFO - __main__ -   road           : 78.10%
12/27/2025 21:25:31 - INFO - __main__ -   sidewalk       : 12.39%
12/27/2025 21:25:31 - INFO - __main__ -   building       : 50.97%
12/27/2025 21:25:31 - INFO - __main__ -   wall           : 20.20%
12/27/2025 21:25:31 - INFO - __main__ -   fence          : 5.97%
12/27/2025 21:25:31 - INFO - __main__ -   pole           : 20.42%
12/27/2025 21:25:31 - INFO - __main__ -   traffic light  : 0.34%
12/27/2025 21:25:31 - INFO - __main__ -   traffic sign   : 54.39%
12/27/2025 21:25:31 - INFO - __main__ -   vegetation     : 82.98%
12/27/2025 21:25:31 - INFO - __main__ -   terrain        : 62.56%
12/27/2025 21:25:31 - INFO - __main__ -   sky            : 87.76%
12/27/2025 21:25:31 - INFO - __main__ -   person         : 2.96%
12/27/2025 21:25:31 - INFO - __main__ -   rider          : 0.00%
12/27/2025 21:25:31 - INFO - __main__ -   car            : 64.58%
12/27/2025 21:25:31 - INFO - __main__ -   truck          : 0.00%
12/27/2025 21:25:31 - INFO - __main__ -   bus            : 10.80%
12/27/2025 21:25:31 - INFO - __main__ -   train          : nan%
12/27/2025 21:25:31 - INFO - __main__ -   motorcycle     : 3.26%
12/27/2025 21:25:31 - INFO - __main__ -   bicycle        : 0.00%
12/27/2025 21:25:31 - INFO - __main__ - --- Processing snow ---
12/27/2025 21:25:58 - INFO - __main__ - Image 0 (GOPR0122_frame_000018_rgb_anon.png) mIoU: 43.92%
12/27/2025 21:26:25 - INFO - __main__ - Image 1 (GOPR0122_frame_000085_rgb_anon.png) mIoU: 46.78%
12/27/2025 21:26:51 - INFO - __main__ - Image 2 (GOPR0122_frame_000306_rgb_anon.png) mIoU: 28.36%
12/27/2025 21:27:17 - INFO - __main__ - Image 3 (GOPR0604_frame_000327_rgb_anon.png) mIoU: 32.50%
12/27/2025 21:27:41 - INFO - __main__ - Image 4 (GOPR0604_frame_000332_rgb_anon.png) mIoU: 40.10%
12/27/2025 21:28:04 - INFO - __main__ - Image 5 (GOPR0604_frame_000455_rgb_anon.png) mIoU: 35.91%
12/27/2025 21:28:28 - INFO - __main__ - Image 6 (GOPR0606_frame_000220_rgb_anon.png) mIoU: 46.40%
12/27/2025 21:28:52 - INFO - __main__ - Image 7 (GOPR0606_frame_000357_rgb_anon.png) mIoU: 29.49%
12/27/2025 21:29:16 - INFO - __main__ - Image 8 (GP010607_frame_000931_rgb_anon.png) mIoU: 19.97%
12/27/2025 21:29:36 - INFO - __main__ - Image 9 (GP030176_frame_000549_rgb_anon.png) mIoU: 31.44%
12/27/2025 21:29:36 - INFO - __main__ - === Results for snow ===
12/27/2025 21:29:36 - INFO - __main__ - Average Per-Image mIoU: 35.49% (For Debugging)
12/27/2025 21:29:36 - INFO - __main__ - Full Dataset mIoU:      33.63% (Official Cityscapes Metric)
12/27/2025 21:29:36 - INFO - __main__ - Per-Class IoU:
12/27/2025 21:29:36 - INFO - __main__ -   road           : 75.15%
12/27/2025 21:29:36 - INFO - __main__ -   sidewalk       : 15.90%
12/27/2025 21:29:36 - INFO - __main__ -   building       : 53.25%
12/27/2025 21:29:36 - INFO - __main__ -   wall           : 6.56%
12/27/2025 21:29:36 - INFO - __main__ -   fence          : 28.31%
12/27/2025 21:29:36 - INFO - __main__ -   pole           : 22.62%
12/27/2025 21:29:36 - INFO - __main__ -   traffic light  : 55.25%
12/27/2025 21:29:36 - INFO - __main__ -   traffic sign   : 28.29%
12/27/2025 21:29:36 - INFO - __main__ -   vegetation     : 78.70%
12/27/2025 21:29:36 - INFO - __main__ -   terrain        : 0.11%
12/27/2025 21:29:36 - INFO - __main__ -   sky            : 80.90%
12/27/2025 21:29:36 - INFO - __main__ -   person         : 2.08%
12/27/2025 21:29:36 - INFO - __main__ -   rider          : nan%
12/27/2025 21:29:36 - INFO - __main__ -   car            : 42.57%
12/27/2025 21:29:36 - INFO - __main__ -   truck          : 85.52%
12/27/2025 21:29:36 - INFO - __main__ -   bus            : 30.06%
12/27/2025 21:29:36 - INFO - __main__ -   train          : 0.00%
12/27/2025 21:29:36 - INFO - __main__ -   motorcycle     : 0.00%
12/27/2025 21:29:36 - INFO - __main__ -   bicycle        : 0.00%
