12/27/2025 21:10:54 - INFO - __main__ - Starting TTA Steering Experiment with args: Namespace(dataloader_batch_size=1, max_images=10, seed=42, num_inference_steps=50, start_timestep=49, guidance_scale=0.1, r='/datavolume/data/aysu/ACDC/rgb_anon', g='/datavolume/data/aysu/ACDC/gt_trainval/gt')
12/27/2025 21:10:54 - INFO - __main__ - Loading SD Models...
12/27/2025 21:11:03 - INFO - __main__ - Loading Segmentation model: PIDNET-L
12/27/2025 21:11:03 - INFO - __main__ - Batch size is (1024, 1024), patch stride is (512, 512)
12/27/2025 21:11:03 - INFO - __main__ - --- Processing fog ---
12/27/2025 21:12:02 - INFO - __main__ - Image 0 (GOPR0476_frame_000769_rgb_anon.png) mIoU: 52.66%
12/27/2025 21:12:55 - INFO - __main__ - Image 1 (GOPR0476_frame_000845_rgb_anon.png) mIoU: 39.95%
12/27/2025 21:13:48 - INFO - __main__ - Image 2 (GOPR0476_frame_000874_rgb_anon.png) mIoU: 45.39%
12/27/2025 21:14:41 - INFO - __main__ - Image 3 (GOPR0476_frame_001029_rgb_anon.png) mIoU: 46.31%
12/27/2025 21:15:30 - INFO - __main__ - Image 4 (GOPR0476_frame_001033_rgb_anon.png) mIoU: 50.54%
12/27/2025 21:16:21 - INFO - __main__ - Image 5 (GP010476_frame_000018_rgb_anon.png) mIoU: 43.67%
12/27/2025 21:17:11 - INFO - __main__ - Image 6 (GP010476_frame_000120_rgb_anon.png) mIoU: 45.95%
12/27/2025 21:18:01 - INFO - __main__ - Image 7 (GP010476_frame_000147_rgb_anon.png) mIoU: 35.30%
12/27/2025 21:18:51 - INFO - __main__ - Image 8 (GP020475_frame_000054_rgb_anon.png) mIoU: 31.56%
12/27/2025 21:19:33 - INFO - __main__ - Image 9 (GP020475_frame_000173_rgb_anon.png) mIoU: 34.22%
12/27/2025 21:19:33 - INFO - __main__ - === Results for fog ===
12/27/2025 21:19:33 - INFO - __main__ - Average Per-Image mIoU: 42.56% (For Debugging)
12/27/2025 21:19:33 - INFO - __main__ - Full Dataset mIoU:      38.90% (Official Cityscapes Metric)
12/27/2025 21:19:33 - INFO - __main__ - Per-Class IoU:
12/27/2025 21:19:33 - INFO - __main__ -   road           : 85.91%
12/27/2025 21:19:33 - INFO - __main__ -   sidewalk       : 51.21%
12/27/2025 21:19:33 - INFO - __main__ -   building       : 64.30%
12/27/2025 21:19:33 - INFO - __main__ -   wall           : 26.55%
12/27/2025 21:19:33 - INFO - __main__ -   fence          : 44.13%
12/27/2025 21:19:33 - INFO - __main__ -   pole           : 23.91%
12/27/2025 21:19:33 - INFO - __main__ -   traffic light  : 48.26%
12/27/2025 21:19:33 - INFO - __main__ -   traffic sign   : 41.16%
12/27/2025 21:19:33 - INFO - __main__ -   vegetation     : 80.78%
12/27/2025 21:19:33 - INFO - __main__ -   terrain        : 50.25%
12/27/2025 21:19:33 - INFO - __main__ -   sky            : 91.95%
12/27/2025 21:19:33 - INFO - __main__ -   person         : 15.22%
12/27/2025 21:19:33 - INFO - __main__ -   rider          : 0.00%
12/27/2025 21:19:33 - INFO - __main__ -   car            : 54.66%
12/27/2025 21:19:33 - INFO - __main__ -   truck          : 0.00%
12/27/2025 21:19:33 - INFO - __main__ -   bus            : 0.00%
12/27/2025 21:19:33 - INFO - __main__ -   train          : 60.77%
12/27/2025 21:19:33 - INFO - __main__ -   motorcycle     : 0.00%
12/27/2025 21:19:33 - INFO - __main__ -   bicycle        : 0.00%
12/27/2025 21:19:33 - INFO - __main__ - --- Processing night ---
12/27/2025 21:20:31 - INFO - __main__ - Image 0 (GOPR0351_frame_000039_rgb_anon.png) mIoU: 16.50%
12/27/2025 21:21:25 - INFO - __main__ - Image 1 (GOPR0351_frame_000061_rgb_anon.png) mIoU: 12.69%
12/27/2025 21:22:18 - INFO - __main__ - Image 2 (GOPR0351_frame_000079_rgb_anon.png) mIoU: 14.66%
12/27/2025 21:23:11 - INFO - __main__ - Image 3 (GOPR0351_frame_000724_rgb_anon.png) mIoU: 14.93%
12/27/2025 21:24:01 - INFO - __main__ - Image 4 (GOPR0356_frame_000327_rgb_anon.png) mIoU: 10.95%
12/27/2025 21:24:51 - INFO - __main__ - Image 5 (GOPR0356_frame_000348_rgb_anon.png) mIoU: 3.48%
12/27/2025 21:25:40 - INFO - __main__ - Image 6 (GOPR0356_frame_000372_rgb_anon.png) mIoU: 6.61%
12/27/2025 21:26:30 - INFO - __main__ - Image 7 (GOPR0356_frame_000382_rgb_anon.png) mIoU: 18.70%
12/27/2025 21:27:20 - INFO - __main__ - Image 8 (GOPR0356_frame_000404_rgb_anon.png) mIoU: 12.84%
12/27/2025 21:28:03 - INFO - __main__ - Image 9 (GOPR0356_frame_000473_rgb_anon.png) mIoU: 3.63%
12/27/2025 21:28:03 - INFO - __main__ - === Results for night ===
12/27/2025 21:28:03 - INFO - __main__ - Average Per-Image mIoU: 11.50% (For Debugging)
12/27/2025 21:28:03 - INFO - __main__ - Full Dataset mIoU:      11.40% (Official Cityscapes Metric)
12/27/2025 21:28:03 - INFO - __main__ - Per-Class IoU:
12/27/2025 21:28:03 - INFO - __main__ -   road           : 54.90%
12/27/2025 21:28:03 - INFO - __main__ -   sidewalk       : 3.00%
12/27/2025 21:28:03 - INFO - __main__ -   building       : 18.94%
12/27/2025 21:28:03 - INFO - __main__ -   wall           : 16.29%
12/27/2025 21:28:03 - INFO - __main__ -   fence          : 3.94%
12/27/2025 21:28:03 - INFO - __main__ -   pole           : 4.87%
12/27/2025 21:28:03 - INFO - __main__ -   traffic light  : 13.00%
12/27/2025 21:28:03 - INFO - __main__ -   traffic sign   : 4.00%
12/27/2025 21:28:03 - INFO - __main__ -   vegetation     : 47.97%
12/27/2025 21:28:03 - INFO - __main__ -   terrain        : 0.31%
12/27/2025 21:28:03 - INFO - __main__ -   sky            : 0.12%
12/27/2025 21:28:03 - INFO - __main__ -   person         : 0.00%
12/27/2025 21:28:03 - INFO - __main__ -   rider          : 0.00%
12/27/2025 21:28:03 - INFO - __main__ -   car            : 37.79%
12/27/2025 21:28:03 - INFO - __main__ -   truck          : 0.00%
12/27/2025 21:28:03 - INFO - __main__ -   bus            : 0.00%
12/27/2025 21:28:03 - INFO - __main__ -   train          : 0.00%
12/27/2025 21:28:03 - INFO - __main__ -   motorcycle     : nan%
12/27/2025 21:28:03 - INFO - __main__ -   bicycle        : 0.00%
12/27/2025 21:28:03 - INFO - __main__ - --- Processing rain ---
12/27/2025 21:29:01 - INFO - __main__ - Image 0 (GOPR0400_frame_000087_rgb_anon.png) mIoU: 33.40%
12/27/2025 21:29:54 - INFO - __main__ - Image 1 (GOPR0402_frame_000154_rgb_anon.png) mIoU: 47.80%
12/27/2025 21:30:46 - INFO - __main__ - Image 2 (GOPR0402_frame_000294_rgb_anon.png) mIoU: 32.89%
12/27/2025 21:31:39 - INFO - __main__ - Image 3 (GOPR0572_frame_000752_rgb_anon.png) mIoU: 34.97%
12/27/2025 21:32:29 - INFO - __main__ - Image 4 (GOPR0572_frame_000756_rgb_anon.png) mIoU: 23.24%
12/27/2025 21:33:19 - INFO - __main__ - Image 5 (GOPR0572_frame_000860_rgb_anon.png) mIoU: 31.42%
12/27/2025 21:34:09 - INFO - __main__ - Image 6 (GP020402_frame_000774_rgb_anon.png) mIoU: 36.32%
12/27/2025 21:34:59 - INFO - __main__ - Image 7 (GP020402_frame_000830_rgb_anon.png) mIoU: 28.39%
12/27/2025 21:35:49 - INFO - __main__ - Image 8 (GP020402_frame_000914_rgb_anon.png) mIoU: 34.04%
12/27/2025 21:36:31 - INFO - __main__ - Image 9 (GP030400_frame_000129_rgb_anon.png) mIoU: 48.18%
12/27/2025 21:36:31 - INFO - __main__ - === Results for rain ===
12/27/2025 21:36:31 - INFO - __main__ - Average Per-Image mIoU: 35.07% (For Debugging)
12/27/2025 21:36:31 - INFO - __main__ - Full Dataset mIoU:      29.74% (Official Cityscapes Metric)
12/27/2025 21:36:31 - INFO - __main__ - Per-Class IoU:
12/27/2025 21:36:31 - INFO - __main__ -   road           : 76.92%
12/27/2025 21:36:31 - INFO - __main__ -   sidewalk       : 11.57%
12/27/2025 21:36:31 - INFO - __main__ -   building       : 43.69%
12/27/2025 21:36:31 - INFO - __main__ -   wall           : 15.68%
12/27/2025 21:36:31 - INFO - __main__ -   fence          : 4.42%
12/27/2025 21:36:31 - INFO - __main__ -   pole           : 19.05%
12/27/2025 21:36:31 - INFO - __main__ -   traffic light  : 0.33%
12/27/2025 21:36:31 - INFO - __main__ -   traffic sign   : 53.34%
12/27/2025 21:36:31 - INFO - __main__ -   vegetation     : 82.21%
12/27/2025 21:36:31 - INFO - __main__ -   terrain        : 60.17%
12/27/2025 21:36:31 - INFO - __main__ -   sky            : 83.20%
12/27/2025 21:36:31 - INFO - __main__ -   person         : 1.77%
12/27/2025 21:36:31 - INFO - __main__ -   rider          : 0.00%
12/27/2025 21:36:31 - INFO - __main__ -   car            : 63.68%
12/27/2025 21:36:31 - INFO - __main__ -   truck          : 0.00%
12/27/2025 21:36:31 - INFO - __main__ -   bus            : 16.05%
12/27/2025 21:36:31 - INFO - __main__ -   train          : nan%
12/27/2025 21:36:31 - INFO - __main__ -   motorcycle     : 3.18%
12/27/2025 21:36:31 - INFO - __main__ -   bicycle        : 0.00%
12/27/2025 21:36:31 - INFO - __main__ - --- Processing snow ---
12/27/2025 21:37:29 - INFO - __main__ - Image 0 (GOPR0122_frame_000018_rgb_anon.png) mIoU: 39.69%
12/27/2025 21:38:22 - INFO - __main__ - Image 1 (GOPR0122_frame_000085_rgb_anon.png) mIoU: 46.75%
12/27/2025 21:39:14 - INFO - __main__ - Image 2 (GOPR0122_frame_000306_rgb_anon.png) mIoU: 28.56%
12/27/2025 21:40:05 - INFO - __main__ - Image 3 (GOPR0604_frame_000327_rgb_anon.png) mIoU: 30.65%
12/27/2025 21:40:55 - INFO - __main__ - Image 4 (GOPR0604_frame_000332_rgb_anon.png) mIoU: 36.43%
12/27/2025 21:41:46 - INFO - __main__ - Image 5 (GOPR0604_frame_000455_rgb_anon.png) mIoU: 34.06%
12/27/2025 21:42:36 - INFO - __main__ - Image 6 (GOPR0606_frame_000220_rgb_anon.png) mIoU: 37.83%
12/27/2025 21:43:26 - INFO - __main__ - Image 7 (GOPR0606_frame_000357_rgb_anon.png) mIoU: 26.54%
12/27/2025 21:44:16 - INFO - __main__ - Image 8 (GP010607_frame_000931_rgb_anon.png) mIoU: 15.93%
12/27/2025 21:44:57 - INFO - __main__ - Image 9 (GP030176_frame_000549_rgb_anon.png) mIoU: 33.01%
12/27/2025 21:44:57 - INFO - __main__ - === Results for snow ===
12/27/2025 21:44:57 - INFO - __main__ - Average Per-Image mIoU: 32.95% (For Debugging)
12/27/2025 21:44:57 - INFO - __main__ - Full Dataset mIoU:      30.23% (Official Cityscapes Metric)
12/27/2025 21:44:57 - INFO - __main__ - Per-Class IoU:
12/27/2025 21:44:57 - INFO - __main__ -   road           : 74.04%
12/27/2025 21:44:57 - INFO - __main__ -   sidewalk       : 13.49%
12/27/2025 21:44:57 - INFO - __main__ -   building       : 48.03%
12/27/2025 21:44:57 - INFO - __main__ -   wall           : 5.57%
12/27/2025 21:44:57 - INFO - __main__ -   fence          : 26.22%
12/27/2025 21:44:57 - INFO - __main__ -   pole           : 21.76%
12/27/2025 21:44:57 - INFO - __main__ -   traffic light  : 52.20%
12/27/2025 21:44:57 - INFO - __main__ -   traffic sign   : 28.74%
12/27/2025 21:44:57 - INFO - __main__ -   vegetation     : 77.38%
12/27/2025 21:44:57 - INFO - __main__ -   terrain        : 0.17%
12/27/2025 21:44:57 - INFO - __main__ -   sky            : 76.61%
12/27/2025 21:44:57 - INFO - __main__ -   person         : 1.56%
12/27/2025 21:44:57 - INFO - __main__ -   rider          : nan%
12/27/2025 21:44:57 - INFO - __main__ -   car            : 38.04%
12/27/2025 21:44:57 - INFO - __main__ -   truck          : 69.17%
12/27/2025 21:44:57 - INFO - __main__ -   bus            : 11.14%
12/27/2025 21:44:57 - INFO - __main__ -   train          : 0.00%
12/27/2025 21:44:57 - INFO - __main__ -   motorcycle     : 0.00%
12/27/2025 21:44:57 - INFO - __main__ -   bicycle        : 0.00%
