12/28/2025 15:23:10 - INFO - __main__ - Starting TTA Steering Experiment with args: Namespace(dataloader_batch_size=1, max_images=10, seed=42, num_inference_steps=50, start_timestep=49, guidance_scale=50, r='/datavolume/data/aysu/ACDC/rgb_anon', g='/datavolume/data/aysu/ACDC/gt_trainval/gt')
12/28/2025 15:23:10 - INFO - __main__ - Loading SD Models...
12/28/2025 15:23:19 - INFO - __main__ - Loading Segmentation model: PIDNET-L
12/28/2025 15:23:19 - INFO - __main__ - Batch size is (1024, 1024), patch stride is (512, 512)
12/28/2025 15:23:19 - INFO - __main__ - --- Processing fog ---
12/28/2025 15:24:18 - INFO - __main__ - Image 0 (GOPR0476_frame_000769_rgb_anon.png) mIoU: 57.44%
12/28/2025 15:25:10 - INFO - __main__ - Image 1 (GOPR0476_frame_000845_rgb_anon.png) mIoU: 43.77%
12/28/2025 15:26:02 - INFO - __main__ - Image 2 (GOPR0476_frame_000874_rgb_anon.png) mIoU: 48.52%
12/28/2025 15:26:54 - INFO - __main__ - Image 3 (GOPR0476_frame_001029_rgb_anon.png) mIoU: 38.76%
12/28/2025 15:27:44 - INFO - __main__ - Image 4 (GOPR0476_frame_001033_rgb_anon.png) mIoU: 55.20%
12/28/2025 15:28:33 - INFO - __main__ - Image 5 (GP010476_frame_000018_rgb_anon.png) mIoU: 57.97%
12/28/2025 15:29:23 - INFO - __main__ - Image 6 (GP010476_frame_000120_rgb_anon.png) mIoU: 47.24%
12/28/2025 15:30:12 - INFO - __main__ - Image 7 (GP010476_frame_000147_rgb_anon.png) mIoU: 42.38%
12/28/2025 15:31:02 - INFO - __main__ - Image 8 (GP020475_frame_000054_rgb_anon.png) mIoU: 42.22%
12/28/2025 15:31:44 - INFO - __main__ - Image 9 (GP020475_frame_000173_rgb_anon.png) mIoU: 44.69%
12/28/2025 15:31:44 - INFO - __main__ - === Results for fog ===
12/28/2025 15:31:44 - INFO - __main__ - Average Per-Image mIoU: 47.82% (For Debugging)
12/28/2025 15:31:44 - INFO - __main__ - Full Dataset mIoU:      47.04% (Official Cityscapes Metric)
12/28/2025 15:31:44 - INFO - __main__ - Per-Class IoU:
12/28/2025 15:31:44 - INFO - __main__ -   road           : 91.65%
12/28/2025 15:31:44 - INFO - __main__ -   sidewalk       : 55.05%
12/28/2025 15:31:44 - INFO - __main__ -   building       : 70.89%
12/28/2025 15:31:44 - INFO - __main__ -   wall           : 43.39%
12/28/2025 15:31:44 - INFO - __main__ -   fence          : 48.92%
12/28/2025 15:31:44 - INFO - __main__ -   pole           : 30.22%
12/28/2025 15:31:44 - INFO - __main__ -   traffic light  : 60.80%
12/28/2025 15:31:44 - INFO - __main__ -   traffic sign   : 44.89%
12/28/2025 15:31:44 - INFO - __main__ -   vegetation     : 82.46%
12/28/2025 15:31:44 - INFO - __main__ -   terrain        : 49.72%
12/28/2025 15:31:44 - INFO - __main__ -   sky            : 94.90%
12/28/2025 15:31:44 - INFO - __main__ -   person         : 24.45%
12/28/2025 15:31:44 - INFO - __main__ -   rider          : 0.00%
12/28/2025 15:31:44 - INFO - __main__ -   car            : 62.46%
12/28/2025 15:31:44 - INFO - __main__ -   truck          : 0.00%
12/28/2025 15:31:44 - INFO - __main__ -   bus            : nan%
12/28/2025 15:31:44 - INFO - __main__ -   train          : 39.96%
12/28/2025 15:31:44 - INFO - __main__ -   motorcycle     : nan%
12/28/2025 15:31:44 - INFO - __main__ -   bicycle        : 0.00%
12/28/2025 15:31:44 - INFO - __main__ - --- Processing night ---
12/28/2025 15:32:42 - INFO - __main__ - Image 0 (GOPR0351_frame_000039_rgb_anon.png) mIoU: 8.27%
12/28/2025 15:33:34 - INFO - __main__ - Image 1 (GOPR0351_frame_000061_rgb_anon.png) mIoU: 9.22%
12/28/2025 15:34:27 - INFO - __main__ - Image 2 (GOPR0351_frame_000079_rgb_anon.png) mIoU: 17.74%
12/28/2025 15:35:18 - INFO - __main__ - Image 3 (GOPR0351_frame_000724_rgb_anon.png) mIoU: 7.96%
12/28/2025 15:36:08 - INFO - __main__ - Image 4 (GOPR0356_frame_000327_rgb_anon.png) mIoU: 17.60%
12/28/2025 15:36:57 - INFO - __main__ - Image 5 (GOPR0356_frame_000348_rgb_anon.png) mIoU: 2.85%
12/28/2025 15:37:47 - INFO - __main__ - Image 6 (GOPR0356_frame_000372_rgb_anon.png) mIoU: 9.38%
12/28/2025 15:38:37 - INFO - __main__ - Image 7 (GOPR0356_frame_000382_rgb_anon.png) mIoU: 16.75%
12/28/2025 15:39:26 - INFO - __main__ - Image 8 (GOPR0356_frame_000404_rgb_anon.png) mIoU: 8.12%
12/28/2025 15:40:08 - INFO - __main__ - Image 9 (GOPR0356_frame_000473_rgb_anon.png) mIoU: 4.44%
12/28/2025 15:40:08 - INFO - __main__ - === Results for night ===
12/28/2025 15:40:08 - INFO - __main__ - Average Per-Image mIoU: 10.23% (For Debugging)
12/28/2025 15:40:08 - INFO - __main__ - Full Dataset mIoU:      10.23% (Official Cityscapes Metric)
12/28/2025 15:40:08 - INFO - __main__ - Per-Class IoU:
12/28/2025 15:40:08 - INFO - __main__ -   road           : 59.63%
12/28/2025 15:40:08 - INFO - __main__ -   sidewalk       : 7.95%
12/28/2025 15:40:08 - INFO - __main__ -   building       : 17.25%
12/28/2025 15:40:08 - INFO - __main__ -   wall           : 4.74%
12/28/2025 15:40:08 - INFO - __main__ -   fence          : 0.01%
12/28/2025 15:40:08 - INFO - __main__ -   pole           : 9.50%
12/28/2025 15:40:08 - INFO - __main__ -   traffic light  : 0.32%
12/28/2025 15:40:08 - INFO - __main__ -   traffic sign   : 1.15%
12/28/2025 15:40:08 - INFO - __main__ -   vegetation     : 37.68%
12/28/2025 15:40:08 - INFO - __main__ -   terrain        : 2.90%
12/28/2025 15:40:08 - INFO - __main__ -   sky            : 0.00%
12/28/2025 15:40:08 - INFO - __main__ -   person         : 0.26%
12/28/2025 15:40:08 - INFO - __main__ -   rider          : 0.00%
12/28/2025 15:40:08 - INFO - __main__ -   car            : 42.72%
12/28/2025 15:40:08 - INFO - __main__ -   truck          : 0.00%
12/28/2025 15:40:08 - INFO - __main__ -   bus            : 0.00%
12/28/2025 15:40:08 - INFO - __main__ -   train          : 0.00%
12/28/2025 15:40:08 - INFO - __main__ -   motorcycle     : nan%
12/28/2025 15:40:08 - INFO - __main__ -   bicycle        : 0.00%
12/28/2025 15:40:08 - INFO - __main__ - --- Processing rain ---
12/28/2025 15:41:06 - INFO - __main__ - Image 0 (GOPR0400_frame_000087_rgb_anon.png) mIoU: 37.86%
12/28/2025 15:41:58 - INFO - __main__ - Image 1 (GOPR0402_frame_000154_rgb_anon.png) mIoU: 43.89%
12/28/2025 15:42:50 - INFO - __main__ - Image 2 (GOPR0402_frame_000294_rgb_anon.png) mIoU: 41.46%
12/28/2025 15:43:43 - INFO - __main__ - Image 3 (GOPR0572_frame_000752_rgb_anon.png) mIoU: 37.92%
12/28/2025 15:44:32 - INFO - __main__ - Image 4 (GOPR0572_frame_000756_rgb_anon.png) mIoU: 28.93%
12/28/2025 15:45:22 - INFO - __main__ - Image 5 (GOPR0572_frame_000860_rgb_anon.png) mIoU: 46.59%
12/28/2025 15:46:12 - INFO - __main__ - Image 6 (GP020402_frame_000774_rgb_anon.png) mIoU: 42.81%
12/28/2025 15:47:01 - INFO - __main__ - Image 7 (GP020402_frame_000830_rgb_anon.png) mIoU: 40.81%
12/28/2025 15:47:51 - INFO - __main__ - Image 8 (GP020402_frame_000914_rgb_anon.png) mIoU: 31.97%
12/28/2025 15:48:33 - INFO - __main__ - Image 9 (GP030400_frame_000129_rgb_anon.png) mIoU: 46.21%
12/28/2025 15:48:33 - INFO - __main__ - === Results for rain ===
12/28/2025 15:48:33 - INFO - __main__ - Average Per-Image mIoU: 39.84% (For Debugging)
12/28/2025 15:48:33 - INFO - __main__ - Full Dataset mIoU:      32.22% (Official Cityscapes Metric)
12/28/2025 15:48:33 - INFO - __main__ - Per-Class IoU:
12/28/2025 15:48:33 - INFO - __main__ -   road           : 78.78%
12/28/2025 15:48:33 - INFO - __main__ -   sidewalk       : 11.29%
12/28/2025 15:48:33 - INFO - __main__ -   building       : 62.75%
12/28/2025 15:48:33 - INFO - __main__ -   wall           : 13.30%
12/28/2025 15:48:33 - INFO - __main__ -   fence          : 6.64%
12/28/2025 15:48:33 - INFO - __main__ -   pole           : 24.52%
12/28/2025 15:48:33 - INFO - __main__ -   traffic light  : 3.56%
12/28/2025 15:48:33 - INFO - __main__ -   traffic sign   : 53.03%
12/28/2025 15:48:33 - INFO - __main__ -   vegetation     : 84.33%
12/28/2025 15:48:33 - INFO - __main__ -   terrain        : 55.54%
12/28/2025 15:48:33 - INFO - __main__ -   sky            : 92.19%
12/28/2025 15:48:33 - INFO - __main__ -   person         : 3.02%
12/28/2025 15:48:33 - INFO - __main__ -   rider          : 0.00%
12/28/2025 15:48:33 - INFO - __main__ -   car            : 84.70%
12/28/2025 15:48:33 - INFO - __main__ -   truck          : 0.00%
12/28/2025 15:48:33 - INFO - __main__ -   bus            : 0.00%
12/28/2025 15:48:33 - INFO - __main__ -   train          : nan%
12/28/2025 15:48:33 - INFO - __main__ -   motorcycle     : 6.36%
12/28/2025 15:48:33 - INFO - __main__ -   bicycle        : 0.00%
12/28/2025 15:48:33 - INFO - __main__ - --- Processing snow ---
12/28/2025 15:49:31 - INFO - __main__ - Image 0 (GOPR0122_frame_000018_rgb_anon.png) mIoU: 46.70%
12/28/2025 15:50:23 - INFO - __main__ - Image 1 (GOPR0122_frame_000085_rgb_anon.png) mIoU: 47.03%
12/28/2025 15:51:15 - INFO - __main__ - Image 2 (GOPR0122_frame_000306_rgb_anon.png) mIoU: 28.78%
12/28/2025 15:52:07 - INFO - __main__ - Image 3 (GOPR0604_frame_000327_rgb_anon.png) mIoU: 34.67%
12/28/2025 15:52:57 - INFO - __main__ - Image 4 (GOPR0604_frame_000332_rgb_anon.png) mIoU: 43.61%
12/28/2025 15:53:47 - INFO - __main__ - Image 5 (GOPR0604_frame_000455_rgb_anon.png) mIoU: 48.38%
12/28/2025 15:54:36 - INFO - __main__ - Image 6 (GOPR0606_frame_000220_rgb_anon.png) mIoU: 46.17%
12/28/2025 15:55:26 - INFO - __main__ - Image 7 (GOPR0606_frame_000357_rgb_anon.png) mIoU: 34.50%
12/28/2025 15:56:16 - INFO - __main__ - Image 8 (GP010607_frame_000931_rgb_anon.png) mIoU: 19.36%
12/28/2025 15:56:57 - INFO - __main__ - Image 9 (GP030176_frame_000549_rgb_anon.png) mIoU: 38.44%
12/28/2025 15:56:57 - INFO - __main__ - === Results for snow ===
12/28/2025 15:56:57 - INFO - __main__ - Average Per-Image mIoU: 38.76% (For Debugging)
12/28/2025 15:56:57 - INFO - __main__ - Full Dataset mIoU:      36.25% (Official Cityscapes Metric)
12/28/2025 15:56:57 - INFO - __main__ - Per-Class IoU:
12/28/2025 15:56:57 - INFO - __main__ -   road           : 76.32%
12/28/2025 15:56:57 - INFO - __main__ -   sidewalk       : 15.09%
12/28/2025 15:56:57 - INFO - __main__ -   building       : 56.38%
12/28/2025 15:56:57 - INFO - __main__ -   wall           : 3.34%
12/28/2025 15:56:57 - INFO - __main__ -   fence          : 33.91%
12/28/2025 15:56:57 - INFO - __main__ -   pole           : 26.15%
12/28/2025 15:56:57 - INFO - __main__ -   traffic light  : 55.42%
12/28/2025 15:56:57 - INFO - __main__ -   traffic sign   : 22.29%
12/28/2025 15:56:57 - INFO - __main__ -   vegetation     : 79.46%
12/28/2025 15:56:57 - INFO - __main__ -   terrain        : 0.00%
12/28/2025 15:56:57 - INFO - __main__ -   sky            : 85.08%
12/28/2025 15:56:57 - INFO - __main__ -   person         : 2.84%
12/28/2025 15:56:57 - INFO - __main__ -   rider          : nan%
12/28/2025 15:56:57 - INFO - __main__ -   car            : 43.86%
12/28/2025 15:56:57 - INFO - __main__ -   truck          : 91.36%
12/28/2025 15:56:57 - INFO - __main__ -   bus            : 61.06%
12/28/2025 15:56:57 - INFO - __main__ -   train          : 0.00%
12/28/2025 15:56:57 - INFO - __main__ -   motorcycle     : 0.00%
12/28/2025 15:56:57 - INFO - __main__ -   bicycle        : 0.00%
