12/28/2025 14:40:34 - INFO - __main__ - Starting TTA Steering Experiment with args: Namespace(dataloader_batch_size=1, max_images=10, seed=42, num_inference_steps=50, start_timestep=49, guidance_scale=100, r='/datavolume/data/aysu/ACDC/rgb_anon', g='/datavolume/data/aysu/ACDC/gt_trainval/gt')
12/28/2025 14:40:34 - INFO - __main__ - Loading SD Models...
12/28/2025 14:40:43 - INFO - __main__ - Loading Segmentation model: PIDNET-L
12/28/2025 14:40:44 - INFO - __main__ - Batch size is (1024, 1024), patch stride is (512, 512)
12/28/2025 14:40:44 - INFO - __main__ - --- Processing fog ---
12/28/2025 14:41:42 - INFO - __main__ - Image 0 (GOPR0476_frame_000769_rgb_anon.png) mIoU: 56.90%
12/28/2025 14:42:35 - INFO - __main__ - Image 1 (GOPR0476_frame_000845_rgb_anon.png) mIoU: 29.43%
12/28/2025 14:43:28 - INFO - __main__ - Image 2 (GOPR0476_frame_000874_rgb_anon.png) mIoU: 36.91%
12/28/2025 14:44:19 - INFO - __main__ - Image 3 (GOPR0476_frame_001029_rgb_anon.png) mIoU: 41.36%
12/28/2025 14:45:09 - INFO - __main__ - Image 4 (GOPR0476_frame_001033_rgb_anon.png) mIoU: 43.96%
12/28/2025 14:45:59 - INFO - __main__ - Image 5 (GP010476_frame_000018_rgb_anon.png) mIoU: 48.51%
12/28/2025 14:46:48 - INFO - __main__ - Image 6 (GP010476_frame_000120_rgb_anon.png) mIoU: 47.85%
12/28/2025 14:47:38 - INFO - __main__ - Image 7 (GP010476_frame_000147_rgb_anon.png) mIoU: 44.12%
12/28/2025 14:48:28 - INFO - __main__ - Image 8 (GP020475_frame_000054_rgb_anon.png) mIoU: 34.83%
12/28/2025 14:49:09 - INFO - __main__ - Image 9 (GP020475_frame_000173_rgb_anon.png) mIoU: 37.62%
12/28/2025 14:49:09 - INFO - __main__ - === Results for fog ===
12/28/2025 14:49:09 - INFO - __main__ - Average Per-Image mIoU: 42.15% (For Debugging)
12/28/2025 14:49:09 - INFO - __main__ - Full Dataset mIoU:      42.88% (Official Cityscapes Metric)
12/28/2025 14:49:09 - INFO - __main__ - Per-Class IoU:
12/28/2025 14:49:09 - INFO - __main__ -   road           : 88.11%
12/28/2025 14:49:09 - INFO - __main__ -   sidewalk       : 34.35%
12/28/2025 14:49:09 - INFO - __main__ -   building       : 55.79%
12/28/2025 14:49:09 - INFO - __main__ -   wall           : 15.83%
12/28/2025 14:49:09 - INFO - __main__ -   fence          : 49.81%
12/28/2025 14:49:09 - INFO - __main__ -   pole           : 20.85%
12/28/2025 14:49:09 - INFO - __main__ -   traffic light  : 47.75%
12/28/2025 14:49:09 - INFO - __main__ -   traffic sign   : 43.55%
12/28/2025 14:49:09 - INFO - __main__ -   vegetation     : 80.92%
12/28/2025 14:49:09 - INFO - __main__ -   terrain        : 47.25%
12/28/2025 14:49:09 - INFO - __main__ -   sky            : 91.23%
12/28/2025 14:49:09 - INFO - __main__ -   person         : 12.32%
12/28/2025 14:49:09 - INFO - __main__ -   rider          : 0.00%
12/28/2025 14:49:09 - INFO - __main__ -   car            : 58.42%
12/28/2025 14:49:09 - INFO - __main__ -   truck          : nan%
12/28/2025 14:49:09 - INFO - __main__ -   bus            : nan%
12/28/2025 14:49:09 - INFO - __main__ -   train          : 39.96%
12/28/2025 14:49:09 - INFO - __main__ -   motorcycle     : nan%
12/28/2025 14:49:09 - INFO - __main__ -   bicycle        : 0.00%
12/28/2025 14:49:09 - INFO - __main__ - --- Processing night ---
12/28/2025 14:50:07 - INFO - __main__ - Image 0 (GOPR0351_frame_000039_rgb_anon.png) mIoU: 6.20%
12/28/2025 14:51:00 - INFO - __main__ - Image 1 (GOPR0351_frame_000061_rgb_anon.png) mIoU: 5.63%
12/28/2025 14:51:53 - INFO - __main__ - Image 2 (GOPR0351_frame_000079_rgb_anon.png) mIoU: 13.71%
12/28/2025 14:52:45 - INFO - __main__ - Image 3 (GOPR0351_frame_000724_rgb_anon.png) mIoU: 5.85%
12/28/2025 14:53:35 - INFO - __main__ - Image 4 (GOPR0356_frame_000327_rgb_anon.png) mIoU: 6.80%
12/28/2025 14:54:24 - INFO - __main__ - Image 5 (GOPR0356_frame_000348_rgb_anon.png) mIoU: 2.11%
12/28/2025 14:55:14 - INFO - __main__ - Image 6 (GOPR0356_frame_000372_rgb_anon.png) mIoU: 7.00%
12/28/2025 14:56:03 - INFO - __main__ - Image 7 (GOPR0356_frame_000382_rgb_anon.png) mIoU: 4.51%
12/28/2025 14:56:53 - INFO - __main__ - Image 8 (GOPR0356_frame_000404_rgb_anon.png) mIoU: 5.19%
12/28/2025 14:57:34 - INFO - __main__ - Image 9 (GOPR0356_frame_000473_rgb_anon.png) mIoU: 5.04%
12/28/2025 14:57:34 - INFO - __main__ - === Results for night ===
12/28/2025 14:57:34 - INFO - __main__ - Average Per-Image mIoU: 6.20% (For Debugging)
12/28/2025 14:57:34 - INFO - __main__ - Full Dataset mIoU:      4.64% (Official Cityscapes Metric)
12/28/2025 14:57:34 - INFO - __main__ - Per-Class IoU:
12/28/2025 14:57:34 - INFO - __main__ -   road           : 44.89%
12/28/2025 14:57:34 - INFO - __main__ -   sidewalk       : 0.00%
12/28/2025 14:57:34 - INFO - __main__ -   building       : 2.29%
12/28/2025 14:57:34 - INFO - __main__ -   wall           : 0.30%
12/28/2025 14:57:34 - INFO - __main__ -   fence          : 0.00%
12/28/2025 14:57:34 - INFO - __main__ -   pole           : 2.60%
12/28/2025 14:57:34 - INFO - __main__ -   traffic light  : 0.00%
12/28/2025 14:57:34 - INFO - __main__ -   traffic sign   : 0.76%
12/28/2025 14:57:34 - INFO - __main__ -   vegetation     : 27.78%
12/28/2025 14:57:34 - INFO - __main__ -   terrain        : 0.34%
12/28/2025 14:57:34 - INFO - __main__ -   sky            : 0.00%
12/28/2025 14:57:34 - INFO - __main__ -   person         : 0.00%
12/28/2025 14:57:34 - INFO - __main__ -   rider          : 0.00%
12/28/2025 14:57:34 - INFO - __main__ -   car            : 0.00%
12/28/2025 14:57:34 - INFO - __main__ -   truck          : 0.00%
12/28/2025 14:57:34 - INFO - __main__ -   bus            : nan%
12/28/2025 14:57:34 - INFO - __main__ -   train          : 0.00%
12/28/2025 14:57:34 - INFO - __main__ -   motorcycle     : nan%
12/28/2025 14:57:34 - INFO - __main__ -   bicycle        : 0.00%
12/28/2025 14:57:34 - INFO - __main__ - --- Processing rain ---
12/28/2025 14:58:33 - INFO - __main__ - Image 0 (GOPR0400_frame_000087_rgb_anon.png) mIoU: 33.56%
12/28/2025 14:59:25 - INFO - __main__ - Image 1 (GOPR0402_frame_000154_rgb_anon.png) mIoU: 44.80%
12/28/2025 15:00:17 - INFO - __main__ - Image 2 (GOPR0402_frame_000294_rgb_anon.png) mIoU: 37.58%
12/28/2025 15:01:09 - INFO - __main__ - Image 3 (GOPR0572_frame_000752_rgb_anon.png) mIoU: 35.18%
12/28/2025 15:01:59 - INFO - __main__ - Image 4 (GOPR0572_frame_000756_rgb_anon.png) mIoU: 15.95%
12/28/2025 15:02:48 - INFO - __main__ - Image 5 (GOPR0572_frame_000860_rgb_anon.png) mIoU: 28.88%
12/28/2025 15:03:38 - INFO - __main__ - Image 6 (GP020402_frame_000774_rgb_anon.png) mIoU: 35.82%
12/28/2025 15:04:27 - INFO - __main__ - Image 7 (GP020402_frame_000830_rgb_anon.png) mIoU: 35.47%
12/28/2025 15:05:17 - INFO - __main__ - Image 8 (GP020402_frame_000914_rgb_anon.png) mIoU: 32.99%
12/28/2025 15:05:59 - INFO - __main__ - Image 9 (GP030400_frame_000129_rgb_anon.png) mIoU: 41.76%
12/28/2025 15:05:59 - INFO - __main__ - === Results for rain ===
12/28/2025 15:05:59 - INFO - __main__ - Average Per-Image mIoU: 34.20% (For Debugging)
12/28/2025 15:05:59 - INFO - __main__ - Full Dataset mIoU:      29.74% (Official Cityscapes Metric)
12/28/2025 15:05:59 - INFO - __main__ - Per-Class IoU:
12/28/2025 15:05:59 - INFO - __main__ -   road           : 74.39%
12/28/2025 15:05:59 - INFO - __main__ -   sidewalk       : 4.64%
12/28/2025 15:05:59 - INFO - __main__ -   building       : 48.11%
12/28/2025 15:05:59 - INFO - __main__ -   wall           : 8.17%
12/28/2025 15:05:59 - INFO - __main__ -   fence          : 6.73%
12/28/2025 15:05:59 - INFO - __main__ -   pole           : 19.53%
12/28/2025 15:05:59 - INFO - __main__ -   traffic light  : 0.94%
12/28/2025 15:05:59 - INFO - __main__ -   traffic sign   : 47.97%
12/28/2025 15:05:59 - INFO - __main__ -   vegetation     : 81.30%
12/28/2025 15:05:59 - INFO - __main__ -   terrain        : 56.82%
12/28/2025 15:05:59 - INFO - __main__ -   sky            : 85.04%
12/28/2025 15:05:59 - INFO - __main__ -   person         : 0.86%
12/28/2025 15:05:59 - INFO - __main__ -   rider          : 0.00%
12/28/2025 15:05:59 - INFO - __main__ -   car            : 71.04%
12/28/2025 15:05:59 - INFO - __main__ -   truck          : 0.00%
12/28/2025 15:05:59 - INFO - __main__ -   bus            : 0.00%
12/28/2025 15:05:59 - INFO - __main__ -   train          : nan%
12/28/2025 15:05:59 - INFO - __main__ -   motorcycle     : 0.00%
12/28/2025 15:05:59 - INFO - __main__ -   bicycle        : nan%
12/28/2025 15:05:59 - INFO - __main__ - --- Processing snow ---
12/28/2025 15:06:57 - INFO - __main__ - Image 0 (GOPR0122_frame_000018_rgb_anon.png) mIoU: 41.99%
12/28/2025 15:07:48 - INFO - __main__ - Image 1 (GOPR0122_frame_000085_rgb_anon.png) mIoU: 45.67%
12/28/2025 15:08:41 - INFO - __main__ - Image 2 (GOPR0122_frame_000306_rgb_anon.png) mIoU: 28.41%
12/28/2025 15:09:33 - INFO - __main__ - Image 3 (GOPR0604_frame_000327_rgb_anon.png) mIoU: 34.98%
12/28/2025 15:10:23 - INFO - __main__ - Image 4 (GOPR0604_frame_000332_rgb_anon.png) mIoU: 38.46%
12/28/2025 15:11:12 - INFO - __main__ - Image 5 (GOPR0604_frame_000455_rgb_anon.png) mIoU: 37.04%
12/28/2025 15:11:59 - INFO - __main__ - Image 6 (GOPR0606_frame_000220_rgb_anon.png) mIoU: 19.98%
12/28/2025 15:12:48 - INFO - __main__ - Image 7 (GOPR0606_frame_000357_rgb_anon.png) mIoU: 27.43%
12/28/2025 15:13:38 - INFO - __main__ - Image 8 (GP010607_frame_000931_rgb_anon.png) mIoU: 10.07%
12/28/2025 15:14:19 - INFO - __main__ - Image 9 (GP030176_frame_000549_rgb_anon.png) mIoU: 36.39%
12/28/2025 15:14:19 - INFO - __main__ - === Results for snow ===
12/28/2025 15:14:19 - INFO - __main__ - Average Per-Image mIoU: 32.04% (For Debugging)
12/28/2025 15:14:19 - INFO - __main__ - Full Dataset mIoU:      26.39% (Official Cityscapes Metric)
12/28/2025 15:14:19 - INFO - __main__ - Per-Class IoU:
12/28/2025 15:14:19 - INFO - __main__ -   road           : 73.69%
12/28/2025 15:14:19 - INFO - __main__ -   sidewalk       : 12.23%
12/28/2025 15:14:19 - INFO - __main__ -   building       : 42.96%
12/28/2025 15:14:19 - INFO - __main__ -   wall           : 2.26%
12/28/2025 15:14:19 - INFO - __main__ -   fence          : 31.25%
12/28/2025 15:14:19 - INFO - __main__ -   pole           : 21.33%
12/28/2025 15:14:19 - INFO - __main__ -   traffic light  : 46.52%
12/28/2025 15:14:19 - INFO - __main__ -   traffic sign   : 20.12%
12/28/2025 15:14:19 - INFO - __main__ -   vegetation     : 74.46%
12/28/2025 15:14:19 - INFO - __main__ -   terrain        : 0.00%
12/28/2025 15:14:19 - INFO - __main__ -   sky            : 67.30%
12/28/2025 15:14:19 - INFO - __main__ -   person         : 0.73%
12/28/2025 15:14:19 - INFO - __main__ -   rider          : nan%
12/28/2025 15:14:19 - INFO - __main__ -   car            : 34.61%
12/28/2025 15:14:19 - INFO - __main__ -   truck          : 47.58%
12/28/2025 15:14:19 - INFO - __main__ -   bus            : 0.00%
12/28/2025 15:14:19 - INFO - __main__ -   train          : 0.00%
12/28/2025 15:14:19 - INFO - __main__ -   motorcycle     : 0.00%
12/28/2025 15:14:19 - INFO - __main__ -   bicycle        : 0.00%
