12/28/2025 01:08:21 - INFO - __main__ - Starting TTA Steering Experiment with args: Namespace(dataloader_batch_size=1, max_images=10, seed=42, num_inference_steps=50, start_timestep=35, guidance_scale=10, r='/datavolume/data/aysu/ACDC/rgb_anon', g='/datavolume/data/aysu/ACDC/gt_trainval/gt')
12/28/2025 01:08:21 - INFO - __main__ - Loading SD Models...
12/28/2025 01:08:28 - INFO - __main__ - Loading Segmentation model: PIDNET-L
12/28/2025 01:08:28 - INFO - __main__ - Batch size is (1024, 1024), patch stride is (512, 512)
12/28/2025 01:08:28 - INFO - __main__ - --- Processing fog ---
12/28/2025 01:15:51 - INFO - __main__ - Image 0 (GOPR0476_frame_000769_rgb_anon.png) mIoU: 51.06%
12/28/2025 01:26:14 - INFO - __main__ - Image 1 (GOPR0476_frame_000845_rgb_anon.png) mIoU: 42.19%
12/28/2025 01:36:36 - INFO - __main__ - Image 2 (GOPR0476_frame_000874_rgb_anon.png) mIoU: 43.14%
12/28/2025 01:46:54 - INFO - __main__ - Image 3 (GOPR0476_frame_001029_rgb_anon.png) mIoU: 37.94%
12/28/2025 01:57:13 - INFO - __main__ - Image 4 (GOPR0476_frame_001033_rgb_anon.png) mIoU: 61.16%
12/28/2025 02:07:29 - INFO - __main__ - Image 5 (GP010476_frame_000018_rgb_anon.png) mIoU: 30.73%
12/28/2025 02:17:49 - INFO - __main__ - Image 6 (GP010476_frame_000120_rgb_anon.png) mIoU: 54.53%
12/28/2025 02:28:05 - INFO - __main__ - Image 7 (GP010476_frame_000147_rgb_anon.png) mIoU: 41.88%
12/28/2025 02:38:24 - INFO - __main__ - Image 8 (GP020475_frame_000054_rgb_anon.png) mIoU: 19.25%
12/28/2025 02:47:00 - INFO - __main__ - Image 9 (GP020475_frame_000173_rgb_anon.png) mIoU: 22.56%
12/28/2025 02:47:00 - INFO - __main__ - === Results for fog ===
12/28/2025 02:47:00 - INFO - __main__ - Average Per-Image mIoU: 40.45% (For Debugging)
12/28/2025 02:47:00 - INFO - __main__ - Full Dataset mIoU:      36.04% (Official Cityscapes Metric)
12/28/2025 02:47:00 - INFO - __main__ - Per-Class IoU:
12/28/2025 02:47:00 - INFO - __main__ -   road           : 81.89%
12/28/2025 02:47:00 - INFO - __main__ -   sidewalk       : 50.12%
12/28/2025 02:47:00 - INFO - __main__ -   building       : 59.24%
12/28/2025 02:47:00 - INFO - __main__ -   wall           : 38.75%
12/28/2025 02:47:00 - INFO - __main__ -   fence          : 44.62%
12/28/2025 02:47:00 - INFO - __main__ -   pole           : 15.66%
12/28/2025 02:47:00 - INFO - __main__ -   traffic light  : 2.77%
12/28/2025 02:47:00 - INFO - __main__ -   traffic sign   : 26.49%
12/28/2025 02:47:00 - INFO - __main__ -   vegetation     : 73.66%
12/28/2025 02:47:00 - INFO - __main__ -   terrain        : 30.51%
12/28/2025 02:47:00 - INFO - __main__ -   sky            : 93.83%
12/28/2025 02:47:00 - INFO - __main__ -   person         : 1.16%
12/28/2025 02:47:00 - INFO - __main__ -   rider          : 0.00%
12/28/2025 02:47:00 - INFO - __main__ -   car            : 18.01%
12/28/2025 02:47:00 - INFO - __main__ -   truck          : nan%
12/28/2025 02:47:00 - INFO - __main__ -   bus            : nan%
12/28/2025 02:47:00 - INFO - __main__ -   train          : 39.94%
12/28/2025 02:47:00 - INFO - __main__ -   motorcycle     : nan%
12/28/2025 02:47:00 - INFO - __main__ -   bicycle        : 0.00%
12/28/2025 02:47:00 - INFO - __main__ - --- Processing night ---
12/28/2025 02:59:02 - INFO - __main__ - Image 0 (GOPR0351_frame_000039_rgb_anon.png) mIoU: 0.00%
12/28/2025 03:09:22 - INFO - __main__ - Image 1 (GOPR0351_frame_000061_rgb_anon.png) mIoU: 4.52%
12/28/2025 03:19:43 - INFO - __main__ - Image 2 (GOPR0351_frame_000079_rgb_anon.png) mIoU: 0.16%
12/28/2025 03:30:05 - INFO - __main__ - Image 3 (GOPR0351_frame_000724_rgb_anon.png) mIoU: 0.06%
12/28/2025 03:40:23 - INFO - __main__ - Image 4 (GOPR0356_frame_000327_rgb_anon.png) mIoU: 0.00%
12/28/2025 03:50:39 - INFO - __main__ - Image 5 (GOPR0356_frame_000348_rgb_anon.png) mIoU: 0.00%
12/28/2025 04:00:56 - INFO - __main__ - Image 6 (GOPR0356_frame_000372_rgb_anon.png) mIoU: 0.00%
12/28/2025 04:11:12 - INFO - __main__ - Image 7 (GOPR0356_frame_000382_rgb_anon.png) mIoU: 0.00%
12/28/2025 04:21:29 - INFO - __main__ - Image 8 (GOPR0356_frame_000404_rgb_anon.png) mIoU: 0.00%
12/28/2025 04:30:03 - INFO - __main__ - Image 9 (GOPR0356_frame_000473_rgb_anon.png) mIoU: 0.00%
12/28/2025 04:30:03 - INFO - __main__ - === Results for night ===
12/28/2025 04:30:03 - INFO - __main__ - Average Per-Image mIoU: 0.48% (For Debugging)
12/28/2025 04:30:03 - INFO - __main__ - Full Dataset mIoU:      0.33% (Official Cityscapes Metric)
12/28/2025 04:30:03 - INFO - __main__ - Per-Class IoU:
12/28/2025 04:30:03 - INFO - __main__ -   road           : 4.76%
12/28/2025 04:30:03 - INFO - __main__ -   sidewalk       : 0.00%
12/28/2025 04:30:03 - INFO - __main__ -   building       : 0.74%
12/28/2025 04:30:03 - INFO - __main__ -   wall           : 0.00%
12/28/2025 04:30:03 - INFO - __main__ -   fence          : 0.00%
12/28/2025 04:30:03 - INFO - __main__ -   pole           : 0.00%
12/28/2025 04:30:03 - INFO - __main__ -   traffic light  : 0.00%
12/28/2025 04:30:03 - INFO - __main__ -   traffic sign   : 0.00%
12/28/2025 04:30:03 - INFO - __main__ -   vegetation     : 0.00%
12/28/2025 04:30:03 - INFO - __main__ -   terrain        : 0.00%
12/28/2025 04:30:03 - INFO - __main__ -   sky            : 0.00%
12/28/2025 04:30:03 - INFO - __main__ -   person         : 0.00%
12/28/2025 04:30:03 - INFO - __main__ -   rider          : 0.00%
12/28/2025 04:30:03 - INFO - __main__ -   car            : 0.44%
12/28/2025 04:30:03 - INFO - __main__ -   truck          : 0.00%
12/28/2025 04:30:03 - INFO - __main__ -   bus            : 0.00%
12/28/2025 04:30:03 - INFO - __main__ -   train          : 0.00%
12/28/2025 04:30:03 - INFO - __main__ -   motorcycle     : nan%
12/28/2025 04:30:03 - INFO - __main__ -   bicycle        : 0.00%
12/28/2025 04:30:03 - INFO - __main__ - --- Processing rain ---
12/28/2025 04:42:03 - INFO - __main__ - Image 0 (GOPR0400_frame_000087_rgb_anon.png) mIoU: 39.26%
12/28/2025 04:52:22 - INFO - __main__ - Image 1 (GOPR0402_frame_000154_rgb_anon.png) mIoU: 41.54%
12/28/2025 05:02:42 - INFO - __main__ - Image 2 (GOPR0402_frame_000294_rgb_anon.png) mIoU: 34.15%
12/28/2025 05:12:57 - INFO - __main__ - Image 3 (GOPR0572_frame_000752_rgb_anon.png) mIoU: 34.27%
12/28/2025 05:23:14 - INFO - __main__ - Image 4 (GOPR0572_frame_000756_rgb_anon.png) mIoU: 19.51%
12/28/2025 05:33:27 - INFO - __main__ - Image 5 (GOPR0572_frame_000860_rgb_anon.png) mIoU: 41.36%
12/28/2025 05:43:44 - INFO - __main__ - Image 6 (GP020402_frame_000774_rgb_anon.png) mIoU: 53.90%
12/28/2025 05:53:57 - INFO - __main__ - Image 7 (GP020402_frame_000830_rgb_anon.png) mIoU: 45.03%
12/28/2025 06:04:13 - INFO - __main__ - Image 8 (GP020402_frame_000914_rgb_anon.png) mIoU: 60.51%
12/28/2025 06:12:46 - INFO - __main__ - Image 9 (GP030400_frame_000129_rgb_anon.png) mIoU: 38.94%
12/28/2025 06:12:46 - INFO - __main__ - === Results for rain ===
12/28/2025 06:12:46 - INFO - __main__ - Average Per-Image mIoU: 40.85% (For Debugging)
12/28/2025 06:12:46 - INFO - __main__ - Full Dataset mIoU:      29.69% (Official Cityscapes Metric)
12/28/2025 06:12:46 - INFO - __main__ - Per-Class IoU:
12/28/2025 06:12:46 - INFO - __main__ -   road           : 76.40%
12/28/2025 06:12:46 - INFO - __main__ -   sidewalk       : 27.20%
12/28/2025 06:12:46 - INFO - __main__ -   building       : 67.15%
12/28/2025 06:12:46 - INFO - __main__ -   wall           : 20.72%
12/28/2025 06:12:46 - INFO - __main__ -   fence          : 0.00%
12/28/2025 06:12:46 - INFO - __main__ -   pole           : 17.82%
12/28/2025 06:12:46 - INFO - __main__ -   traffic light  : 0.20%
12/28/2025 06:12:46 - INFO - __main__ -   traffic sign   : 44.56%
12/28/2025 06:12:46 - INFO - __main__ -   vegetation     : 83.29%
12/28/2025 06:12:46 - INFO - __main__ -   terrain        : 52.74%
12/28/2025 06:12:46 - INFO - __main__ -   sky            : 97.32%
12/28/2025 06:12:46 - INFO - __main__ -   person         : 0.00%
12/28/2025 06:12:46 - INFO - __main__ -   rider          : 0.00%
12/28/2025 06:12:46 - INFO - __main__ -   car            : 46.18%
12/28/2025 06:12:46 - INFO - __main__ -   truck          : 0.00%
12/28/2025 06:12:46 - INFO - __main__ -   bus            : 0.00%
12/28/2025 06:12:46 - INFO - __main__ -   train          : nan%
12/28/2025 06:12:46 - INFO - __main__ -   motorcycle     : 0.80%
12/28/2025 06:12:46 - INFO - __main__ -   bicycle        : 0.00%
12/28/2025 06:12:46 - INFO - __main__ - --- Processing snow ---
12/28/2025 06:24:46 - INFO - __main__ - Image 0 (GOPR0122_frame_000018_rgb_anon.png) mIoU: 39.29%
12/28/2025 06:35:05 - INFO - __main__ - Image 1 (GOPR0122_frame_000085_rgb_anon.png) mIoU: 39.68%
12/28/2025 06:45:24 - INFO - __main__ - Image 2 (GOPR0122_frame_000306_rgb_anon.png) mIoU: 31.25%
12/28/2025 06:55:42 - INFO - __main__ - Image 3 (GOPR0604_frame_000327_rgb_anon.png) mIoU: 45.79%
12/28/2025 07:05:57 - INFO - __main__ - Image 4 (GOPR0604_frame_000332_rgb_anon.png) mIoU: 46.85%
12/28/2025 07:16:12 - INFO - __main__ - Image 5 (GOPR0604_frame_000455_rgb_anon.png) mIoU: 41.68%
12/28/2025 07:26:27 - INFO - __main__ - Image 6 (GOPR0606_frame_000220_rgb_anon.png) mIoU: 40.11%
12/28/2025 07:36:42 - INFO - __main__ - Image 7 (GOPR0606_frame_000357_rgb_anon.png) mIoU: 36.27%
12/28/2025 07:46:57 - INFO - __main__ - Image 8 (GP010607_frame_000931_rgb_anon.png) mIoU: 29.69%
12/28/2025 07:55:30 - INFO - __main__ - Image 9 (GP030176_frame_000549_rgb_anon.png) mIoU: 32.86%
12/28/2025 07:55:30 - INFO - __main__ - === Results for snow ===
12/28/2025 07:55:30 - INFO - __main__ - Average Per-Image mIoU: 38.35% (For Debugging)
12/28/2025 07:55:30 - INFO - __main__ - Full Dataset mIoU:      33.25% (Official Cityscapes Metric)
12/28/2025 07:55:30 - INFO - __main__ - Per-Class IoU:
12/28/2025 07:55:30 - INFO - __main__ -   road           : 70.98%
12/28/2025 07:55:30 - INFO - __main__ -   sidewalk       : 28.69%
12/28/2025 07:55:30 - INFO - __main__ -   building       : 64.10%
12/28/2025 07:55:30 - INFO - __main__ -   wall           : 1.05%
12/28/2025 07:55:30 - INFO - __main__ -   fence          : 43.06%
12/28/2025 07:55:30 - INFO - __main__ -   pole           : 17.35%
12/28/2025 07:55:30 - INFO - __main__ -   traffic light  : 33.22%
12/28/2025 07:55:30 - INFO - __main__ -   traffic sign   : 22.07%
12/28/2025 07:55:30 - INFO - __main__ -   vegetation     : 77.31%
12/28/2025 07:55:30 - INFO - __main__ -   terrain        : 0.00%
12/28/2025 07:55:30 - INFO - __main__ -   sky            : 91.69%
12/28/2025 07:55:30 - INFO - __main__ -   person         : 0.00%
12/28/2025 07:55:30 - INFO - __main__ -   rider          : nan%
12/28/2025 07:55:30 - INFO - __main__ -   car            : 39.69%
12/28/2025 07:55:30 - INFO - __main__ -   truck          : 76.03%
12/28/2025 07:55:30 - INFO - __main__ -   bus            : 0.00%
12/28/2025 07:55:30 - INFO - __main__ -   train          : 0.00%
12/28/2025 07:55:30 - INFO - __main__ -   motorcycle     : nan%
12/28/2025 07:55:30 - INFO - __main__ -   bicycle        : 0.00%
