812/27/2025 22:28:09 - INFO - __main__ - Starting TTA Steering Experiment with args: Namespace(dataloader_batch_size=1, max_images=10, seed=42, num_inference_steps=50, start_timestep=49, guidance_scale=10, r='/datavolume/data/aysu/ACDC/rgb_anon', g='/datavolume/data/aysu/ACDC/gt_trainval/gt')
12/27/2025 22:28:09 - INFO - __main__ - Loading SD Models...
12/27/2025 22:28:18 - INFO - __main__ - Loading Segmentation model: PIDNET-L
12/27/2025 22:28:18 - INFO - __main__ - Batch size is (1024, 1024), patch stride is (512, 512)
12/27/2025 22:28:18 - INFO - __main__ - --- Processing fog ---
12/27/2025 22:29:17 - INFO - __main__ - Image 0 (GOPR0476_frame_000769_rgb_anon.png) mIoU: 57.21%
12/27/2025 22:30:09 - INFO - __main__ - Image 1 (GOPR0476_frame_000845_rgb_anon.png) mIoU: 45.04%
12/27/2025 22:31:02 - INFO - __main__ - Image 2 (GOPR0476_frame_000874_rgb_anon.png) mIoU: 54.26%
12/27/2025 22:31:54 - INFO - __main__ - Image 3 (GOPR0476_frame_001029_rgb_anon.png) mIoU: 52.96%
12/27/2025 22:32:45 - INFO - __main__ - Image 4 (GOPR0476_frame_001033_rgb_anon.png) mIoU: 50.95%
12/27/2025 22:33:34 - INFO - __main__ - Image 5 (GP010476_frame_000018_rgb_anon.png) mIoU: 58.02%
12/27/2025 22:34:24 - INFO - __main__ - Image 6 (GP010476_frame_000120_rgb_anon.png) mIoU: 52.95%
12/27/2025 22:35:14 - INFO - __main__ - Image 7 (GP010476_frame_000147_rgb_anon.png) mIoU: 40.84%
12/27/2025 22:36:03 - INFO - __main__ - Image 8 (GP020475_frame_000054_rgb_anon.png) mIoU: 39.58%
12/27/2025 22:36:46 - INFO - __main__ - Image 9 (GP020475_frame_000173_rgb_anon.png) mIoU: 40.95%
12/27/2025 22:36:46 - INFO - __main__ - === Results for fog ===
12/27/2025 22:36:46 - INFO - __main__ - Average Per-Image mIoU: 49.27% (For Debugging)
12/27/2025 22:36:46 - INFO - __main__ - Full Dataset mIoU:      47.81% (Official Cityscapes Metric)
12/27/2025 22:36:46 - INFO - __main__ - Per-Class IoU:
12/27/2025 22:36:46 - INFO - __main__ -   road           : 92.86%
12/27/2025 22:36:46 - INFO - __main__ -   sidewalk       : 64.53%
12/27/2025 22:36:46 - INFO - __main__ -   building       : 71.41%
12/27/2025 22:36:46 - INFO - __main__ -   wall           : 48.29%
12/27/2025 22:36:46 - INFO - __main__ -   fence          : 47.08%
12/27/2025 22:36:46 - INFO - __main__ -   pole           : 31.85%
12/27/2025 22:36:46 - INFO - __main__ -   traffic light  : 55.62%
12/27/2025 22:36:46 - INFO - __main__ -   traffic sign   : 43.89%
12/27/2025 22:36:46 - INFO - __main__ -   vegetation     : 82.80%
12/27/2025 22:36:46 - INFO - __main__ -   terrain        : 48.70%
12/27/2025 22:36:46 - INFO - __main__ -   sky            : 94.64%
12/27/2025 22:36:46 - INFO - __main__ -   person         : 27.00%
12/27/2025 22:36:46 - INFO - __main__ -   rider          : 0.00%
12/27/2025 22:36:46 - INFO - __main__ -   car            : 64.07%
12/27/2025 22:36:46 - INFO - __main__ -   truck          : 0.00%
12/27/2025 22:36:46 - INFO - __main__ -   bus            : nan%
12/27/2025 22:36:46 - INFO - __main__ -   train          : 40.09%
12/27/2025 22:36:46 - INFO - __main__ -   motorcycle     : nan%
12/27/2025 22:36:46 - INFO - __main__ -   bicycle        : 0.00%
12/27/2025 22:36:46 - INFO - __main__ - --- Processing night ---
12/27/2025 22:37:44 - INFO - __main__ - Image 0 (GOPR0351_frame_000039_rgb_anon.png) mIoU: 17.61%
12/27/2025 22:38:38 - INFO - __main__ - Image 1 (GOPR0351_frame_000061_rgb_anon.png) mIoU: 10.44%
12/27/2025 22:39:27 - INFO - __main__ - Image 2 (GOPR0351_frame_000079_rgb_anon.png) mIoU: 21.36%
12/27/2025 22:40:20 - INFO - __main__ - Image 3 (GOPR0351_frame_000724_rgb_anon.png) mIoU: 13.58%
12/27/2025 22:41:10 - INFO - __main__ - Image 4 (GOPR0356_frame_000327_rgb_anon.png) mIoU: 17.08%
12/27/2025 22:42:00 - INFO - __main__ - Image 5 (GOPR0356_frame_000348_rgb_anon.png) mIoU: 12.77%
12/27/2025 22:42:47 - INFO - __main__ - Image 6 (GOPR0356_frame_000372_rgb_anon.png) mIoU: 14.60%
12/27/2025 22:43:37 - INFO - __main__ - Image 7 (GOPR0356_frame_000382_rgb_anon.png) mIoU: 25.22%
12/27/2025 22:44:27 - INFO - __main__ - Image 8 (GOPR0356_frame_000404_rgb_anon.png) mIoU: 10.44%
12/27/2025 22:45:09 - INFO - __main__ - Image 9 (GOPR0356_frame_000473_rgb_anon.png) mIoU: 4.43%
12/27/2025 22:45:09 - INFO - __main__ - === Results for night ===
12/27/2025 22:45:09 - INFO - __main__ - Average Per-Image mIoU: 14.75% (For Debugging)
12/27/2025 22:45:09 - INFO - __main__ - Full Dataset mIoU:      15.31% (Official Cityscapes Metric)
12/27/2025 22:45:09 - INFO - __main__ - Per-Class IoU:
12/27/2025 22:45:09 - INFO - __main__ -   road           : 62.48%
12/27/2025 22:45:09 - INFO - __main__ -   sidewalk       : 11.80%
12/27/2025 22:45:09 - INFO - __main__ -   building       : 19.93%
12/27/2025 22:45:09 - INFO - __main__ -   wall           : 20.09%
12/27/2025 22:45:09 - INFO - __main__ -   fence          : 3.15%
12/27/2025 22:45:09 - INFO - __main__ -   pole           : 18.62%
12/27/2025 22:45:09 - INFO - __main__ -   traffic light  : 5.20%
12/27/2025 22:45:09 - INFO - __main__ -   traffic sign   : 1.90%
12/27/2025 22:45:09 - INFO - __main__ -   vegetation     : 45.31%
12/27/2025 22:45:09 - INFO - __main__ -   terrain        : 4.14%
12/27/2025 22:45:09 - INFO - __main__ -   sky            : 0.06%
12/27/2025 22:45:09 - INFO - __main__ -   person         : 0.00%
12/27/2025 22:45:09 - INFO - __main__ -   rider          : 0.00%
12/27/2025 22:45:09 - INFO - __main__ -   car            : 55.06%
12/27/2025 22:45:09 - INFO - __main__ -   truck          : 0.00%
12/27/2025 22:45:09 - INFO - __main__ -   bus            : 0.00%
12/27/2025 22:45:09 - INFO - __main__ -   train          : 0.00%
12/27/2025 22:45:09 - INFO - __main__ -   motorcycle     : nan%
12/27/2025 22:45:09 - INFO - __main__ -   bicycle        : 27.87%
12/27/2025 22:45:09 - INFO - __main__ - --- Processing rain ---
12/27/2025 22:46:04 - INFO - __main__ - Image 0 (GOPR0400_frame_000087_rgb_anon.png) mIoU: 38.39%
12/27/2025 22:46:57 - INFO - __main__ - Image 1 (GOPR0402_frame_000154_rgb_anon.png) mIoU: 42.41%
12/27/2025 22:47:50 - INFO - __main__ - Image 2 (GOPR0402_frame_000294_rgb_anon.png) mIoU: 39.72%
12/27/2025 22:48:42 - INFO - __main__ - Image 3 (GOPR0572_frame_000752_rgb_anon.png) mIoU: 37.10%
12/27/2025 22:49:32 - INFO - __main__ - Image 4 (GOPR0572_frame_000756_rgb_anon.png) mIoU: 33.12%
12/27/2025 22:50:22 - INFO - __main__ - Image 5 (GOPR0572_frame_000860_rgb_anon.png) mIoU: 38.79%
12/27/2025 22:51:12 - INFO - __main__ - Image 6 (GP020402_frame_000774_rgb_anon.png) mIoU: 42.79%
12/27/2025 22:52:02 - INFO - __main__ - Image 7 (GP020402_frame_000830_rgb_anon.png) mIoU: 36.40%
12/27/2025 22:52:51 - INFO - __main__ - Image 8 (GP020402_frame_000914_rgb_anon.png) mIoU: 35.83%
12/27/2025 22:53:33 - INFO - __main__ - Image 9 (GP030400_frame_000129_rgb_anon.png) mIoU: 48.20%
12/27/2025 22:53:33 - INFO - __main__ - === Results for rain ===
12/27/2025 22:53:33 - INFO - __main__ - Average Per-Image mIoU: 39.28% (For Debugging)
12/27/2025 22:53:33 - INFO - __main__ - Full Dataset mIoU:      34.38% (Official Cityscapes Metric)
12/27/2025 22:53:33 - INFO - __main__ - Per-Class IoU:
12/27/2025 22:53:33 - INFO - __main__ -   road           : 79.85%
12/27/2025 22:53:33 - INFO - __main__ -   sidewalk       : 15.12%
12/27/2025 22:53:33 - INFO - __main__ -   building       : 64.43%
12/27/2025 22:53:33 - INFO - __main__ -   wall           : 21.22%
12/27/2025 22:53:33 - INFO - __main__ -   fence          : 7.57%
12/27/2025 22:53:33 - INFO - __main__ -   pole           : 24.37%
12/27/2025 22:53:33 - INFO - __main__ -   traffic light  : 0.82%
12/27/2025 22:53:33 - INFO - __main__ -   traffic sign   : 56.11%
12/27/2025 22:53:33 - INFO - __main__ -   vegetation     : 84.79%
12/27/2025 22:53:33 - INFO - __main__ -   terrain        : 61.69%
12/27/2025 22:53:33 - INFO - __main__ -   sky            : 93.25%
12/27/2025 22:53:33 - INFO - __main__ -   person         : 6.77%
12/27/2025 22:53:33 - INFO - __main__ -   rider          : 0.00%
12/27/2025 22:53:33 - INFO - __main__ -   car            : 83.30%
12/27/2025 22:53:33 - INFO - __main__ -   truck          : 0.00%
12/27/2025 22:53:33 - INFO - __main__ -   bus            : 9.24%
12/27/2025 22:53:33 - INFO - __main__ -   train          : nan%
12/27/2025 22:53:33 - INFO - __main__ -   motorcycle     : 10.30%
12/27/2025 22:53:33 - INFO - __main__ -   bicycle        : 0.00%
12/27/2025 22:53:33 - INFO - __main__ - --- Processing snow ---
12/27/2025 22:54:32 - INFO - __main__ - Image 0 (GOPR0122_frame_000018_rgb_anon.png) mIoU: 48.99%
12/27/2025 22:55:24 - INFO - __main__ - Image 1 (GOPR0122_frame_000085_rgb_anon.png) mIoU: 46.43%
12/27/2025 22:56:17 - INFO - __main__ - Image 2 (GOPR0122_frame_000306_rgb_anon.png) mIoU: 28.37%
12/27/2025 22:57:09 - INFO - __main__ - Image 3 (GOPR0604_frame_000327_rgb_anon.png) mIoU: 41.17%
12/27/2025 22:58:00 - INFO - __main__ - Image 4 (GOPR0604_frame_000332_rgb_anon.png) mIoU: 44.49%
12/27/2025 22:58:49 - INFO - __main__ - Image 5 (GOPR0604_frame_000455_rgb_anon.png) mIoU: 44.29%
12/27/2025 22:59:39 - INFO - __main__ - Image 6 (GOPR0606_frame_000220_rgb_anon.png) mIoU: 49.35%
12/27/2025 23:00:29 - INFO - __main__ - Image 7 (GOPR0606_frame_000357_rgb_anon.png) mIoU: 34.56%
12/27/2025 23:01:19 - INFO - __main__ - Image 8 (GP010607_frame_000931_rgb_anon.png) mIoU: 22.87%
12/27/2025 23:02:01 - INFO - __main__ - Image 9 (GP030176_frame_000549_rgb_anon.png) mIoU: 39.84%
12/27/2025 23:02:01 - INFO - __main__ - === Results for snow ===
12/27/2025 23:02:01 - INFO - __main__ - Average Per-Image mIoU: 40.04% (For Debugging)
12/27/2025 23:02:01 - INFO - __main__ - Full Dataset mIoU:      36.98% (Official Cityscapes Metric)
12/27/2025 23:02:01 - INFO - __main__ - Per-Class IoU:
12/27/2025 23:02:01 - INFO - __main__ -   road           : 75.61%
12/27/2025 23:02:01 - INFO - __main__ -   sidewalk       : 16.28%
12/27/2025 23:02:01 - INFO - __main__ -   building       : 57.59%
12/27/2025 23:02:01 - INFO - __main__ -   wall           : 6.26%
12/27/2025 23:02:01 - INFO - __main__ -   fence          : 34.70%
12/27/2025 23:02:01 - INFO - __main__ -   pole           : 26.09%
12/27/2025 23:02:01 - INFO - __main__ -   traffic light  : 55.35%
12/27/2025 23:02:01 - INFO - __main__ -   traffic sign   : 26.31%
12/27/2025 23:02:01 - INFO - __main__ -   vegetation     : 80.19%
12/27/2025 23:02:01 - INFO - __main__ -   terrain        : 0.00%
12/27/2025 23:02:01 - INFO - __main__ -   sky            : 85.21%
12/27/2025 23:02:01 - INFO - __main__ -   person         : 2.02%
12/27/2025 23:02:01 - INFO - __main__ -   rider          : nan%
12/27/2025 23:02:01 - INFO - __main__ -   car            : 47.65%
12/27/2025 23:02:01 - INFO - __main__ -   truck          : 93.40%
12/27/2025 23:02:01 - INFO - __main__ -   bus            : 59.02%
12/27/2025 23:02:01 - INFO - __main__ -   train          : 0.00%
12/27/2025 23:02:01 - INFO - __main__ -   motorcycle     : 0.00%
12/27/2025 23:02:01 - INFO - __main__ -   bicycle        : 0.00%
