12/28/2025 14:43:07 - INFO - __main__ - Starting TTA Steering Experiment with args: Namespace(dataloader_batch_size=1, max_images=10, seed=42, num_inference_steps=50, start_timestep=45, guidance_scale=100, r='/datavolume/data/aysu/ACDC/rgb_anon', g='/datavolume/data/aysu/ACDC/gt_trainval/gt')
12/28/2025 14:43:07 - INFO - __main__ - Loading SD Models...
12/28/2025 14:43:13 - INFO - __main__ - Loading Segmentation model: PIDNET-L
12/28/2025 14:43:13 - INFO - __main__ - Batch size is (1024, 1024), patch stride is (512, 512)
12/28/2025 14:43:14 - INFO - __main__ - --- Processing fog ---
12/28/2025 14:45:07 - INFO - __main__ - Image 0 (GOPR0476_frame_000769_rgb_anon.png) mIoU: 64.60%
12/28/2025 14:46:48 - INFO - __main__ - Image 1 (GOPR0476_frame_000845_rgb_anon.png) mIoU: 51.04%
12/28/2025 14:48:29 - INFO - __main__ - Image 2 (GOPR0476_frame_000874_rgb_anon.png) mIoU: 54.12%
12/28/2025 14:50:10 - INFO - __main__ - Image 3 (GOPR0476_frame_001029_rgb_anon.png) mIoU: 40.14%
12/28/2025 14:51:49 - INFO - __main__ - Image 4 (GOPR0476_frame_001033_rgb_anon.png) mIoU: 52.84%
12/28/2025 14:53:28 - INFO - __main__ - Image 5 (GP010476_frame_000018_rgb_anon.png) mIoU: 58.73%
12/28/2025 14:55:06 - INFO - __main__ - Image 6 (GP010476_frame_000120_rgb_anon.png) mIoU: 65.83%
12/28/2025 14:56:44 - INFO - __main__ - Image 7 (GP010476_frame_000147_rgb_anon.png) mIoU: 45.27%
12/28/2025 14:58:23 - INFO - __main__ - Image 8 (GP020475_frame_000054_rgb_anon.png) mIoU: 44.17%
12/28/2025 14:59:45 - INFO - __main__ - Image 9 (GP020475_frame_000173_rgb_anon.png) mIoU: 39.80%
12/28/2025 14:59:45 - INFO - __main__ - === Results for fog ===
12/28/2025 14:59:45 - INFO - __main__ - Average Per-Image mIoU: 51.65% (For Debugging)
12/28/2025 14:59:45 - INFO - __main__ - Full Dataset mIoU:      49.28% (Official Cityscapes Metric)
12/28/2025 14:59:45 - INFO - __main__ - Per-Class IoU:
12/28/2025 14:59:45 - INFO - __main__ -   road           : 94.87%
12/28/2025 14:59:45 - INFO - __main__ -   sidewalk       : 69.12%
12/28/2025 14:59:45 - INFO - __main__ -   building       : 69.79%
12/28/2025 14:59:45 - INFO - __main__ -   wall           : 51.86%
12/28/2025 14:59:45 - INFO - __main__ -   fence          : 51.07%
12/28/2025 14:59:45 - INFO - __main__ -   pole           : 33.03%
12/28/2025 14:59:45 - INFO - __main__ -   traffic light  : 9.19%
12/28/2025 14:59:45 - INFO - __main__ -   traffic sign   : 45.29%
12/28/2025 14:59:45 - INFO - __main__ -   vegetation     : 83.48%
12/28/2025 14:59:45 - INFO - __main__ -   terrain        : 43.89%
12/28/2025 14:59:45 - INFO - __main__ -   sky            : 95.16%
12/28/2025 14:59:45 - INFO - __main__ -   person         : 52.59%
12/28/2025 14:59:45 - INFO - __main__ -   rider          : 0.00%
12/28/2025 14:59:45 - INFO - __main__ -   car            : 48.63%
12/28/2025 14:59:45 - INFO - __main__ -   truck          : nan%
12/28/2025 14:59:45 - INFO - __main__ -   bus            : nan%
12/28/2025 14:59:45 - INFO - __main__ -   train          : 40.43%
12/28/2025 14:59:45 - INFO - __main__ -   motorcycle     : nan%
12/28/2025 14:59:45 - INFO - __main__ -   bicycle        : 0.00%
12/28/2025 14:59:45 - INFO - __main__ - --- Processing night ---
12/28/2025 15:01:40 - INFO - __main__ - Image 0 (GOPR0351_frame_000039_rgb_anon.png) mIoU: 4.70%
12/28/2025 15:03:22 - INFO - __main__ - Image 1 (GOPR0351_frame_000061_rgb_anon.png) mIoU: 8.88%
12/28/2025 15:05:04 - INFO - __main__ - Image 2 (GOPR0351_frame_000079_rgb_anon.png) mIoU: 7.55%
12/28/2025 15:06:46 - INFO - __main__ - Image 3 (GOPR0351_frame_000724_rgb_anon.png) mIoU: 7.42%
12/28/2025 15:08:24 - INFO - __main__ - Image 4 (GOPR0356_frame_000327_rgb_anon.png) mIoU: 8.35%
12/28/2025 15:10:03 - INFO - __main__ - Image 5 (GOPR0356_frame_000348_rgb_anon.png) mIoU: 0.38%
12/28/2025 15:11:42 - INFO - __main__ - Image 6 (GOPR0356_frame_000372_rgb_anon.png) mIoU: 2.35%
12/28/2025 15:13:20 - INFO - __main__ - Image 7 (GOPR0356_frame_000382_rgb_anon.png) mIoU: 13.34%
12/28/2025 15:14:58 - INFO - __main__ - Image 8 (GOPR0356_frame_000404_rgb_anon.png) mIoU: 0.00%
12/28/2025 15:16:21 - INFO - __main__ - Image 9 (GOPR0356_frame_000473_rgb_anon.png) mIoU: 5.91%
12/28/2025 15:16:21 - INFO - __main__ - === Results for night ===
12/28/2025 15:16:21 - INFO - __main__ - Average Per-Image mIoU: 5.89% (For Debugging)
12/28/2025 15:16:21 - INFO - __main__ - Full Dataset mIoU:      6.02% (Official Cityscapes Metric)
12/28/2025 15:16:21 - INFO - __main__ - Per-Class IoU:
12/28/2025 15:16:21 - INFO - __main__ -   road           : 35.41%
12/28/2025 15:16:21 - INFO - __main__ -   sidewalk       : 0.31%
12/28/2025 15:16:21 - INFO - __main__ -   building       : 4.41%
12/28/2025 15:16:21 - INFO - __main__ -   wall           : 21.11%
12/28/2025 15:16:21 - INFO - __main__ -   fence          : 0.00%
12/28/2025 15:16:21 - INFO - __main__ -   pole           : 8.32%
12/28/2025 15:16:21 - INFO - __main__ -   traffic light  : 0.00%
12/28/2025 15:16:21 - INFO - __main__ -   traffic sign   : 0.45%
12/28/2025 15:16:21 - INFO - __main__ -   vegetation     : 35.17%
12/28/2025 15:16:21 - INFO - __main__ -   terrain        : 0.00%
12/28/2025 15:16:21 - INFO - __main__ -   sky            : 0.00%
12/28/2025 15:16:21 - INFO - __main__ -   person         : 0.21%
12/28/2025 15:16:21 - INFO - __main__ -   rider          : 0.00%
12/28/2025 15:16:21 - INFO - __main__ -   car            : 8.97%
12/28/2025 15:16:21 - INFO - __main__ -   truck          : 0.00%
12/28/2025 15:16:21 - INFO - __main__ -   bus            : 0.00%
12/28/2025 15:16:21 - INFO - __main__ -   train          : 0.00%
12/28/2025 15:16:21 - INFO - __main__ -   motorcycle     : 0.00%
12/28/2025 15:16:21 - INFO - __main__ -   bicycle        : 0.00%
12/28/2025 15:16:21 - INFO - __main__ - --- Processing rain ---
12/28/2025 15:18:16 - INFO - __main__ - Image 0 (GOPR0400_frame_000087_rgb_anon.png) mIoU: 50.39%
12/28/2025 15:19:57 - INFO - __main__ - Image 1 (GOPR0402_frame_000154_rgb_anon.png) mIoU: 54.71%
12/28/2025 15:21:39 - INFO - __main__ - Image 2 (GOPR0402_frame_000294_rgb_anon.png) mIoU: 41.43%
12/28/2025 15:23:20 - INFO - __main__ - Image 3 (GOPR0572_frame_000752_rgb_anon.png) mIoU: 43.06%
12/28/2025 15:24:58 - INFO - __main__ - Image 4 (GOPR0572_frame_000756_rgb_anon.png) mIoU: 36.63%
12/28/2025 15:28:20 - INFO - __main__ - Image 5 (GOPR0572_frame_000860_rgb_anon.png) mIoU: 49.14%
12/28/2025 15:31:47 - INFO - __main__ - Image 6 (GP020402_frame_000774_rgb_anon.png) mIoU: 43.18%
12/28/2025 15:35:15 - INFO - __main__ - Image 7 (GP020402_frame_000830_rgb_anon.png) mIoU: 35.34%
12/28/2025 15:38:44 - INFO - __main__ - Image 8 (GP020402_frame_000914_rgb_anon.png) mIoU: 61.50%
12/28/2025 15:41:40 - INFO - __main__ - Image 9 (GP030400_frame_000129_rgb_anon.png) mIoU: 54.34%
12/28/2025 15:41:40 - INFO - __main__ - === Results for rain ===
12/28/2025 15:41:40 - INFO - __main__ - Average Per-Image mIoU: 46.97% (For Debugging)
12/28/2025 15:41:40 - INFO - __main__ - Full Dataset mIoU:      38.31% (Official Cityscapes Metric)
12/28/2025 15:41:40 - INFO - __main__ - Per-Class IoU:
12/28/2025 15:41:40 - INFO - __main__ -   road           : 83.05%
12/28/2025 15:41:40 - INFO - __main__ -   sidewalk       : 35.05%
12/28/2025 15:41:40 - INFO - __main__ -   building       : 71.01%
12/28/2025 15:41:40 - INFO - __main__ -   wall           : 54.70%
12/28/2025 15:41:40 - INFO - __main__ -   fence          : 5.18%
12/28/2025 15:41:40 - INFO - __main__ -   pole           : 23.61%
12/28/2025 15:41:40 - INFO - __main__ -   traffic light  : 0.52%
12/28/2025 15:41:40 - INFO - __main__ -   traffic sign   : 60.73%
12/28/2025 15:41:40 - INFO - __main__ -   vegetation     : 85.38%
12/28/2025 15:41:40 - INFO - __main__ -   terrain        : 55.91%
12/28/2025 15:41:40 - INFO - __main__ -   sky            : 97.39%
12/28/2025 15:41:40 - INFO - __main__ -   person         : 1.14%
12/28/2025 15:41:40 - INFO - __main__ -   rider          : 0.00%
12/28/2025 15:41:40 - INFO - __main__ -   car            : 67.20%
12/28/2025 15:41:40 - INFO - __main__ -   truck          : 0.00%
12/28/2025 15:41:40 - INFO - __main__ -   bus            : 0.00%
12/28/2025 15:41:40 - INFO - __main__ -   train          : nan%
12/28/2025 15:41:40 - INFO - __main__ -   motorcycle     : 48.66%
12/28/2025 15:41:40 - INFO - __main__ -   bicycle        : 0.00%
12/28/2025 15:41:40 - INFO - __main__ - --- Processing snow ---
12/28/2025 15:45:47 - INFO - __main__ - Image 0 (GOPR0122_frame_000018_rgb_anon.png) mIoU: 48.23%
12/28/2025 15:49:21 - INFO - __main__ - Image 1 (GOPR0122_frame_000085_rgb_anon.png) mIoU: 46.84%
12/28/2025 15:52:55 - INFO - __main__ - Image 2 (GOPR0122_frame_000306_rgb_anon.png) mIoU: 31.39%
12/28/2025 15:56:29 - INFO - __main__ - Image 3 (GOPR0604_frame_000327_rgb_anon.png) mIoU: 47.71%
12/28/2025 16:00:00 - INFO - __main__ - Image 4 (GOPR0604_frame_000332_rgb_anon.png) mIoU: 57.71%
12/28/2025 16:03:30 - INFO - __main__ - Image 5 (GOPR0604_frame_000455_rgb_anon.png) mIoU: 51.36%
12/28/2025 16:06:57 - INFO - __main__ - Image 6 (GOPR0606_frame_000220_rgb_anon.png) mIoU: 51.26%
12/28/2025 16:10:25 - INFO - __main__ - Image 7 (GOPR0606_frame_000357_rgb_anon.png) mIoU: 41.78%
12/28/2025 16:13:53 - INFO - __main__ - Image 8 (GP010607_frame_000931_rgb_anon.png) mIoU: 32.05%
12/28/2025 16:16:48 - INFO - __main__ - Image 9 (GP030176_frame_000549_rgb_anon.png) mIoU: 37.54%
12/28/2025 16:16:48 - INFO - __main__ - === Results for snow ===
12/28/2025 16:16:48 - INFO - __main__ - Average Per-Image mIoU: 44.59% (For Debugging)
12/28/2025 16:16:48 - INFO - __main__ - Full Dataset mIoU:      43.98% (Official Cityscapes Metric)
12/28/2025 16:16:48 - INFO - __main__ - Per-Class IoU:
12/28/2025 16:16:48 - INFO - __main__ -   road           : 81.09%
12/28/2025 16:16:48 - INFO - __main__ -   sidewalk       : 33.85%
12/28/2025 16:16:48 - INFO - __main__ -   building       : 71.16%
12/28/2025 16:16:48 - INFO - __main__ -   wall           : 12.28%
12/28/2025 16:16:48 - INFO - __main__ -   fence          : 46.47%
12/28/2025 16:16:48 - INFO - __main__ -   pole           : 26.90%
12/28/2025 16:16:48 - INFO - __main__ -   traffic light  : 50.95%
12/28/2025 16:16:48 - INFO - __main__ -   traffic sign   : 25.99%
12/28/2025 16:16:48 - INFO - __main__ -   vegetation     : 80.49%
12/28/2025 16:16:48 - INFO - __main__ -   terrain        : 0.00%
12/28/2025 16:16:48 - INFO - __main__ -   sky            : 95.66%
12/28/2025 16:16:48 - INFO - __main__ -   person         : 0.00%
12/28/2025 16:16:48 - INFO - __main__ -   rider          : nan%
12/28/2025 16:16:48 - INFO - __main__ -   car            : 57.34%
12/28/2025 16:16:48 - INFO - __main__ -   truck          : 91.38%
12/28/2025 16:16:48 - INFO - __main__ -   bus            : 74.05%
12/28/2025 16:16:48 - INFO - __main__ -   train          : nan%
12/28/2025 16:16:48 - INFO - __main__ -   motorcycle     : 0.00%
12/28/2025 16:16:48 - INFO - __main__ -   bicycle        : 0.00%
