12/28/2025 01:06:54 - INFO - __main__ - Starting TTA Steering Experiment with args: Namespace(dataloader_batch_size=1, max_images=10, seed=42, num_inference_steps=50, start_timestep=35, guidance_scale=0.1, r='/datavolume/data/aysu/ACDC/rgb_anon', g='/datavolume/data/aysu/ACDC/gt_trainval/gt')
12/28/2025 01:06:54 - INFO - __main__ - Loading SD Models...
12/28/2025 01:07:03 - INFO - __main__ - Loading Segmentation model: PIDNET-L
12/28/2025 01:07:04 - INFO - __main__ - Batch size is (1024, 1024), patch stride is (512, 512)
12/28/2025 01:07:04 - INFO - __main__ - --- Processing fog ---
12/28/2025 01:18:56 - INFO - __main__ - Image 0 (GOPR0476_frame_000769_rgb_anon.png) mIoU: 46.15%
12/28/2025 01:29:08 - INFO - __main__ - Image 1 (GOPR0476_frame_000845_rgb_anon.png) mIoU: 32.92%
12/28/2025 01:39:24 - INFO - __main__ - Image 2 (GOPR0476_frame_000874_rgb_anon.png) mIoU: 35.12%
12/28/2025 01:49:39 - INFO - __main__ - Image 3 (GOPR0476_frame_001029_rgb_anon.png) mIoU: 36.67%
12/28/2025 01:59:52 - INFO - __main__ - Image 4 (GOPR0476_frame_001033_rgb_anon.png) mIoU: 45.43%
12/28/2025 02:10:06 - INFO - __main__ - Image 5 (GP010476_frame_000018_rgb_anon.png) mIoU: 44.93%
12/28/2025 02:20:19 - INFO - __main__ - Image 6 (GP010476_frame_000120_rgb_anon.png) mIoU: 55.72%
12/28/2025 02:30:31 - INFO - __main__ - Image 7 (GP010476_frame_000147_rgb_anon.png) mIoU: 42.47%
12/28/2025 02:40:44 - INFO - __main__ - Image 8 (GP020475_frame_000054_rgb_anon.png) mIoU: 27.10%
12/28/2025 02:49:11 - INFO - __main__ - Image 9 (GP020475_frame_000173_rgb_anon.png) mIoU: 26.88%
12/28/2025 02:49:11 - INFO - __main__ - === Results for fog ===
12/28/2025 02:49:11 - INFO - __main__ - Average Per-Image mIoU: 39.34% (For Debugging)
12/28/2025 02:49:11 - INFO - __main__ - Full Dataset mIoU:      32.53% (Official Cityscapes Metric)
12/28/2025 02:49:11 - INFO - __main__ - Per-Class IoU:
12/28/2025 02:49:11 - INFO - __main__ -   road           : 85.82%
12/28/2025 02:49:11 - INFO - __main__ -   sidewalk       : 34.54%
12/28/2025 02:49:11 - INFO - __main__ -   building       : 60.52%
12/28/2025 02:49:11 - INFO - __main__ -   wall           : 25.20%
12/28/2025 02:49:11 - INFO - __main__ -   fence          : 45.33%
12/28/2025 02:49:11 - INFO - __main__ -   pole           : 10.50%
12/28/2025 02:49:11 - INFO - __main__ -   traffic light  : 1.26%
12/28/2025 02:49:11 - INFO - __main__ -   traffic sign   : 8.67%
12/28/2025 02:49:11 - INFO - __main__ -   vegetation     : 79.51%
12/28/2025 02:49:11 - INFO - __main__ -   terrain        : 39.24%
12/28/2025 02:49:11 - INFO - __main__ -   sky            : 92.43%
12/28/2025 02:49:11 - INFO - __main__ -   person         : 11.83%
12/28/2025 02:49:11 - INFO - __main__ -   rider          : 0.00%
12/28/2025 02:49:11 - INFO - __main__ -   car            : 43.99%
12/28/2025 02:49:11 - INFO - __main__ -   truck          : 0.00%
12/28/2025 02:49:11 - INFO - __main__ -   bus            : 0.00%
12/28/2025 02:49:11 - INFO - __main__ -   train          : 46.76%
12/28/2025 02:49:11 - INFO - __main__ -   motorcycle     : nan%
12/28/2025 02:49:11 - INFO - __main__ -   bicycle        : 0.00%
12/28/2025 02:49:11 - INFO - __main__ - --- Processing night ---
12/28/2025 03:01:03 - INFO - __main__ - Image 0 (GOPR0351_frame_000039_rgb_anon.png) mIoU: 10.04%
12/28/2025 03:11:16 - INFO - __main__ - Image 1 (GOPR0351_frame_000061_rgb_anon.png) mIoU: 9.84%
12/28/2025 03:21:31 - INFO - __main__ - Image 2 (GOPR0351_frame_000079_rgb_anon.png) mIoU: 10.38%
12/28/2025 03:31:46 - INFO - __main__ - Image 3 (GOPR0351_frame_000724_rgb_anon.png) mIoU: 10.91%
12/28/2025 03:41:58 - INFO - __main__ - Image 4 (GOPR0356_frame_000327_rgb_anon.png) mIoU: 6.78%
12/28/2025 03:52:10 - INFO - __main__ - Image 5 (GOPR0356_frame_000348_rgb_anon.png) mIoU: 0.81%
12/28/2025 04:02:22 - INFO - __main__ - Image 6 (GOPR0356_frame_000372_rgb_anon.png) mIoU: 2.80%
12/28/2025 04:12:34 - INFO - __main__ - Image 7 (GOPR0356_frame_000382_rgb_anon.png) mIoU: 15.59%
12/28/2025 04:22:46 - INFO - __main__ - Image 8 (GOPR0356_frame_000404_rgb_anon.png) mIoU: 6.21%
12/28/2025 04:31:12 - INFO - __main__ - Image 9 (GOPR0356_frame_000473_rgb_anon.png) mIoU: 1.19%
12/28/2025 04:31:12 - INFO - __main__ - === Results for night ===
12/28/2025 04:31:12 - INFO - __main__ - Average Per-Image mIoU: 7.45% (For Debugging)
12/28/2025 04:31:12 - INFO - __main__ - Full Dataset mIoU:      7.38% (Official Cityscapes Metric)
12/28/2025 04:31:12 - INFO - __main__ - Per-Class IoU:
12/28/2025 04:31:12 - INFO - __main__ -   road           : 32.61%
12/28/2025 04:31:12 - INFO - __main__ -   sidewalk       : 0.47%
12/28/2025 04:31:12 - INFO - __main__ -   building       : 13.59%
12/28/2025 04:31:12 - INFO - __main__ -   wall           : 9.98%
12/28/2025 04:31:12 - INFO - __main__ -   fence          : 1.71%
12/28/2025 04:31:12 - INFO - __main__ -   pole           : 8.84%
12/28/2025 04:31:12 - INFO - __main__ -   traffic light  : 6.44%
12/28/2025 04:31:12 - INFO - __main__ -   traffic sign   : 0.08%
12/28/2025 04:31:12 - INFO - __main__ -   vegetation     : 43.51%
12/28/2025 04:31:12 - INFO - __main__ -   terrain        : 0.00%
12/28/2025 04:31:12 - INFO - __main__ -   sky            : 0.00%
12/28/2025 04:31:12 - INFO - __main__ -   person         : 0.00%
12/28/2025 04:31:12 - INFO - __main__ -   rider          : 0.00%
12/28/2025 04:31:12 - INFO - __main__ -   car            : 15.67%
12/28/2025 04:31:12 - INFO - __main__ -   truck          : 0.00%
12/28/2025 04:31:12 - INFO - __main__ -   bus            : 0.00%
12/28/2025 04:31:12 - INFO - __main__ -   train          : 0.00%
12/28/2025 04:31:12 - INFO - __main__ -   motorcycle     : nan%
12/28/2025 04:31:12 - INFO - __main__ -   bicycle        : 0.00%
12/28/2025 04:31:12 - INFO - __main__ - --- Processing rain ---
12/28/2025 04:43:04 - INFO - __main__ - Image 0 (GOPR0400_frame_000087_rgb_anon.png) mIoU: 29.97%
12/28/2025 04:53:16 - INFO - __main__ - Image 1 (GOPR0402_frame_000154_rgb_anon.png) mIoU: 40.23%
12/28/2025 05:03:31 - INFO - __main__ - Image 2 (GOPR0402_frame_000294_rgb_anon.png) mIoU: 33.48%
12/28/2025 05:13:45 - INFO - __main__ - Image 3 (GOPR0572_frame_000752_rgb_anon.png) mIoU: 32.74%
12/28/2025 05:23:57 - INFO - __main__ - Image 4 (GOPR0572_frame_000756_rgb_anon.png) mIoU: 24.57%
12/28/2025 05:34:10 - INFO - __main__ - Image 5 (GOPR0572_frame_000860_rgb_anon.png) mIoU: 39.66%
12/28/2025 05:44:23 - INFO - __main__ - Image 6 (GP020402_frame_000774_rgb_anon.png) mIoU: 43.84%
12/28/2025 05:54:35 - INFO - __main__ - Image 7 (GP020402_frame_000830_rgb_anon.png) mIoU: 43.38%
12/28/2025 05:59:18 - INFO - __main__ - Image 8 (GP020402_frame_000914_rgb_anon.png) mIoU: 37.57%
12/28/2025 06:03:14 - INFO - __main__ - Image 9 (GP030400_frame_000129_rgb_anon.png) mIoU: 37.31%
12/28/2025 06:03:14 - INFO - __main__ - === Results for rain ===
12/28/2025 06:03:14 - INFO - __main__ - Average Per-Image mIoU: 36.27% (For Debugging)
12/28/2025 06:03:14 - INFO - __main__ - Full Dataset mIoU:      29.09% (Official Cityscapes Metric)
12/28/2025 06:03:14 - INFO - __main__ - Per-Class IoU:
12/28/2025 06:03:14 - INFO - __main__ -   road           : 78.93%
12/28/2025 06:03:14 - INFO - __main__ -   sidewalk       : 15.97%
12/28/2025 06:03:14 - INFO - __main__ -   building       : 49.60%
12/28/2025 06:03:14 - INFO - __main__ -   wall           : 6.87%
12/28/2025 06:03:14 - INFO - __main__ -   fence          : 0.00%
12/28/2025 06:03:14 - INFO - __main__ -   pole           : 15.93%
12/28/2025 06:03:14 - INFO - __main__ -   traffic light  : 0.05%
12/28/2025 06:03:14 - INFO - __main__ -   traffic sign   : 43.86%
12/28/2025 06:03:14 - INFO - __main__ -   vegetation     : 82.50%
12/28/2025 06:03:14 - INFO - __main__ -   terrain        : 58.03%
12/28/2025 06:03:14 - INFO - __main__ -   sky            : 94.05%
12/28/2025 06:03:14 - INFO - __main__ -   person         : 0.00%
12/28/2025 06:03:14 - INFO - __main__ -   rider          : 0.00%
12/28/2025 06:03:14 - INFO - __main__ -   car            : 70.04%
12/28/2025 06:03:14 - INFO - __main__ -   truck          : 0.00%
12/28/2025 06:03:14 - INFO - __main__ -   bus            : 0.00%
12/28/2025 06:03:14 - INFO - __main__ -   train          : nan%
12/28/2025 06:03:14 - INFO - __main__ -   motorcycle     : 7.69%
12/28/2025 06:03:14 - INFO - __main__ -   bicycle        : 0.00%
12/28/2025 06:03:14 - INFO - __main__ - --- Processing snow ---
12/28/2025 06:08:45 - INFO - __main__ - Image 0 (GOPR0122_frame_000018_rgb_anon.png) mIoU: 31.59%
12/28/2025 06:13:31 - INFO - __main__ - Image 1 (GOPR0122_frame_000085_rgb_anon.png) mIoU: 35.33%
12/28/2025 06:18:17 - INFO - __main__ - Image 2 (GOPR0122_frame_000306_rgb_anon.png) mIoU: 30.08%
12/28/2025 06:23:03 - INFO - __main__ - Image 3 (GOPR0604_frame_000327_rgb_anon.png) mIoU: 32.17%
12/28/2025 06:27:46 - INFO - __main__ - Image 4 (GOPR0604_frame_000332_rgb_anon.png) mIoU: 35.08%
12/28/2025 06:32:29 - INFO - __main__ - Image 5 (GOPR0604_frame_000455_rgb_anon.png) mIoU: 30.44%
12/28/2025 06:37:13 - INFO - __main__ - Image 6 (GOPR0606_frame_000220_rgb_anon.png) mIoU: 34.70%
12/28/2025 06:41:57 - INFO - __main__ - Image 7 (GOPR0606_frame_000357_rgb_anon.png) mIoU: 24.03%
12/28/2025 06:46:40 - INFO - __main__ - Image 8 (GP010607_frame_000931_rgb_anon.png) mIoU: 19.97%
12/28/2025 06:50:37 - INFO - __main__ - Image 9 (GP030176_frame_000549_rgb_anon.png) mIoU: 31.30%
12/28/2025 06:50:37 - INFO - __main__ - === Results for snow ===
12/28/2025 06:50:37 - INFO - __main__ - Average Per-Image mIoU: 30.47% (For Debugging)
12/28/2025 06:50:37 - INFO - __main__ - Full Dataset mIoU:      30.66% (Official Cityscapes Metric)
12/28/2025 06:50:37 - INFO - __main__ - Per-Class IoU:
12/28/2025 06:50:37 - INFO - __main__ -   road           : 73.16%
12/28/2025 06:50:37 - INFO - __main__ -   sidewalk       : 18.83%
12/28/2025 06:50:37 - INFO - __main__ -   building       : 56.45%
12/28/2025 06:50:37 - INFO - __main__ -   wall           : 5.20%
12/28/2025 06:50:37 - INFO - __main__ -   fence          : 32.73%
12/28/2025 06:50:37 - INFO - __main__ -   pole           : 9.46%
12/28/2025 06:50:37 - INFO - __main__ -   traffic light  : 27.66%
12/28/2025 06:50:37 - INFO - __main__ -   traffic sign   : 19.53%
12/28/2025 06:50:37 - INFO - __main__ -   vegetation     : 75.30%
12/28/2025 06:50:37 - INFO - __main__ -   terrain        : 0.00%
12/28/2025 06:50:37 - INFO - __main__ -   sky            : 86.97%
12/28/2025 06:50:37 - INFO - __main__ -   person         : 0.00%
12/28/2025 06:50:37 - INFO - __main__ -   rider          : nan%
12/28/2025 06:50:37 - INFO - __main__ -   car            : 32.18%
12/28/2025 06:50:37 - INFO - __main__ -   truck          : 83.68%
12/28/2025 06:50:37 - INFO - __main__ -   bus            : 0.00%
12/28/2025 06:50:37 - INFO - __main__ -   train          : 0.00%
12/28/2025 06:50:37 - INFO - __main__ -   motorcycle     : nan%
12/28/2025 06:50:37 - INFO - __main__ -   bicycle        : 0.00%
