12/08/2025 00:13:14 - INFO - __main__ - Starting SDEdit Baseline with args: Namespace(dataloader_batch_size=1, max_images=10, seed=42, num_inference_steps=50, start_step_idx=0, r='/datavolume/data/aysu/ACDC/rgb_anon', g='/datavolume/data/aysu/ACDC/gt_trainval/gt')
12/08/2025 00:13:14 - INFO - __main__ - Loading SD Models...
12/08/2025 00:13:24 - INFO - __main__ - Loading SegFormer: nvidia/segformer-b5-finetuned-cityscapes-1024-1024
12/08/2025 00:13:30 - INFO - __main__ - Generating Gaussian Kernel for patch size (1024, 1024) and stride (512, 512)
12/08/2025 00:13:30 - INFO - __main__ - --- Processing fog ---
12/08/2025 00:16:25 - INFO - __main__ - Image 0 (GOPR0476_frame_000769_rgb_anon.png) mIoU: 8.41%
12/08/2025 00:18:59 - INFO - __main__ - Image 1 (GOPR0476_frame_000845_rgb_anon.png) mIoU: 10.68%
12/08/2025 00:21:32 - INFO - __main__ - Image 2 (GOPR0476_frame_000874_rgb_anon.png) mIoU: 12.32%
12/08/2025 00:24:05 - INFO - __main__ - Image 3 (GOPR0476_frame_001029_rgb_anon.png) mIoU: 6.96%
12/08/2025 00:26:36 - INFO - __main__ - Image 4 (GOPR0476_frame_001033_rgb_anon.png) mIoU: 7.24%
12/08/2025 00:29:07 - INFO - __main__ - Image 5 (GP010476_frame_000018_rgb_anon.png) mIoU: 7.46%
12/08/2025 00:31:37 - INFO - __main__ - Image 6 (GP010476_frame_000120_rgb_anon.png) mIoU: 7.62%
12/08/2025 00:34:08 - INFO - __main__ - Image 7 (GP010476_frame_000147_rgb_anon.png) mIoU: 7.70%
12/08/2025 00:36:39 - INFO - __main__ - Image 8 (GP020475_frame_000054_rgb_anon.png) mIoU: 10.15%
12/08/2025 00:38:44 - INFO - __main__ - Image 9 (GP020475_frame_000173_rgb_anon.png) mIoU: 7.20%
12/08/2025 00:38:44 - INFO - __main__ - === Results for fog ===
12/08/2025 00:38:44 - INFO - __main__ - Average Per-Image mIoU: 8.57% (For Debugging)
12/08/2025 00:38:44 - INFO - __main__ - Full Dataset mIoU:      6.78% (Official Cityscapes Metric)
12/08/2025 00:38:44 - INFO - __main__ - Per-Class IoU:
12/08/2025 00:38:44 - INFO - __main__ -   road           : 23.41%
12/08/2025 00:38:44 - INFO - __main__ -   sidewalk       : 0.00%
12/08/2025 00:38:44 - INFO - __main__ -   building       : 16.31%
12/08/2025 00:38:44 - INFO - __main__ -   wall           : 0.04%
12/08/2025 00:38:44 - INFO - __main__ -   fence          : 0.00%
12/08/2025 00:38:44 - INFO - __main__ -   pole           : 0.00%
12/08/2025 00:38:44 - INFO - __main__ -   traffic light  : 0.00%
12/08/2025 00:38:44 - INFO - __main__ -   traffic sign   : 0.00%
12/08/2025 00:38:44 - INFO - __main__ -   vegetation     : 19.14%
12/08/2025 00:38:44 - INFO - __main__ -   terrain        : 5.97%
12/08/2025 00:38:44 - INFO - __main__ -   sky            : 57.11%
12/08/2025 00:38:44 - INFO - __main__ -   person         : 0.00%
12/08/2025 00:38:44 - INFO - __main__ -   rider          : 0.00%
12/08/2025 00:38:44 - INFO - __main__ -   car            : 0.14%
12/08/2025 00:38:44 - INFO - __main__ -   truck          : 0.00%
12/08/2025 00:38:44 - INFO - __main__ -   bus            : nan%
12/08/2025 00:38:44 - INFO - __main__ -   train          : 0.00%
12/08/2025 00:38:44 - INFO - __main__ -   motorcycle     : 0.00%
12/08/2025 00:38:44 - INFO - __main__ -   bicycle        : 0.00%
12/08/2025 00:38:44 - INFO - __main__ - --- Processing night ---
12/08/2025 00:41:40 - INFO - __main__ - Image 0 (GOPR0351_frame_000039_rgb_anon.png) mIoU: 5.18%
12/08/2025 00:44:15 - INFO - __main__ - Image 1 (GOPR0351_frame_000061_rgb_anon.png) mIoU: 6.30%
12/08/2025 00:46:48 - INFO - __main__ - Image 2 (GOPR0351_frame_000079_rgb_anon.png) mIoU: 4.16%
12/08/2025 00:49:22 - INFO - __main__ - Image 3 (GOPR0351_frame_000724_rgb_anon.png) mIoU: 1.85%
12/08/2025 00:51:53 - INFO - __main__ - Image 4 (GOPR0356_frame_000327_rgb_anon.png) mIoU: 5.50%
12/08/2025 00:54:23 - INFO - __main__ - Image 5 (GOPR0356_frame_000348_rgb_anon.png) mIoU: 3.58%
12/08/2025 00:56:54 - INFO - __main__ - Image 6 (GOPR0356_frame_000372_rgb_anon.png) mIoU: 4.11%
12/08/2025 00:59:25 - INFO - __main__ - Image 7 (GOPR0356_frame_000382_rgb_anon.png) mIoU: 2.91%
12/08/2025 01:01:55 - INFO - __main__ - Image 8 (GOPR0356_frame_000404_rgb_anon.png) mIoU: 1.27%
12/08/2025 01:04:02 - INFO - __main__ - Image 9 (GOPR0356_frame_000473_rgb_anon.png) mIoU: 2.23%
12/08/2025 01:04:02 - INFO - __main__ - === Results for night ===
12/08/2025 01:04:02 - INFO - __main__ - Average Per-Image mIoU: 3.71% (For Debugging)
12/08/2025 01:04:02 - INFO - __main__ - Full Dataset mIoU:      2.94% (Official Cityscapes Metric)
12/08/2025 01:04:02 - INFO - __main__ - Per-Class IoU:
12/08/2025 01:04:02 - INFO - __main__ -   road           : 12.92%
12/08/2025 01:04:02 - INFO - __main__ -   sidewalk       : 0.51%
12/08/2025 01:04:02 - INFO - __main__ -   building       : 11.32%
12/08/2025 01:04:02 - INFO - __main__ -   wall           : 0.09%
12/08/2025 01:04:02 - INFO - __main__ -   fence          : 0.00%
12/08/2025 01:04:02 - INFO - __main__ -   pole           : 0.00%
12/08/2025 01:04:02 - INFO - __main__ -   traffic light  : 0.00%
12/08/2025 01:04:02 - INFO - __main__ -   traffic sign   : 0.00%
12/08/2025 01:04:02 - INFO - __main__ -   vegetation     : 27.06%
12/08/2025 01:04:02 - INFO - __main__ -   terrain        : 0.61%
12/08/2025 01:04:02 - INFO - __main__ -   sky            : 0.04%
12/08/2025 01:04:02 - INFO - __main__ -   person         : 0.01%
12/08/2025 01:04:02 - INFO - __main__ -   rider          : 0.00%
12/08/2025 01:04:02 - INFO - __main__ -   car            : 0.32%
12/08/2025 01:04:02 - INFO - __main__ -   truck          : 0.00%
12/08/2025 01:04:02 - INFO - __main__ -   bus            : nan%
12/08/2025 01:04:02 - INFO - __main__ -   train          : 0.00%
12/08/2025 01:04:02 - INFO - __main__ -   motorcycle     : 0.00%
12/08/2025 01:04:02 - INFO - __main__ -   bicycle        : 0.00%
12/08/2025 01:04:02 - INFO - __main__ - --- Processing rain ---
12/08/2025 01:06:58 - INFO - __main__ - Image 0 (GOPR0400_frame_000087_rgb_anon.png) mIoU: 8.38%
12/08/2025 01:09:31 - INFO - __main__ - Image 1 (GOPR0402_frame_000154_rgb_anon.png) mIoU: 8.62%
12/08/2025 01:12:05 - INFO - __main__ - Image 2 (GOPR0402_frame_000294_rgb_anon.png) mIoU: 10.78%
12/08/2025 01:14:38 - INFO - __main__ - Image 3 (GOPR0572_frame_000752_rgb_anon.png) mIoU: 7.48%
12/08/2025 01:17:09 - INFO - __main__ - Image 4 (GOPR0572_frame_000756_rgb_anon.png) mIoU: 8.69%
12/08/2025 01:19:39 - INFO - __main__ - Image 5 (GOPR0572_frame_000860_rgb_anon.png) mIoU: 8.55%
12/08/2025 01:22:10 - INFO - __main__ - Image 6 (GP020402_frame_000774_rgb_anon.png) mIoU: 12.09%
12/08/2025 01:24:41 - INFO - __main__ - Image 7 (GP020402_frame_000830_rgb_anon.png) mIoU: 7.24%
12/08/2025 01:27:11 - INFO - __main__ - Image 8 (GP020402_frame_000914_rgb_anon.png) mIoU: 8.24%
12/08/2025 01:29:17 - INFO - __main__ - Image 9 (GP030400_frame_000129_rgb_anon.png) mIoU: 9.69%
12/08/2025 01:29:17 - INFO - __main__ - === Results for rain ===
12/08/2025 01:29:17 - INFO - __main__ - Average Per-Image mIoU: 8.98% (For Debugging)
12/08/2025 01:29:17 - INFO - __main__ - Full Dataset mIoU:      7.47% (Official Cityscapes Metric)
12/08/2025 01:29:17 - INFO - __main__ - Per-Class IoU:
12/08/2025 01:29:17 - INFO - __main__ -   road           : 24.26%
12/08/2025 01:29:17 - INFO - __main__ -   sidewalk       : 0.31%
12/08/2025 01:29:17 - INFO - __main__ -   building       : 17.97%
12/08/2025 01:29:17 - INFO - __main__ -   wall           : 0.79%
12/08/2025 01:29:17 - INFO - __main__ -   fence          : 0.00%
12/08/2025 01:29:17 - INFO - __main__ -   pole           : 0.00%
12/08/2025 01:29:17 - INFO - __main__ -   traffic light  : 0.00%
12/08/2025 01:29:17 - INFO - __main__ -   traffic sign   : 0.00%
12/08/2025 01:29:17 - INFO - __main__ -   vegetation     : 27.72%
12/08/2025 01:29:17 - INFO - __main__ -   terrain        : 0.46%
12/08/2025 01:29:17 - INFO - __main__ -   sky            : 62.85%
12/08/2025 01:29:17 - INFO - __main__ -   person         : 0.00%
12/08/2025 01:29:17 - INFO - __main__ -   rider          : 0.00%
12/08/2025 01:29:17 - INFO - __main__ -   car            : 0.07%
12/08/2025 01:29:17 - INFO - __main__ -   truck          : 0.00%
12/08/2025 01:29:17 - INFO - __main__ -   bus            : 0.00%
12/08/2025 01:29:17 - INFO - __main__ -   train          : nan%
12/08/2025 01:29:17 - INFO - __main__ -   motorcycle     : 0.00%
12/08/2025 01:29:17 - INFO - __main__ -   bicycle        : 0.00%
12/08/2025 01:29:17 - INFO - __main__ - --- Processing snow ---
12/08/2025 01:32:12 - INFO - __main__ - Image 0 (GOPR0122_frame_000018_rgb_anon.png) mIoU: 11.75%
12/08/2025 01:34:46 - INFO - __main__ - Image 1 (GOPR0122_frame_000085_rgb_anon.png) mIoU: 11.67%
12/08/2025 01:37:19 - INFO - __main__ - Image 2 (GOPR0122_frame_000306_rgb_anon.png) mIoU: 8.73%
12/08/2025 01:39:52 - INFO - __main__ - Image 3 (GOPR0604_frame_000327_rgb_anon.png) mIoU: 6.83%
12/08/2025 01:42:23 - INFO - __main__ - Image 4 (GOPR0604_frame_000332_rgb_anon.png) mIoU: 6.40%
12/08/2025 01:44:53 - INFO - __main__ - Image 5 (GOPR0604_frame_000455_rgb_anon.png) mIoU: 7.15%
12/08/2025 01:47:24 - INFO - __main__ - Image 6 (GOPR0606_frame_000220_rgb_anon.png) mIoU: 7.51%
12/08/2025 01:49:55 - INFO - __main__ - Image 7 (GOPR0606_frame_000357_rgb_anon.png) mIoU: 4.49%
12/08/2025 01:52:25 - INFO - __main__ - Image 8 (GP010607_frame_000931_rgb_anon.png) mIoU: 4.43%
12/08/2025 01:54:31 - INFO - __main__ - Image 9 (GP030176_frame_000549_rgb_anon.png) mIoU: 8.78%
12/08/2025 01:54:31 - INFO - __main__ - === Results for snow ===
12/08/2025 01:54:31 - INFO - __main__ - Average Per-Image mIoU: 7.77% (For Debugging)
12/08/2025 01:54:31 - INFO - __main__ - Full Dataset mIoU:      6.33% (Official Cityscapes Metric)
12/08/2025 01:54:31 - INFO - __main__ - Per-Class IoU:
12/08/2025 01:54:31 - INFO - __main__ -   road           : 27.61%
12/08/2025 01:54:31 - INFO - __main__ -   sidewalk       : 0.08%
12/08/2025 01:54:31 - INFO - __main__ -   building       : 15.10%
12/08/2025 01:54:31 - INFO - __main__ -   wall           : 0.55%
12/08/2025 01:54:31 - INFO - __main__ -   fence          : 0.00%
12/08/2025 01:54:31 - INFO - __main__ -   pole           : 0.00%
12/08/2025 01:54:31 - INFO - __main__ -   traffic light  : 0.00%
12/08/2025 01:54:31 - INFO - __main__ -   traffic sign   : 0.00%
12/08/2025 01:54:31 - INFO - __main__ -   vegetation     : 21.88%
12/08/2025 01:54:31 - INFO - __main__ -   terrain        : 3.63%
12/08/2025 01:54:31 - INFO - __main__ -   sky            : 51.30%
12/08/2025 01:54:31 - INFO - __main__ -   person         : 0.00%
12/08/2025 01:54:31 - INFO - __main__ -   rider          : 0.00%
12/08/2025 01:54:31 - INFO - __main__ -   car            : 0.18%
12/08/2025 01:54:31 - INFO - __main__ -   truck          : 0.00%
12/08/2025 01:54:31 - INFO - __main__ -   bus            : 0.00%
12/08/2025 01:54:31 - INFO - __main__ -   train          : 0.00%
12/08/2025 01:54:31 - INFO - __main__ -   motorcycle     : 0.00%
12/08/2025 01:54:31 - INFO - __main__ -   bicycle        : 0.00%
