12/14/2025 00:14:48 - INFO - __main__ - Starting SDEdit Baseline with args: Namespace(dataloader_batch_size=1, max_images=10, seed=42, num_inference_steps=50, start_step_idx=35, r='/datavolume/data/aysu/ACDC/rgb_anon', g='/datavolume/data/aysu/ACDC/gt_trainval/gt')
12/14/2025 00:14:48 - INFO - __main__ - Loading SD Models...
12/14/2025 00:14:57 - INFO - __main__ - Loading SegFormer: nvidia/segformer-b5-finetuned-cityscapes-1024-1024
12/14/2025 00:15:03 - INFO - __main__ - Generating Gaussian Kernel for patch size (1024, 1024) and stride (512, 512)
12/14/2025 00:15:03 - INFO - __main__ - --- Processing fog ---
12/14/2025 00:16:00 - INFO - __main__ - Image 0 (GOPR0476_frame_000769_rgb_anon.png) mIoU: 58.37%
12/14/2025 00:16:52 - INFO - __main__ - Image 1 (GOPR0476_frame_000845_rgb_anon.png) mIoU: 55.46%
12/14/2025 00:17:45 - INFO - __main__ - Image 2 (GOPR0476_frame_000874_rgb_anon.png) mIoU: 60.73%
12/14/2025 00:18:37 - INFO - __main__ - Image 3 (GOPR0476_frame_001029_rgb_anon.png) mIoU: 43.49%
12/14/2025 00:19:27 - INFO - __main__ - Image 4 (GOPR0476_frame_001033_rgb_anon.png) mIoU: 59.45%
12/14/2025 00:20:16 - INFO - __main__ - Image 5 (GP010476_frame_000018_rgb_anon.png) mIoU: 54.29%
12/14/2025 00:21:06 - INFO - __main__ - Image 6 (GP010476_frame_000120_rgb_anon.png) mIoU: 63.54%
12/14/2025 00:21:56 - INFO - __main__ - Image 7 (GP010476_frame_000147_rgb_anon.png) mIoU: 47.99%
12/14/2025 00:22:46 - INFO - __main__ - Image 8 (GP020475_frame_000054_rgb_anon.png) mIoU: 48.60%
12/14/2025 00:23:28 - INFO - __main__ - Image 9 (GP020475_frame_000173_rgb_anon.png) mIoU: 50.62%
12/14/2025 00:23:28 - INFO - __main__ - === Results for fog ===
12/14/2025 00:23:28 - INFO - __main__ - Average Per-Image mIoU: 54.25% (For Debugging)
12/14/2025 00:23:28 - INFO - __main__ - Full Dataset mIoU:      53.74% (Official Cityscapes Metric)
12/14/2025 00:23:28 - INFO - __main__ - Per-Class IoU:
12/14/2025 00:23:28 - INFO - __main__ -   road           : 96.22%
12/14/2025 00:23:28 - INFO - __main__ -   sidewalk       : 73.42%
12/14/2025 00:23:28 - INFO - __main__ -   building       : 83.69%
12/14/2025 00:23:28 - INFO - __main__ -   wall           : 72.75%
12/14/2025 00:23:28 - INFO - __main__ -   fence          : 50.41%
12/14/2025 00:23:28 - INFO - __main__ -   pole           : 24.84%
12/14/2025 00:23:28 - INFO - __main__ -   traffic light  : 24.19%
12/14/2025 00:23:28 - INFO - __main__ -   traffic sign   : 60.64%
12/14/2025 00:23:28 - INFO - __main__ -   vegetation     : 82.37%
12/14/2025 00:23:28 - INFO - __main__ -   terrain        : 43.61%
12/14/2025 00:23:28 - INFO - __main__ -   sky            : 97.04%
12/14/2025 00:23:28 - INFO - __main__ -   person         : 22.74%
12/14/2025 00:23:28 - INFO - __main__ -   rider          : 0.00%
12/14/2025 00:23:28 - INFO - __main__ -   car            : 88.54%
12/14/2025 00:23:28 - INFO - __main__ -   truck          : 0.00%
12/14/2025 00:23:28 - INFO - __main__ -   bus            : nan%
12/14/2025 00:23:28 - INFO - __main__ -   train          : 93.12%
12/14/2025 00:23:28 - INFO - __main__ -   motorcycle     : nan%
12/14/2025 00:23:28 - INFO - __main__ -   bicycle        : 0.00%
12/14/2025 00:23:28 - INFO - __main__ - --- Processing night ---
12/14/2025 00:24:26 - INFO - __main__ - Image 0 (GOPR0351_frame_000039_rgb_anon.png) mIoU: 26.28%
12/14/2025 00:25:19 - INFO - __main__ - Image 1 (GOPR0351_frame_000061_rgb_anon.png) mIoU: 16.12%
12/14/2025 00:26:12 - INFO - __main__ - Image 2 (GOPR0351_frame_000079_rgb_anon.png) mIoU: 32.41%
12/14/2025 00:27:06 - INFO - __main__ - Image 3 (GOPR0351_frame_000724_rgb_anon.png) mIoU: 31.66%
12/14/2025 00:27:55 - INFO - __main__ - Image 4 (GOPR0356_frame_000327_rgb_anon.png) mIoU: 24.71%
12/14/2025 00:28:45 - INFO - __main__ - Image 5 (GOPR0356_frame_000348_rgb_anon.png) mIoU: 20.28%
12/14/2025 00:29:35 - INFO - __main__ - Image 6 (GOPR0356_frame_000372_rgb_anon.png) mIoU: 21.97%
12/14/2025 00:30:25 - INFO - __main__ - Image 7 (GOPR0356_frame_000382_rgb_anon.png) mIoU: 18.48%
12/14/2025 00:31:15 - INFO - __main__ - Image 8 (GOPR0356_frame_000404_rgb_anon.png) mIoU: 30.34%
12/14/2025 00:31:57 - INFO - __main__ - Image 9 (GOPR0356_frame_000473_rgb_anon.png) mIoU: 13.87%
12/14/2025 00:31:57 - INFO - __main__ - === Results for night ===
12/14/2025 00:31:57 - INFO - __main__ - Average Per-Image mIoU: 23.61% (For Debugging)
12/14/2025 00:31:57 - INFO - __main__ - Full Dataset mIoU:      27.06% (Official Cityscapes Metric)
12/14/2025 00:31:57 - INFO - __main__ - Per-Class IoU:
12/14/2025 00:31:57 - INFO - __main__ -   road           : 77.65%
12/14/2025 00:31:57 - INFO - __main__ -   sidewalk       : 22.69%
12/14/2025 00:31:57 - INFO - __main__ -   building       : 37.45%
12/14/2025 00:31:57 - INFO - __main__ -   wall           : 0.33%
12/14/2025 00:31:57 - INFO - __main__ -   fence          : 28.04%
12/14/2025 00:31:57 - INFO - __main__ -   pole           : 39.53%
12/14/2025 00:31:57 - INFO - __main__ -   traffic light  : 46.58%
12/14/2025 00:31:57 - INFO - __main__ -   traffic sign   : 2.87%
12/14/2025 00:31:57 - INFO - __main__ -   vegetation     : 50.13%
12/14/2025 00:31:57 - INFO - __main__ -   terrain        : 18.11%
12/14/2025 00:31:57 - INFO - __main__ -   sky            : 1.70%
12/14/2025 00:31:57 - INFO - __main__ -   person         : 0.00%
12/14/2025 00:31:57 - INFO - __main__ -   rider          : 0.00%
12/14/2025 00:31:57 - INFO - __main__ -   car            : 70.12%
12/14/2025 00:31:57 - INFO - __main__ -   truck          : 40.89%
12/14/2025 00:31:57 - INFO - __main__ -   bus            : 0.00%
12/14/2025 00:31:57 - INFO - __main__ -   train          : 51.06%
12/14/2025 00:31:57 - INFO - __main__ -   motorcycle     : nan%
12/14/2025 00:31:57 - INFO - __main__ -   bicycle        : 0.00%
12/14/2025 00:31:57 - INFO - __main__ - --- Processing rain ---
12/14/2025 00:32:56 - INFO - __main__ - Image 0 (GOPR0400_frame_000087_rgb_anon.png) mIoU: 53.49%
12/14/2025 00:33:48 - INFO - __main__ - Image 1 (GOPR0402_frame_000154_rgb_anon.png) mIoU: 44.60%
12/14/2025 00:34:41 - INFO - __main__ - Image 2 (GOPR0402_frame_000294_rgb_anon.png) mIoU: 39.87%
12/14/2025 00:35:33 - INFO - __main__ - Image 3 (GOPR0572_frame_000752_rgb_anon.png) mIoU: 40.64%
12/14/2025 00:36:23 - INFO - __main__ - Image 4 (GOPR0572_frame_000756_rgb_anon.png) mIoU: 35.37%
12/14/2025 00:37:13 - INFO - __main__ - Image 5 (GOPR0572_frame_000860_rgb_anon.png) mIoU: 47.57%
12/14/2025 00:38:03 - INFO - __main__ - Image 6 (GP020402_frame_000774_rgb_anon.png) mIoU: 53.11%
12/14/2025 00:38:53 - INFO - __main__ - Image 7 (GP020402_frame_000830_rgb_anon.png) mIoU: 41.92%
12/14/2025 00:39:43 - INFO - __main__ - Image 8 (GP020402_frame_000914_rgb_anon.png) mIoU: 77.41%
12/14/2025 00:40:25 - INFO - __main__ - Image 9 (GP030400_frame_000129_rgb_anon.png) mIoU: 54.55%
12/14/2025 00:40:25 - INFO - __main__ - === Results for rain ===
12/14/2025 00:40:25 - INFO - __main__ - Average Per-Image mIoU: 48.85% (For Debugging)
12/14/2025 00:40:25 - INFO - __main__ - Full Dataset mIoU:      37.59% (Official Cityscapes Metric)
12/14/2025 00:40:25 - INFO - __main__ - Per-Class IoU:
12/14/2025 00:40:25 - INFO - __main__ -   road           : 87.02%
12/14/2025 00:40:25 - INFO - __main__ -   sidewalk       : 49.25%
12/14/2025 00:40:25 - INFO - __main__ -   building       : 88.09%
12/14/2025 00:40:25 - INFO - __main__ -   wall           : 37.51%
12/14/2025 00:40:25 - INFO - __main__ -   fence          : 12.82%
12/14/2025 00:40:25 - INFO - __main__ -   pole           : 30.25%
12/14/2025 00:40:25 - INFO - __main__ -   traffic light  : 5.83%
12/14/2025 00:40:25 - INFO - __main__ -   traffic sign   : 52.79%
12/14/2025 00:40:25 - INFO - __main__ -   vegetation     : 88.77%
12/14/2025 00:40:25 - INFO - __main__ -   terrain        : 56.23%
12/14/2025 00:40:25 - INFO - __main__ -   sky            : 98.01%
12/14/2025 00:40:25 - INFO - __main__ -   person         : 0.00%
12/14/2025 00:40:25 - INFO - __main__ -   rider          : 0.00%
12/14/2025 00:40:25 - INFO - __main__ -   car            : 88.01%
12/14/2025 00:40:25 - INFO - __main__ -   truck          : 0.00%
12/14/2025 00:40:25 - INFO - __main__ -   bus            : 19.66%
12/14/2025 00:40:25 - INFO - __main__ -   train          : 0.00%
12/14/2025 00:40:25 - INFO - __main__ -   motorcycle     : 0.00%
12/14/2025 00:40:25 - INFO - __main__ -   bicycle        : 0.00%
12/14/2025 00:40:25 - INFO - __main__ - --- Processing snow ---
12/14/2025 00:41:23 - INFO - __main__ - Image 0 (GOPR0122_frame_000018_rgb_anon.png) mIoU: 39.78%
12/14/2025 00:42:16 - INFO - __main__ - Image 1 (GOPR0122_frame_000085_rgb_anon.png) mIoU: 58.01%
12/14/2025 00:43:08 - INFO - __main__ - Image 2 (GOPR0122_frame_000306_rgb_anon.png) mIoU: 37.02%
12/14/2025 00:44:01 - INFO - __main__ - Image 3 (GOPR0604_frame_000327_rgb_anon.png) mIoU: 35.00%
12/14/2025 00:44:51 - INFO - __main__ - Image 4 (GOPR0604_frame_000332_rgb_anon.png) mIoU: 45.64%
12/14/2025 00:45:41 - INFO - __main__ - Image 5 (GOPR0604_frame_000455_rgb_anon.png) mIoU: 39.69%
12/14/2025 00:46:31 - INFO - __main__ - Image 6 (GOPR0606_frame_000220_rgb_anon.png) mIoU: 50.55%
12/14/2025 00:47:20 - INFO - __main__ - Image 7 (GOPR0606_frame_000357_rgb_anon.png) mIoU: 42.89%
12/14/2025 00:48:10 - INFO - __main__ - Image 8 (GP010607_frame_000931_rgb_anon.png) mIoU: 34.09%
12/14/2025 00:48:52 - INFO - __main__ - Image 9 (GP030176_frame_000549_rgb_anon.png) mIoU: 32.71%
12/14/2025 00:48:52 - INFO - __main__ - === Results for snow ===
12/14/2025 00:48:52 - INFO - __main__ - Average Per-Image mIoU: 41.54% (For Debugging)
12/14/2025 00:48:52 - INFO - __main__ - Full Dataset mIoU:      41.35% (Official Cityscapes Metric)
12/14/2025 00:48:52 - INFO - __main__ - Per-Class IoU:
12/14/2025 00:48:52 - INFO - __main__ -   road           : 89.21%
12/14/2025 00:48:52 - INFO - __main__ -   sidewalk       : 48.84%
12/14/2025 00:48:52 - INFO - __main__ -   building       : 72.80%
12/14/2025 00:48:52 - INFO - __main__ -   wall           : 13.75%
12/14/2025 00:48:52 - INFO - __main__ -   fence          : 37.96%
12/14/2025 00:48:52 - INFO - __main__ -   pole           : 32.26%
12/14/2025 00:48:52 - INFO - __main__ -   traffic light  : 33.09%
12/14/2025 00:48:52 - INFO - __main__ -   traffic sign   : 40.02%
12/14/2025 00:48:52 - INFO - __main__ -   vegetation     : 83.01%
12/14/2025 00:48:52 - INFO - __main__ -   terrain        : 2.34%
12/14/2025 00:48:52 - INFO - __main__ -   sky            : 96.62%
12/14/2025 00:48:52 - INFO - __main__ -   person         : 11.93%
12/14/2025 00:48:52 - INFO - __main__ -   rider          : nan%
12/14/2025 00:48:52 - INFO - __main__ -   car            : 81.71%
12/14/2025 00:48:52 - INFO - __main__ -   truck          : 71.62%
12/14/2025 00:48:52 - INFO - __main__ -   bus            : 29.08%
12/14/2025 00:48:52 - INFO - __main__ -   train          : 0.00%
12/14/2025 00:48:52 - INFO - __main__ -   motorcycle     : 0.00%
12/14/2025 00:48:52 - INFO - __main__ -   bicycle        : 0.00%
