12/27/2025 00:37:03 - INFO - __main__ - Starting SDEdit Baseline with args: Namespace(dataloader_batch_size=1, max_images=10, seed=42, num_inference_steps=50, start_step_idx=45, r='/datavolume/data/aysu/ACDC/rgb_anon', g='/datavolume/data/aysu/ACDC/gt_trainval/gt')
12/27/2025 00:37:03 - INFO - __main__ - Loading SD Models...
12/27/2025 00:37:08 - INFO - __main__ - Loading SegFormer: nvidia/segformer-b5-finetuned-cityscapes-1024-1024
12/27/2025 00:37:11 - INFO - __main__ - Generating Gaussian Kernel for patch size (1024, 1024) and stride (512, 512)
12/27/2025 00:37:11 - INFO - __main__ - --- Processing fog ---
12/27/2025 00:37:35 - INFO - __main__ - Image 0 (GOPR0476_frame_000769_rgb_anon.png) mIoU: 71.98%
12/27/2025 00:37:57 - INFO - __main__ - Image 1 (GOPR0476_frame_000845_rgb_anon.png) mIoU: 58.14%
12/27/2025 00:38:20 - INFO - __main__ - Image 2 (GOPR0476_frame_000874_rgb_anon.png) mIoU: 62.70%
12/27/2025 00:38:43 - INFO - __main__ - Image 3 (GOPR0476_frame_001029_rgb_anon.png) mIoU: 58.56%
12/27/2025 00:39:04 - INFO - __main__ - Image 4 (GOPR0476_frame_001033_rgb_anon.png) mIoU: 57.83%
12/27/2025 00:39:42 - INFO - __main__ - Image 5 (GP010476_frame_000018_rgb_anon.png) mIoU: 64.47%
12/27/2025 00:40:17 - INFO - __main__ - Image 6 (GP010476_frame_000120_rgb_anon.png) mIoU: 71.77%
12/27/2025 00:40:58 - INFO - __main__ - Image 7 (GP010476_frame_000147_rgb_anon.png) mIoU: 47.67%
12/27/2025 00:41:38 - INFO - __main__ - Image 8 (GP020475_frame_000054_rgb_anon.png) mIoU: 49.26%
12/27/2025 00:42:12 - INFO - __main__ - Image 9 (GP020475_frame_000173_rgb_anon.png) mIoU: 66.62%
12/27/2025 00:42:12 - INFO - __main__ - === Results for fog ===
12/27/2025 00:42:12 - INFO - __main__ - Average Per-Image mIoU: 60.90% (For Debugging)
12/27/2025 00:42:12 - INFO - __main__ - Full Dataset mIoU:      65.36% (Official Cityscapes Metric)
12/27/2025 00:42:12 - INFO - __main__ - Per-Class IoU:
12/27/2025 00:42:12 - INFO - __main__ -   road           : 96.82%
12/27/2025 00:42:12 - INFO - __main__ -   sidewalk       : 77.99%
12/27/2025 00:42:12 - INFO - __main__ -   building       : 86.26%
12/27/2025 00:42:12 - INFO - __main__ -   wall           : 76.70%
12/27/2025 00:42:12 - INFO - __main__ -   fence          : 50.27%
12/27/2025 00:42:12 - INFO - __main__ -   pole           : 41.44%
12/27/2025 00:42:12 - INFO - __main__ -   traffic light  : 62.35%
12/27/2025 00:42:12 - INFO - __main__ -   traffic sign   : 76.64%
12/27/2025 00:42:12 - INFO - __main__ -   vegetation     : 85.39%
12/27/2025 00:42:12 - INFO - __main__ -   terrain        : 49.33%
12/27/2025 00:42:12 - INFO - __main__ -   sky            : 97.08%
12/27/2025 00:42:12 - INFO - __main__ -   person         : 58.65%
12/27/2025 00:42:12 - INFO - __main__ -   rider          : 0.00%
12/27/2025 00:42:12 - INFO - __main__ -   car            : 91.69%
12/27/2025 00:42:12 - INFO - __main__ -   truck          : nan%
12/27/2025 00:42:12 - INFO - __main__ -   bus            : nan%
12/27/2025 00:42:12 - INFO - __main__ -   train          : 94.57%
12/27/2025 00:42:12 - INFO - __main__ -   motorcycle     : nan%
12/27/2025 00:42:12 - INFO - __main__ -   bicycle        : 0.57%
12/27/2025 00:42:12 - INFO - __main__ - --- Processing night ---
12/27/2025 00:42:54 - INFO - __main__ - Image 0 (GOPR0351_frame_000039_rgb_anon.png) mIoU: 25.88%
12/27/2025 00:43:34 - INFO - __main__ - Image 1 (GOPR0351_frame_000061_rgb_anon.png) mIoU: 16.54%
12/27/2025 00:44:18 - INFO - __main__ - Image 2 (GOPR0351_frame_000079_rgb_anon.png) mIoU: 36.84%
12/27/2025 00:45:02 - INFO - __main__ - Image 3 (GOPR0351_frame_000724_rgb_anon.png) mIoU: 39.89%
12/27/2025 00:45:40 - INFO - __main__ - Image 4 (GOPR0356_frame_000327_rgb_anon.png) mIoU: 29.79%
12/27/2025 00:46:15 - INFO - __main__ - Image 5 (GOPR0356_frame_000348_rgb_anon.png) mIoU: 21.38%
12/27/2025 00:46:55 - INFO - __main__ - Image 6 (GOPR0356_frame_000372_rgb_anon.png) mIoU: 26.80%
12/27/2025 00:47:36 - INFO - __main__ - Image 7 (GOPR0356_frame_000382_rgb_anon.png) mIoU: 33.88%
12/27/2025 00:48:16 - INFO - __main__ - Image 8 (GOPR0356_frame_000404_rgb_anon.png) mIoU: 33.44%
12/27/2025 00:48:47 - INFO - __main__ - Image 9 (GOPR0356_frame_000473_rgb_anon.png) mIoU: 17.58%
12/27/2025 00:48:47 - INFO - __main__ - === Results for night ===
12/27/2025 00:48:47 - INFO - __main__ - Average Per-Image mIoU: 28.20% (For Debugging)
12/27/2025 00:48:47 - INFO - __main__ - Full Dataset mIoU:      34.83% (Official Cityscapes Metric)
12/27/2025 00:48:47 - INFO - __main__ - Per-Class IoU:
12/27/2025 00:48:47 - INFO - __main__ -   road           : 79.40%
12/27/2025 00:48:47 - INFO - __main__ -   sidewalk       : 28.59%
12/27/2025 00:48:47 - INFO - __main__ -   building       : 45.97%
12/27/2025 00:48:47 - INFO - __main__ -   wall           : 10.89%
12/27/2025 00:48:47 - INFO - __main__ -   fence          : 29.67%
12/27/2025 00:48:47 - INFO - __main__ -   pole           : 46.87%
12/27/2025 00:48:47 - INFO - __main__ -   traffic light  : 64.88%
12/27/2025 00:48:47 - INFO - __main__ -   traffic sign   : 21.45%
12/27/2025 00:48:47 - INFO - __main__ -   vegetation     : 55.32%
12/27/2025 00:48:47 - INFO - __main__ -   terrain        : 24.56%
12/27/2025 00:48:47 - INFO - __main__ -   sky            : 1.65%
12/27/2025 00:48:47 - INFO - __main__ -   person         : 0.68%
12/27/2025 00:48:47 - INFO - __main__ -   rider          : 62.90%
12/27/2025 00:48:47 - INFO - __main__ -   car            : 73.79%
12/27/2025 00:48:47 - INFO - __main__ -   truck          : 0.00%
12/27/2025 00:48:47 - INFO - __main__ -   bus            : nan%
12/27/2025 00:48:47 - INFO - __main__ -   train          : 64.21%
12/27/2025 00:48:47 - INFO - __main__ -   motorcycle     : 0.00%
12/27/2025 00:48:47 - INFO - __main__ -   bicycle        : 16.19%
12/27/2025 00:48:47 - INFO - __main__ - --- Processing rain ---
12/27/2025 00:49:31 - INFO - __main__ - Image 0 (GOPR0400_frame_000087_rgb_anon.png) mIoU: 51.00%
12/27/2025 00:50:14 - INFO - __main__ - Image 1 (GOPR0402_frame_000154_rgb_anon.png) mIoU: 65.10%
12/27/2025 00:50:57 - INFO - __main__ - Image 2 (GOPR0402_frame_000294_rgb_anon.png) mIoU: 47.40%
12/27/2025 00:51:27 - INFO - __main__ - Image 3 (GOPR0572_frame_000752_rgb_anon.png) mIoU: 55.87%
12/27/2025 00:51:48 - INFO - __main__ - Image 4 (GOPR0572_frame_000756_rgb_anon.png) mIoU: 37.88%
12/27/2025 00:52:08 - INFO - __main__ - Image 5 (GOPR0572_frame_000860_rgb_anon.png) mIoU: 51.74%
12/27/2025 00:52:29 - INFO - __main__ - Image 6 (GP020402_frame_000774_rgb_anon.png) mIoU: 62.08%
12/27/2025 00:52:50 - INFO - __main__ - Image 7 (GP020402_frame_000830_rgb_anon.png) mIoU: 56.76%
12/27/2025 00:53:10 - INFO - __main__ - Image 8 (GP020402_frame_000914_rgb_anon.png) mIoU: 68.57%
12/27/2025 00:53:28 - INFO - __main__ - Image 9 (GP030400_frame_000129_rgb_anon.png) mIoU: 62.40%
12/27/2025 00:53:28 - INFO - __main__ - === Results for rain ===
12/27/2025 00:53:28 - INFO - __main__ - Average Per-Image mIoU: 55.88% (For Debugging)
12/27/2025 00:53:28 - INFO - __main__ - Full Dataset mIoU:      48.57% (Official Cityscapes Metric)
12/27/2025 00:53:28 - INFO - __main__ - Per-Class IoU:
12/27/2025 00:53:28 - INFO - __main__ -   road           : 90.96%
12/27/2025 00:53:28 - INFO - __main__ -   sidewalk       : 62.34%
12/27/2025 00:53:28 - INFO - __main__ -   building       : 89.83%
12/27/2025 00:53:28 - INFO - __main__ -   wall           : 60.70%
12/27/2025 00:53:28 - INFO - __main__ -   fence          : 26.59%
12/27/2025 00:53:28 - INFO - __main__ -   pole           : 37.72%
12/27/2025 00:53:28 - INFO - __main__ -   traffic light  : 41.63%
12/27/2025 00:53:28 - INFO - __main__ -   traffic sign   : 67.36%
12/27/2025 00:53:28 - INFO - __main__ -   vegetation     : 90.24%
12/27/2025 00:53:28 - INFO - __main__ -   terrain        : 57.91%
12/27/2025 00:53:28 - INFO - __main__ -   sky            : 98.29%
12/27/2025 00:53:28 - INFO - __main__ -   person         : 25.48%
12/27/2025 00:53:28 - INFO - __main__ -   rider          : 0.00%
12/27/2025 00:53:28 - INFO - __main__ -   car            : 89.94%
12/27/2025 00:53:28 - INFO - __main__ -   truck          : 0.00%
12/27/2025 00:53:28 - INFO - __main__ -   bus            : 37.81%
12/27/2025 00:53:28 - INFO - __main__ -   train          : 0.00%
12/27/2025 00:53:28 - INFO - __main__ -   motorcycle     : 46.07%
12/27/2025 00:53:28 - INFO - __main__ -   bicycle        : 0.00%
12/27/2025 00:53:28 - INFO - __main__ - --- Processing snow ---
12/27/2025 00:53:52 - INFO - __main__ - Image 0 (GOPR0122_frame_000018_rgb_anon.png) mIoU: 45.43%
12/27/2025 00:54:15 - INFO - __main__ - Image 1 (GOPR0122_frame_000085_rgb_anon.png) mIoU: 63.65%
12/27/2025 00:54:38 - INFO - __main__ - Image 2 (GOPR0122_frame_000306_rgb_anon.png) mIoU: 48.03%
12/27/2025 00:55:02 - INFO - __main__ - Image 3 (GOPR0604_frame_000327_rgb_anon.png) mIoU: 44.96%
12/27/2025 00:55:22 - INFO - __main__ - Image 4 (GOPR0604_frame_000332_rgb_anon.png) mIoU: 48.78%
12/27/2025 00:55:43 - INFO - __main__ - Image 5 (GOPR0604_frame_000455_rgb_anon.png) mIoU: 52.96%
12/27/2025 00:56:04 - INFO - __main__ - Image 6 (GOPR0606_frame_000220_rgb_anon.png) mIoU: 45.82%
12/27/2025 00:56:24 - INFO - __main__ - Image 7 (GOPR0606_frame_000357_rgb_anon.png) mIoU: 44.50%
12/27/2025 00:56:45 - INFO - __main__ - Image 8 (GP010607_frame_000931_rgb_anon.png) mIoU: 32.87%
12/27/2025 00:57:02 - INFO - __main__ - Image 9 (GP030176_frame_000549_rgb_anon.png) mIoU: 36.48%
12/27/2025 00:57:02 - INFO - __main__ - === Results for snow ===
12/27/2025 00:57:02 - INFO - __main__ - Average Per-Image mIoU: 46.35% (For Debugging)
12/27/2025 00:57:02 - INFO - __main__ - Full Dataset mIoU:      45.33% (Official Cityscapes Metric)
12/27/2025 00:57:02 - INFO - __main__ - Per-Class IoU:
12/27/2025 00:57:02 - INFO - __main__ -   road           : 89.96%
12/27/2025 00:57:02 - INFO - __main__ -   sidewalk       : 52.58%
12/27/2025 00:57:02 - INFO - __main__ -   building       : 74.12%
12/27/2025 00:57:02 - INFO - __main__ -   wall           : 19.25%
12/27/2025 00:57:02 - INFO - __main__ -   fence          : 45.12%
12/27/2025 00:57:02 - INFO - __main__ -   pole           : 41.64%
12/27/2025 00:57:02 - INFO - __main__ -   traffic light  : 53.44%
12/27/2025 00:57:02 - INFO - __main__ -   traffic sign   : 51.54%
12/27/2025 00:57:02 - INFO - __main__ -   vegetation     : 85.84%
12/27/2025 00:57:02 - INFO - __main__ -   terrain        : 2.72%
12/27/2025 00:57:02 - INFO - __main__ -   sky            : 97.06%
12/27/2025 00:57:02 - INFO - __main__ -   person         : 35.91%
12/27/2025 00:57:02 - INFO - __main__ -   rider          : 0.00%
12/27/2025 00:57:02 - INFO - __main__ -   car            : 88.23%
12/27/2025 00:57:02 - INFO - __main__ -   truck          : 71.74%
12/27/2025 00:57:02 - INFO - __main__ -   bus            : 49.56%
12/27/2025 00:57:02 - INFO - __main__ -   train          : 0.00%
12/27/2025 00:57:02 - INFO - __main__ -   motorcycle     : 0.00%
12/27/2025 00:57:02 - INFO - __main__ -   bicycle        : 2.63%
