12/27/2025 04:09:59 - INFO - __main__ - Starting TTA Steering Experiment with args: Namespace(dataloader_batch_size=1, max_images=10, seed=42, num_inference_steps=50, start_timestep=49, guidance_scale=50, r='/datavolume/data/aysu/ACDC/rgb_anon', g='/datavolume/data/aysu/ACDC/gt_trainval/gt')
12/27/2025 04:09:59 - INFO - __main__ - Loading SD Models...
12/27/2025 04:10:05 - INFO - __main__ - Loading SegFormer: nvidia/segformer-b5-finetuned-cityscapes-1024-1024
12/27/2025 04:10:08 - INFO - __main__ - Batch size is (1024, 1024), patch stride is (512, 512)
12/27/2025 04:10:08 - INFO - __main__ - --- Processing fog ---
12/27/2025 04:10:39 - INFO - __main__ - Image 0 (GOPR0476_frame_000769_rgb_anon.png) mIoU: 69.13%
12/27/2025 04:11:07 - INFO - __main__ - Image 1 (GOPR0476_frame_000845_rgb_anon.png) mIoU: 69.27%
12/27/2025 04:11:37 - INFO - __main__ - Image 2 (GOPR0476_frame_000874_rgb_anon.png) mIoU: 66.28%
12/27/2025 04:12:05 - INFO - __main__ - Image 3 (GOPR0476_frame_001029_rgb_anon.png) mIoU: 55.51%
12/27/2025 04:12:31 - INFO - __main__ - Image 4 (GOPR0476_frame_001033_rgb_anon.png) mIoU: 69.01%
12/27/2025 04:12:57 - INFO - __main__ - Image 5 (GP010476_frame_000018_rgb_anon.png) mIoU: 71.16%
12/27/2025 04:13:23 - INFO - __main__ - Image 6 (GP010476_frame_000120_rgb_anon.png) mIoU: 63.23%
12/27/2025 04:13:49 - INFO - __main__ - Image 7 (GP010476_frame_000147_rgb_anon.png) mIoU: 50.51%
12/27/2025 04:14:15 - INFO - __main__ - Image 8 (GP020475_frame_000054_rgb_anon.png) mIoU: 48.09%
12/27/2025 04:14:37 - INFO - __main__ - Image 9 (GP020475_frame_000173_rgb_anon.png) mIoU: 65.51%
12/27/2025 04:14:37 - INFO - __main__ - === Results for fog ===
12/27/2025 04:14:37 - INFO - __main__ - Average Per-Image mIoU: 62.77% (For Debugging)
12/27/2025 04:14:37 - INFO - __main__ - Full Dataset mIoU:      68.83% (Official Cityscapes Metric)
12/27/2025 04:14:37 - INFO - __main__ - Per-Class IoU:
12/27/2025 04:14:37 - INFO - __main__ -   road           : 96.85%
12/27/2025 04:14:37 - INFO - __main__ -   sidewalk       : 78.98%
12/27/2025 04:14:37 - INFO - __main__ -   building       : 87.64%
12/27/2025 04:14:37 - INFO - __main__ -   wall           : 70.57%
12/27/2025 04:14:37 - INFO - __main__ -   fence          : 51.00%
12/27/2025 04:14:37 - INFO - __main__ -   pole           : 45.69%
12/27/2025 04:14:37 - INFO - __main__ -   traffic light  : 62.02%
12/27/2025 04:14:37 - INFO - __main__ -   traffic sign   : 81.32%
12/27/2025 04:14:37 - INFO - __main__ -   vegetation     : 85.84%
12/27/2025 04:14:37 - INFO - __main__ -   terrain        : 50.03%
12/27/2025 04:14:37 - INFO - __main__ -   sky            : 97.76%
12/27/2025 04:14:37 - INFO - __main__ -   person         : 64.18%
12/27/2025 04:14:37 - INFO - __main__ -   rider          : 76.71%
12/27/2025 04:14:37 - INFO - __main__ -   car            : 89.43%
12/27/2025 04:14:37 - INFO - __main__ -   truck          : 0.00%
12/27/2025 04:14:37 - INFO - __main__ -   bus            : nan%
12/27/2025 04:14:37 - INFO - __main__ -   train          : 95.02%
12/27/2025 04:14:37 - INFO - __main__ -   motorcycle     : nan%
12/27/2025 04:14:37 - INFO - __main__ -   bicycle        : 37.06%
12/27/2025 04:14:37 - INFO - __main__ - --- Processing night ---
12/27/2025 04:15:08 - INFO - __main__ - Image 0 (GOPR0351_frame_000039_rgb_anon.png) mIoU: 19.87%
12/27/2025 04:15:37 - INFO - __main__ - Image 1 (GOPR0351_frame_000061_rgb_anon.png) mIoU: 20.33%
12/27/2025 04:16:07 - INFO - __main__ - Image 2 (GOPR0351_frame_000079_rgb_anon.png) mIoU: 36.51%
12/27/2025 04:16:35 - INFO - __main__ - Image 3 (GOPR0351_frame_000724_rgb_anon.png) mIoU: 36.17%
12/27/2025 04:17:01 - INFO - __main__ - Image 4 (GOPR0356_frame_000327_rgb_anon.png) mIoU: 28.63%
12/27/2025 04:17:27 - INFO - __main__ - Image 5 (GOPR0356_frame_000348_rgb_anon.png) mIoU: 27.67%
12/27/2025 04:17:53 - INFO - __main__ - Image 6 (GOPR0356_frame_000372_rgb_anon.png) mIoU: 27.56%
12/27/2025 04:18:19 - INFO - __main__ - Image 7 (GOPR0356_frame_000382_rgb_anon.png) mIoU: 37.58%
12/27/2025 04:18:45 - INFO - __main__ - Image 8 (GOPR0356_frame_000404_rgb_anon.png) mIoU: 31.08%
12/27/2025 04:19:07 - INFO - __main__ - Image 9 (GOPR0356_frame_000473_rgb_anon.png) mIoU: 20.63%
12/27/2025 04:19:07 - INFO - __main__ - === Results for night ===
12/27/2025 04:19:07 - INFO - __main__ - Average Per-Image mIoU: 28.60% (For Debugging)
12/27/2025 04:19:07 - INFO - __main__ - Full Dataset mIoU:      39.44% (Official Cityscapes Metric)
12/27/2025 04:19:07 - INFO - __main__ - Per-Class IoU:
12/27/2025 04:19:07 - INFO - __main__ -   road           : 82.06%
12/27/2025 04:19:07 - INFO - __main__ -   sidewalk       : 31.18%
12/27/2025 04:19:07 - INFO - __main__ -   building       : 51.48%
12/27/2025 04:19:07 - INFO - __main__ -   wall           : 28.77%
12/27/2025 04:19:07 - INFO - __main__ -   fence          : 40.42%
12/27/2025 04:19:07 - INFO - __main__ -   pole           : 44.44%
12/27/2025 04:19:07 - INFO - __main__ -   traffic light  : 71.34%
12/27/2025 04:19:07 - INFO - __main__ -   traffic sign   : 20.56%
12/27/2025 04:19:07 - INFO - __main__ -   vegetation     : 52.25%
12/27/2025 04:19:07 - INFO - __main__ -   terrain        : 16.30%
12/27/2025 04:19:07 - INFO - __main__ -   sky            : 0.00%
12/27/2025 04:19:07 - INFO - __main__ -   person         : 0.00%
12/27/2025 04:19:07 - INFO - __main__ -   rider          : 68.08%
12/27/2025 04:19:07 - INFO - __main__ -   car            : 77.48%
12/27/2025 04:19:07 - INFO - __main__ -   truck          : 0.00%
12/27/2025 04:19:07 - INFO - __main__ -   bus            : nan%
12/27/2025 04:19:07 - INFO - __main__ -   train          : 65.05%
12/27/2025 04:19:07 - INFO - __main__ -   motorcycle     : nan%
12/27/2025 04:19:07 - INFO - __main__ -   bicycle        : 21.10%
12/27/2025 04:19:07 - INFO - __main__ - --- Processing rain ---
12/27/2025 04:19:38 - INFO - __main__ - Image 0 (GOPR0400_frame_000087_rgb_anon.png) mIoU: 51.86%
12/27/2025 04:20:06 - INFO - __main__ - Image 1 (GOPR0402_frame_000154_rgb_anon.png) mIoU: 66.66%
12/27/2025 04:20:35 - INFO - __main__ - Image 2 (GOPR0402_frame_000294_rgb_anon.png) mIoU: 55.19%
12/27/2025 04:21:03 - INFO - __main__ - Image 3 (GOPR0572_frame_000752_rgb_anon.png) mIoU: 61.02%
12/27/2025 04:21:29 - INFO - __main__ - Image 4 (GOPR0572_frame_000756_rgb_anon.png) mIoU: 50.46%
12/27/2025 04:21:55 - INFO - __main__ - Image 5 (GOPR0572_frame_000860_rgb_anon.png) mIoU: 48.42%
12/27/2025 04:22:21 - INFO - __main__ - Image 6 (GP020402_frame_000774_rgb_anon.png) mIoU: 62.96%
12/27/2025 04:22:47 - INFO - __main__ - Image 7 (GP020402_frame_000830_rgb_anon.png) mIoU: 65.21%
12/27/2025 04:23:13 - INFO - __main__ - Image 8 (GP020402_frame_000914_rgb_anon.png) mIoU: 71.66%
12/27/2025 04:23:35 - INFO - __main__ - Image 9 (GP030400_frame_000129_rgb_anon.png) mIoU: 66.23%
12/27/2025 04:23:35 - INFO - __main__ - === Results for rain ===
12/27/2025 04:23:35 - INFO - __main__ - Average Per-Image mIoU: 59.97% (For Debugging)
12/27/2025 04:23:35 - INFO - __main__ - Full Dataset mIoU:      52.77% (Official Cityscapes Metric)
12/27/2025 04:23:35 - INFO - __main__ - Per-Class IoU:
12/27/2025 04:23:35 - INFO - __main__ -   road           : 92.81%
12/27/2025 04:23:35 - INFO - __main__ -   sidewalk       : 66.65%
12/27/2025 04:23:35 - INFO - __main__ -   building       : 89.79%
12/27/2025 04:23:35 - INFO - __main__ -   wall           : 65.83%
12/27/2025 04:23:35 - INFO - __main__ -   fence          : 35.64%
12/27/2025 04:23:35 - INFO - __main__ -   pole           : 37.60%
12/27/2025 04:23:35 - INFO - __main__ -   traffic light  : 30.98%
12/27/2025 04:23:35 - INFO - __main__ -   traffic sign   : 67.33%
12/27/2025 04:23:35 - INFO - __main__ -   vegetation     : 90.22%
12/27/2025 04:23:35 - INFO - __main__ -   terrain        : 57.08%
12/27/2025 04:23:35 - INFO - __main__ -   sky            : 98.39%
12/27/2025 04:23:35 - INFO - __main__ -   person         : 53.09%
12/27/2025 04:23:35 - INFO - __main__ -   rider          : 0.00%
12/27/2025 04:23:35 - INFO - __main__ -   car            : 91.73%
12/27/2025 04:23:35 - INFO - __main__ -   truck          : 0.00%
12/27/2025 04:23:35 - INFO - __main__ -   bus            : 43.13%
12/27/2025 04:23:35 - INFO - __main__ -   train          : 0.00%
12/27/2025 04:23:35 - INFO - __main__ -   motorcycle     : 82.40%
12/27/2025 04:23:35 - INFO - __main__ -   bicycle        : 0.00%
12/27/2025 04:23:35 - INFO - __main__ - --- Processing snow ---
12/27/2025 04:24:06 - INFO - __main__ - Image 0 (GOPR0122_frame_000018_rgb_anon.png) mIoU: 36.35%
12/27/2025 04:24:34 - INFO - __main__ - Image 1 (GOPR0122_frame_000085_rgb_anon.png) mIoU: 66.91%
12/27/2025 04:25:03 - INFO - __main__ - Image 2 (GOPR0122_frame_000306_rgb_anon.png) mIoU: 54.83%
12/27/2025 04:25:31 - INFO - __main__ - Image 3 (GOPR0604_frame_000327_rgb_anon.png) mIoU: 46.42%
12/27/2025 04:25:57 - INFO - __main__ - Image 4 (GOPR0604_frame_000332_rgb_anon.png) mIoU: 53.06%
12/27/2025 04:26:23 - INFO - __main__ - Image 5 (GOPR0604_frame_000455_rgb_anon.png) mIoU: 49.66%
12/27/2025 04:26:49 - INFO - __main__ - Image 6 (GOPR0606_frame_000220_rgb_anon.png) mIoU: 54.33%
12/27/2025 04:27:15 - INFO - __main__ - Image 7 (GOPR0606_frame_000357_rgb_anon.png) mIoU: 53.15%
12/27/2025 04:27:41 - INFO - __main__ - Image 8 (GP010607_frame_000931_rgb_anon.png) mIoU: 41.98%
12/27/2025 04:28:03 - INFO - __main__ - Image 9 (GP030176_frame_000549_rgb_anon.png) mIoU: 43.49%
12/27/2025 04:28:03 - INFO - __main__ - === Results for snow ===
12/27/2025 04:28:03 - INFO - __main__ - Average Per-Image mIoU: 50.02% (For Debugging)
12/27/2025 04:28:03 - INFO - __main__ - Full Dataset mIoU:      49.33% (Official Cityscapes Metric)
12/27/2025 04:28:03 - INFO - __main__ - Per-Class IoU:
12/27/2025 04:28:03 - INFO - __main__ -   road           : 91.50%
12/27/2025 04:28:03 - INFO - __main__ -   sidewalk       : 54.54%
12/27/2025 04:28:03 - INFO - __main__ -   building       : 76.22%
12/27/2025 04:28:03 - INFO - __main__ -   wall           : 15.64%
12/27/2025 04:28:03 - INFO - __main__ -   fence          : 48.82%
12/27/2025 04:28:03 - INFO - __main__ -   pole           : 42.73%
12/27/2025 04:28:03 - INFO - __main__ -   traffic light  : 50.05%
12/27/2025 04:28:03 - INFO - __main__ -   traffic sign   : 70.72%
12/27/2025 04:28:03 - INFO - __main__ -   vegetation     : 86.38%
12/27/2025 04:28:03 - INFO - __main__ -   terrain        : 0.00%
12/27/2025 04:28:03 - INFO - __main__ -   sky            : 96.57%
12/27/2025 04:28:03 - INFO - __main__ -   person         : 20.49%
12/27/2025 04:28:03 - INFO - __main__ -   rider          : 0.00%
12/27/2025 04:28:03 - INFO - __main__ -   car            : 82.61%
12/27/2025 04:28:03 - INFO - __main__ -   truck          : 94.90%
12/27/2025 04:28:03 - INFO - __main__ -   bus            : 56.03%
12/27/2025 04:28:03 - INFO - __main__ -   train          : 0.00%
12/27/2025 04:28:03 - INFO - __main__ -   motorcycle     : nan%
12/27/2025 04:28:03 - INFO - __main__ -   bicycle        : 0.71%
