12/14/2025 01:06:23 - INFO - __main__ - Starting TTA Steering Experiment with args: Namespace(dataloader_batch_size=1, max_images=10, seed=42, num_inference_steps=50, start_timestep=35, guidance_scale=0.1, r='/datavolume/data/aysu/ACDC/rgb_anon', g='/datavolume/data/aysu/ACDC/gt_trainval/gt')
12/14/2025 01:06:23 - INFO - __main__ - Loading SD Models...
12/14/2025 01:06:28 - INFO - __main__ - Loading SegFormer: nvidia/segformer-b5-finetuned-cityscapes-1024-1024
12/14/2025 01:06:30 - INFO - __main__ - Batch size is (1024, 1024), patch stride is (512, 512)
12/14/2025 01:06:30 - INFO - __main__ - --- Processing fog ---
12/14/2025 01:12:38 - INFO - __main__ - Image 0 (GOPR0476_frame_000769_rgb_anon.png) mIoU: 58.32%
12/14/2025 01:17:56 - INFO - __main__ - Image 1 (GOPR0476_frame_000845_rgb_anon.png) mIoU: 55.44%
12/14/2025 01:23:15 - INFO - __main__ - Image 2 (GOPR0476_frame_000874_rgb_anon.png) mIoU: 60.76%
12/14/2025 01:28:33 - INFO - __main__ - Image 3 (GOPR0476_frame_001029_rgb_anon.png) mIoU: 43.48%
12/14/2025 01:33:49 - INFO - __main__ - Image 4 (GOPR0476_frame_001033_rgb_anon.png) mIoU: 59.42%
12/14/2025 01:39:05 - INFO - __main__ - Image 5 (GP010476_frame_000018_rgb_anon.png) mIoU: 54.30%
12/14/2025 01:44:21 - INFO - __main__ - Image 6 (GP010476_frame_000120_rgb_anon.png) mIoU: 63.58%
12/14/2025 01:49:36 - INFO - __main__ - Image 7 (GP010476_frame_000147_rgb_anon.png) mIoU: 47.98%
12/14/2025 01:54:52 - INFO - __main__ - Image 8 (GP020475_frame_000054_rgb_anon.png) mIoU: 48.60%
12/14/2025 01:59:15 - INFO - __main__ - Image 9 (GP020475_frame_000173_rgb_anon.png) mIoU: 50.08%
12/14/2025 01:59:15 - INFO - __main__ - === Results for fog ===
12/14/2025 01:59:15 - INFO - __main__ - Average Per-Image mIoU: 54.19% (For Debugging)
12/14/2025 01:59:15 - INFO - __main__ - Full Dataset mIoU:      53.78% (Official Cityscapes Metric)
12/14/2025 01:59:15 - INFO - __main__ - Per-Class IoU:
12/14/2025 01:59:15 - INFO - __main__ -   road           : 96.26%
12/14/2025 01:59:15 - INFO - __main__ -   sidewalk       : 73.40%
12/14/2025 01:59:15 - INFO - __main__ -   building       : 83.76%
12/14/2025 01:59:15 - INFO - __main__ -   wall           : 72.66%
12/14/2025 01:59:15 - INFO - __main__ -   fence          : 50.45%
12/14/2025 01:59:15 - INFO - __main__ -   pole           : 24.84%
12/14/2025 01:59:15 - INFO - __main__ -   traffic light  : 24.16%
12/14/2025 01:59:15 - INFO - __main__ -   traffic sign   : 61.13%
12/14/2025 01:59:15 - INFO - __main__ -   vegetation     : 82.36%
12/14/2025 01:59:15 - INFO - __main__ -   terrain        : 43.58%
12/14/2025 01:59:15 - INFO - __main__ -   sky            : 97.05%
12/14/2025 01:59:15 - INFO - __main__ -   person         : 22.71%
12/14/2025 01:59:15 - INFO - __main__ -   rider          : 0.00%
12/14/2025 01:59:15 - INFO - __main__ -   car            : 88.74%
12/14/2025 01:59:15 - INFO - __main__ -   truck          : 0.00%
12/14/2025 01:59:15 - INFO - __main__ -   bus            : nan%
12/14/2025 01:59:15 - INFO - __main__ -   train          : 93.12%
12/14/2025 01:59:15 - INFO - __main__ -   motorcycle     : nan%
12/14/2025 01:59:15 - INFO - __main__ -   bicycle        : 0.00%
12/14/2025 01:59:15 - INFO - __main__ - --- Processing night ---
12/14/2025 02:05:29 - INFO - __main__ - Image 0 (GOPR0351_frame_000039_rgb_anon.png) mIoU: 26.40%
12/14/2025 02:12:50 - INFO - __main__ - Image 1 (GOPR0351_frame_000061_rgb_anon.png) mIoU: 15.77%
12/14/2025 02:23:20 - INFO - __main__ - Image 2 (GOPR0351_frame_000079_rgb_anon.png) mIoU: 32.38%
12/14/2025 02:33:23 - INFO - __main__ - Image 3 (GOPR0351_frame_000724_rgb_anon.png) mIoU: 31.78%
12/14/2025 02:42:54 - INFO - __main__ - Image 4 (GOPR0356_frame_000327_rgb_anon.png) mIoU: 24.65%
12/14/2025 02:52:22 - INFO - __main__ - Image 5 (GOPR0356_frame_000348_rgb_anon.png) mIoU: 20.74%
12/14/2025 03:01:44 - INFO - __main__ - Image 6 (GOPR0356_frame_000372_rgb_anon.png) mIoU: 21.64%
12/14/2025 03:11:06 - INFO - __main__ - Image 7 (GOPR0356_frame_000382_rgb_anon.png) mIoU: 18.76%
12/14/2025 03:20:34 - INFO - __main__ - Image 8 (GOPR0356_frame_000404_rgb_anon.png) mIoU: 31.33%
12/14/2025 03:28:26 - INFO - __main__ - Image 9 (GOPR0356_frame_000473_rgb_anon.png) mIoU: 13.35%
12/14/2025 03:28:26 - INFO - __main__ - === Results for night ===
12/14/2025 03:28:26 - INFO - __main__ - Average Per-Image mIoU: 23.68% (For Debugging)
12/14/2025 03:28:26 - INFO - __main__ - Full Dataset mIoU:      27.25% (Official Cityscapes Metric)
12/14/2025 03:28:26 - INFO - __main__ - Per-Class IoU:
12/14/2025 03:28:26 - INFO - __main__ -   road           : 77.73%
12/14/2025 03:28:26 - INFO - __main__ -   sidewalk       : 23.03%
12/14/2025 03:28:26 - INFO - __main__ -   building       : 37.01%
12/14/2025 03:28:26 - INFO - __main__ -   wall           : 0.30%
12/14/2025 03:28:26 - INFO - __main__ -   fence          : 29.87%
12/14/2025 03:28:26 - INFO - __main__ -   pole           : 39.52%
12/14/2025 03:28:26 - INFO - __main__ -   traffic light  : 46.40%
12/14/2025 03:28:26 - INFO - __main__ -   traffic sign   : 2.90%
12/14/2025 03:28:26 - INFO - __main__ -   vegetation     : 50.51%
12/14/2025 03:28:26 - INFO - __main__ -   terrain        : 18.08%
12/14/2025 03:28:26 - INFO - __main__ -   sky            : 1.57%
12/14/2025 03:28:26 - INFO - __main__ -   person         : 0.00%
12/14/2025 03:28:26 - INFO - __main__ -   rider          : 0.00%
12/14/2025 03:28:26 - INFO - __main__ -   car            : 70.16%
12/14/2025 03:28:26 - INFO - __main__ -   truck          : 40.60%
12/14/2025 03:28:26 - INFO - __main__ -   bus            : 0.00%
12/14/2025 03:28:26 - INFO - __main__ -   train          : 52.78%
12/14/2025 03:28:26 - INFO - __main__ -   motorcycle     : nan%
12/14/2025 03:28:26 - INFO - __main__ -   bicycle        : 0.00%
12/14/2025 03:28:26 - INFO - __main__ - --- Processing rain ---
12/14/2025 03:39:37 - INFO - __main__ - Image 0 (GOPR0400_frame_000087_rgb_anon.png) mIoU: 53.84%
12/14/2025 03:49:38 - INFO - __main__ - Image 1 (GOPR0402_frame_000154_rgb_anon.png) mIoU: 46.87%
12/14/2025 03:59:45 - INFO - __main__ - Image 2 (GOPR0402_frame_000294_rgb_anon.png) mIoU: 39.87%
12/14/2025 04:09:47 - INFO - __main__ - Image 3 (GOPR0572_frame_000752_rgb_anon.png) mIoU: 40.62%
12/14/2025 04:19:18 - INFO - __main__ - Image 4 (GOPR0572_frame_000756_rgb_anon.png) mIoU: 35.68%
12/14/2025 04:29:15 - INFO - __main__ - Image 5 (GOPR0572_frame_000860_rgb_anon.png) mIoU: 47.51%
12/14/2025 04:39:04 - INFO - __main__ - Image 6 (GP020402_frame_000774_rgb_anon.png) mIoU: 53.32%
12/14/2025 04:48:44 - INFO - __main__ - Image 7 (GP020402_frame_000830_rgb_anon.png) mIoU: 40.01%
12/14/2025 04:58:06 - INFO - __main__ - Image 8 (GP020402_frame_000914_rgb_anon.png) mIoU: 77.46%
12/14/2025 05:05:56 - INFO - __main__ - Image 9 (GP030400_frame_000129_rgb_anon.png) mIoU: 54.53%
12/14/2025 05:05:57 - INFO - __main__ - === Results for rain ===
12/14/2025 05:05:57 - INFO - __main__ - Average Per-Image mIoU: 48.97% (For Debugging)
12/14/2025 05:05:57 - INFO - __main__ - Full Dataset mIoU:      37.47% (Official Cityscapes Metric)
12/14/2025 05:05:57 - INFO - __main__ - Per-Class IoU:
12/14/2025 05:05:57 - INFO - __main__ -   road           : 88.06%
12/14/2025 05:05:57 - INFO - __main__ -   sidewalk       : 51.89%
12/14/2025 05:05:57 - INFO - __main__ -   building       : 87.77%
12/14/2025 05:05:57 - INFO - __main__ -   wall           : 31.60%
12/14/2025 05:05:57 - INFO - __main__ -   fence          : 13.09%
12/14/2025 05:05:57 - INFO - __main__ -   pole           : 30.18%
12/14/2025 05:05:57 - INFO - __main__ -   traffic light  : 5.82%
12/14/2025 05:05:57 - INFO - __main__ -   traffic sign   : 52.67%
12/14/2025 05:05:57 - INFO - __main__ -   vegetation     : 88.74%
12/14/2025 05:05:57 - INFO - __main__ -   terrain        : 56.19%
12/14/2025 05:05:57 - INFO - __main__ -   sky            : 98.01%
12/14/2025 05:05:57 - INFO - __main__ -   person         : 0.00%
12/14/2025 05:05:57 - INFO - __main__ -   rider          : 0.00%
12/14/2025 05:05:57 - INFO - __main__ -   car            : 88.15%
12/14/2025 05:05:57 - INFO - __main__ -   truck          : 0.00%
12/14/2025 05:05:57 - INFO - __main__ -   bus            : 19.76%
12/14/2025 05:05:57 - INFO - __main__ -   train          : 0.00%
12/14/2025 05:05:57 - INFO - __main__ -   motorcycle     : 0.00%
12/14/2025 05:05:57 - INFO - __main__ -   bicycle        : 0.00%
12/14/2025 05:05:57 - INFO - __main__ - --- Processing snow ---
12/14/2025 05:17:06 - INFO - __main__ - Image 0 (GOPR0122_frame_000018_rgb_anon.png) mIoU: 39.74%
12/14/2025 05:27:04 - INFO - __main__ - Image 1 (GOPR0122_frame_000085_rgb_anon.png) mIoU: 57.82%
12/14/2025 05:36:45 - INFO - __main__ - Image 2 (GOPR0122_frame_000306_rgb_anon.png) mIoU: 37.07%
12/14/2025 05:46:16 - INFO - __main__ - Image 3 (GOPR0604_frame_000327_rgb_anon.png) mIoU: 35.59%
12/14/2025 05:55:43 - INFO - __main__ - Image 4 (GOPR0604_frame_000332_rgb_anon.png) mIoU: 45.63%
12/14/2025 06:05:09 - INFO - __main__ - Image 5 (GOPR0604_frame_000455_rgb_anon.png) mIoU: 39.72%
12/14/2025 06:14:46 - INFO - __main__ - Image 6 (GOPR0606_frame_000220_rgb_anon.png) mIoU: 54.21%
12/14/2025 06:24:05 - INFO - __main__ - Image 7 (GOPR0606_frame_000357_rgb_anon.png) mIoU: 43.13%
12/14/2025 06:33:22 - INFO - __main__ - Image 8 (GP010607_frame_000931_rgb_anon.png) mIoU: 34.20%
12/14/2025 06:41:27 - INFO - __main__ - Image 9 (GP030176_frame_000549_rgb_anon.png) mIoU: 32.90%
12/14/2025 06:41:27 - INFO - __main__ - === Results for snow ===
12/14/2025 06:41:27 - INFO - __main__ - Average Per-Image mIoU: 42.00% (For Debugging)
12/14/2025 06:41:27 - INFO - __main__ - Full Dataset mIoU:      42.98% (Official Cityscapes Metric)
12/14/2025 06:41:27 - INFO - __main__ - Per-Class IoU:
12/14/2025 06:41:27 - INFO - __main__ -   road           : 89.54%
12/14/2025 06:41:27 - INFO - __main__ -   sidewalk       : 49.51%
12/14/2025 06:41:27 - INFO - __main__ -   building       : 75.39%
12/14/2025 06:41:27 - INFO - __main__ -   wall           : 13.52%
12/14/2025 06:41:27 - INFO - __main__ -   fence          : 38.08%
12/14/2025 06:41:27 - INFO - __main__ -   pole           : 32.10%
12/14/2025 06:41:27 - INFO - __main__ -   traffic light  : 33.24%
12/14/2025 06:41:27 - INFO - __main__ -   traffic sign   : 39.86%
12/14/2025 06:41:27 - INFO - __main__ -   vegetation     : 83.08%
12/14/2025 06:41:27 - INFO - __main__ -   terrain        : 2.33%
12/14/2025 06:41:27 - INFO - __main__ -   sky            : 96.65%
12/14/2025 06:41:27 - INFO - __main__ -   person         : 11.84%
12/14/2025 06:41:27 - INFO - __main__ -   rider          : nan%
12/14/2025 06:41:27 - INFO - __main__ -   car            : 82.83%
12/14/2025 06:41:27 - INFO - __main__ -   truck          : 95.72%
12/14/2025 06:41:27 - INFO - __main__ -   bus            : 30.00%
12/14/2025 06:41:27 - INFO - __main__ -   train          : 0.00%
12/14/2025 06:41:27 - INFO - __main__ -   motorcycle     : 0.00%
12/14/2025 06:41:27 - INFO - __main__ -   bicycle        : 0.00%
