12/27/2025 03:48:36 - INFO - __main__ - Starting TTA Steering Experiment with args: Namespace(dataloader_batch_size=1, max_images=10, seed=42, num_inference_steps=50, start_timestep=49, guidance_scale=100, r='/datavolume/data/aysu/ACDC/rgb_anon', g='/datavolume/data/aysu/ACDC/gt_trainval/gt')
12/27/2025 03:48:36 - INFO - __main__ - Loading SD Models...
12/27/2025 03:48:42 - INFO - __main__ - Loading SegFormer: nvidia/segformer-b5-finetuned-cityscapes-1024-1024
12/27/2025 03:48:44 - INFO - __main__ - Batch size is (1024, 1024), patch stride is (512, 512)
12/27/2025 03:48:44 - INFO - __main__ - --- Processing fog ---
12/27/2025 03:49:15 - INFO - __main__ - Image 0 (GOPR0476_frame_000769_rgb_anon.png) mIoU: 65.06%
12/27/2025 03:49:44 - INFO - __main__ - Image 1 (GOPR0476_frame_000845_rgb_anon.png) mIoU: 69.61%
12/27/2025 03:50:12 - INFO - __main__ - Image 2 (GOPR0476_frame_000874_rgb_anon.png) mIoU: 65.16%
12/27/2025 03:50:41 - INFO - __main__ - Image 3 (GOPR0476_frame_001029_rgb_anon.png) mIoU: 55.19%
12/27/2025 03:51:07 - INFO - __main__ - Image 4 (GOPR0476_frame_001033_rgb_anon.png) mIoU: 62.18%
12/27/2025 03:51:33 - INFO - __main__ - Image 5 (GP010476_frame_000018_rgb_anon.png) mIoU: 70.75%
12/27/2025 03:51:59 - INFO - __main__ - Image 6 (GP010476_frame_000120_rgb_anon.png) mIoU: 63.09%
12/27/2025 03:52:26 - INFO - __main__ - Image 7 (GP010476_frame_000147_rgb_anon.png) mIoU: 50.55%
12/27/2025 03:52:52 - INFO - __main__ - Image 8 (GP020475_frame_000054_rgb_anon.png) mIoU: 43.91%
12/27/2025 03:53:14 - INFO - __main__ - Image 9 (GP020475_frame_000173_rgb_anon.png) mIoU: 63.95%
12/27/2025 03:53:14 - INFO - __main__ - === Results for fog ===
12/27/2025 03:53:14 - INFO - __main__ - Average Per-Image mIoU: 60.95% (For Debugging)
12/27/2025 03:53:14 - INFO - __main__ - Full Dataset mIoU:      66.76% (Official Cityscapes Metric)
12/27/2025 03:53:14 - INFO - __main__ - Per-Class IoU:
12/27/2025 03:53:14 - INFO - __main__ -   road           : 96.84%
12/27/2025 03:53:14 - INFO - __main__ -   sidewalk       : 78.91%
12/27/2025 03:53:14 - INFO - __main__ -   building       : 87.32%
12/27/2025 03:53:14 - INFO - __main__ -   wall           : 69.67%
12/27/2025 03:53:14 - INFO - __main__ -   fence          : 50.79%
12/27/2025 03:53:14 - INFO - __main__ -   pole           : 45.47%
12/27/2025 03:53:14 - INFO - __main__ -   traffic light  : 62.43%
12/27/2025 03:53:14 - INFO - __main__ -   traffic sign   : 47.91%
12/27/2025 03:53:14 - INFO - __main__ -   vegetation     : 85.74%
12/27/2025 03:53:14 - INFO - __main__ -   terrain        : 50.02%
12/27/2025 03:53:14 - INFO - __main__ -   sky            : 97.65%
12/27/2025 03:53:14 - INFO - __main__ -   person         : 61.52%
12/27/2025 03:53:14 - INFO - __main__ -   rider          : 75.26%
12/27/2025 03:53:14 - INFO - __main__ -   car            : 89.10%
12/27/2025 03:53:14 - INFO - __main__ -   truck          : 0.00%
12/27/2025 03:53:14 - INFO - __main__ -   bus            : nan%
12/27/2025 03:53:14 - INFO - __main__ -   train          : 95.05%
12/27/2025 03:53:14 - INFO - __main__ -   motorcycle     : nan%
12/27/2025 03:53:14 - INFO - __main__ -   bicycle        : 41.19%
12/27/2025 03:53:14 - INFO - __main__ - --- Processing night ---
12/27/2025 03:53:46 - INFO - __main__ - Image 0 (GOPR0351_frame_000039_rgb_anon.png) mIoU: 21.19%
12/27/2025 03:54:15 - INFO - __main__ - Image 1 (GOPR0351_frame_000061_rgb_anon.png) mIoU: 22.70%
12/27/2025 03:54:44 - INFO - __main__ - Image 2 (GOPR0351_frame_000079_rgb_anon.png) mIoU: 35.84%
12/27/2025 03:55:14 - INFO - __main__ - Image 3 (GOPR0351_frame_000724_rgb_anon.png) mIoU: 35.62%
12/27/2025 03:55:40 - INFO - __main__ - Image 4 (GOPR0356_frame_000327_rgb_anon.png) mIoU: 21.54%
12/27/2025 03:56:06 - INFO - __main__ - Image 5 (GOPR0356_frame_000348_rgb_anon.png) mIoU: 27.88%
12/27/2025 03:56:33 - INFO - __main__ - Image 6 (GOPR0356_frame_000372_rgb_anon.png) mIoU: 24.13%
12/27/2025 03:56:59 - INFO - __main__ - Image 7 (GOPR0356_frame_000382_rgb_anon.png) mIoU: 37.10%
12/27/2025 03:57:26 - INFO - __main__ - Image 8 (GOPR0356_frame_000404_rgb_anon.png) mIoU: 31.03%
12/27/2025 03:57:48 - INFO - __main__ - Image 9 (GOPR0356_frame_000473_rgb_anon.png) mIoU: 21.50%
12/27/2025 03:57:48 - INFO - __main__ - === Results for night ===
12/27/2025 03:57:48 - INFO - __main__ - Average Per-Image mIoU: 27.85% (For Debugging)
12/27/2025 03:57:48 - INFO - __main__ - Full Dataset mIoU:      36.06% (Official Cityscapes Metric)
12/27/2025 03:57:48 - INFO - __main__ - Per-Class IoU:
12/27/2025 03:57:48 - INFO - __main__ -   road           : 81.95%
12/27/2025 03:57:48 - INFO - __main__ -   sidewalk       : 30.40%
12/27/2025 03:57:48 - INFO - __main__ -   building       : 50.88%
12/27/2025 03:57:48 - INFO - __main__ -   wall           : 28.60%
12/27/2025 03:57:48 - INFO - __main__ -   fence          : 40.42%
12/27/2025 03:57:48 - INFO - __main__ -   pole           : 43.43%
12/27/2025 03:57:48 - INFO - __main__ -   traffic light  : 70.51%
12/27/2025 03:57:48 - INFO - __main__ -   traffic sign   : 17.94%
12/27/2025 03:57:48 - INFO - __main__ -   vegetation     : 52.01%
12/27/2025 03:57:48 - INFO - __main__ -   terrain        : 15.48%
12/27/2025 03:57:48 - INFO - __main__ -   sky            : 0.01%
12/27/2025 03:57:48 - INFO - __main__ -   person         : 0.00%
12/27/2025 03:57:48 - INFO - __main__ -   rider          : 61.35%
12/27/2025 03:57:48 - INFO - __main__ -   car            : 78.04%
12/27/2025 03:57:48 - INFO - __main__ -   truck          : 0.00%
12/27/2025 03:57:48 - INFO - __main__ -   bus            : nan%
12/27/2025 03:57:48 - INFO - __main__ -   train          : 65.57%
12/27/2025 03:57:48 - INFO - __main__ -   motorcycle     : 0.00%
12/27/2025 03:57:48 - INFO - __main__ -   bicycle        : 12.48%
12/27/2025 03:57:48 - INFO - __main__ - --- Processing rain ---
12/27/2025 03:58:19 - INFO - __main__ - Image 0 (GOPR0400_frame_000087_rgb_anon.png) mIoU: 56.44%
12/27/2025 03:58:48 - INFO - __main__ - Image 1 (GOPR0402_frame_000154_rgb_anon.png) mIoU: 66.52%
12/27/2025 03:59:17 - INFO - __main__ - Image 2 (GOPR0402_frame_000294_rgb_anon.png) mIoU: 52.54%
12/27/2025 03:59:46 - INFO - __main__ - Image 3 (GOPR0572_frame_000752_rgb_anon.png) mIoU: 65.95%
12/27/2025 04:00:12 - INFO - __main__ - Image 4 (GOPR0572_frame_000756_rgb_anon.png) mIoU: 54.32%
12/27/2025 04:00:39 - INFO - __main__ - Image 5 (GOPR0572_frame_000860_rgb_anon.png) mIoU: 52.47%
12/27/2025 04:01:05 - INFO - __main__ - Image 6 (GP020402_frame_000774_rgb_anon.png) mIoU: 62.53%
12/27/2025 04:01:32 - INFO - __main__ - Image 7 (GP020402_frame_000830_rgb_anon.png) mIoU: 69.08%
12/27/2025 04:01:58 - INFO - __main__ - Image 8 (GP020402_frame_000914_rgb_anon.png) mIoU: 79.71%
12/27/2025 04:02:21 - INFO - __main__ - Image 9 (GP030400_frame_000129_rgb_anon.png) mIoU: 66.87%
12/27/2025 04:02:21 - INFO - __main__ - === Results for rain ===
12/27/2025 04:02:21 - INFO - __main__ - Average Per-Image mIoU: 62.64% (For Debugging)
12/27/2025 04:02:21 - INFO - __main__ - Full Dataset mIoU:      54.90% (Official Cityscapes Metric)
12/27/2025 04:02:21 - INFO - __main__ - Per-Class IoU:
12/27/2025 04:02:21 - INFO - __main__ -   road           : 93.30%
12/27/2025 04:02:21 - INFO - __main__ -   sidewalk       : 67.10%
12/27/2025 04:02:21 - INFO - __main__ -   building       : 89.40%
12/27/2025 04:02:21 - INFO - __main__ -   wall           : 65.49%
12/27/2025 04:02:21 - INFO - __main__ -   fence          : 35.18%
12/27/2025 04:02:21 - INFO - __main__ -   pole           : 37.03%
12/27/2025 04:02:21 - INFO - __main__ -   traffic light  : 30.61%
12/27/2025 04:02:21 - INFO - __main__ -   traffic sign   : 66.99%
12/27/2025 04:02:21 - INFO - __main__ -   vegetation     : 90.19%
12/27/2025 04:02:21 - INFO - __main__ -   terrain        : 56.80%
12/27/2025 04:02:21 - INFO - __main__ -   sky            : 98.41%
12/27/2025 04:02:21 - INFO - __main__ -   person         : 40.30%
12/27/2025 04:02:21 - INFO - __main__ -   rider          : 0.00%
12/27/2025 04:02:21 - INFO - __main__ -   car            : 91.26%
12/27/2025 04:02:21 - INFO - __main__ -   truck          : 0.00%
12/27/2025 04:02:21 - INFO - __main__ -   bus            : 43.16%
12/27/2025 04:02:21 - INFO - __main__ -   train          : 0.00%
12/27/2025 04:02:21 - INFO - __main__ -   motorcycle     : 82.94%
12/27/2025 04:02:21 - INFO - __main__ -   bicycle        : nan%
12/27/2025 04:02:21 - INFO - __main__ - --- Processing snow ---
12/27/2025 04:02:52 - INFO - __main__ - Image 0 (GOPR0122_frame_000018_rgb_anon.png) mIoU: 33.58%
12/27/2025 04:03:21 - INFO - __main__ - Image 1 (GOPR0122_frame_000085_rgb_anon.png) mIoU: 64.98%
12/27/2025 04:03:50 - INFO - __main__ - Image 2 (GOPR0122_frame_000306_rgb_anon.png) mIoU: 55.20%
12/27/2025 04:04:19 - INFO - __main__ - Image 3 (GOPR0604_frame_000327_rgb_anon.png) mIoU: 49.75%
12/27/2025 04:04:46 - INFO - __main__ - Image 4 (GOPR0604_frame_000332_rgb_anon.png) mIoU: 45.24%
12/27/2025 04:05:12 - INFO - __main__ - Image 5 (GOPR0604_frame_000455_rgb_anon.png) mIoU: 53.14%
12/27/2025 04:05:39 - INFO - __main__ - Image 6 (GOPR0606_frame_000220_rgb_anon.png) mIoU: 51.49%
12/27/2025 04:06:05 - INFO - __main__ - Image 7 (GOPR0606_frame_000357_rgb_anon.png) mIoU: 53.27%
12/27/2025 04:06:32 - INFO - __main__ - Image 8 (GP010607_frame_000931_rgb_anon.png) mIoU: 38.77%
12/27/2025 04:06:54 - INFO - __main__ - Image 9 (GP030176_frame_000549_rgb_anon.png) mIoU: 45.93%
12/27/2025 04:06:54 - INFO - __main__ - === Results for snow ===
12/27/2025 04:06:54 - INFO - __main__ - Average Per-Image mIoU: 49.14% (For Debugging)
12/27/2025 04:06:54 - INFO - __main__ - Full Dataset mIoU:      46.96% (Official Cityscapes Metric)
12/27/2025 04:06:54 - INFO - __main__ - Per-Class IoU:
12/27/2025 04:06:54 - INFO - __main__ -   road           : 90.80%
12/27/2025 04:06:54 - INFO - __main__ -   sidewalk       : 54.16%
12/27/2025 04:06:54 - INFO - __main__ -   building       : 74.60%
12/27/2025 04:06:54 - INFO - __main__ -   wall           : 15.97%
12/27/2025 04:06:54 - INFO - __main__ -   fence          : 49.17%
12/27/2025 04:06:54 - INFO - __main__ -   pole           : 42.57%
12/27/2025 04:06:54 - INFO - __main__ -   traffic light  : 18.95%
12/27/2025 04:06:54 - INFO - __main__ -   traffic sign   : 68.22%
12/27/2025 04:06:54 - INFO - __main__ -   vegetation     : 86.21%
12/27/2025 04:06:54 - INFO - __main__ -   terrain        : 0.00%
12/27/2025 04:06:54 - INFO - __main__ -   sky            : 96.10%
12/27/2025 04:06:54 - INFO - __main__ -   person         : 21.24%
12/27/2025 04:06:54 - INFO - __main__ -   rider          : nan%
12/27/2025 04:06:54 - INFO - __main__ -   car            : 82.65%
12/27/2025 04:06:54 - INFO - __main__ -   truck          : 87.51%
12/27/2025 04:06:54 - INFO - __main__ -   bus            : 56.52%
12/27/2025 04:06:54 - INFO - __main__ -   train          : 0.00%
12/27/2025 04:06:54 - INFO - __main__ -   motorcycle     : 0.00%
12/27/2025 04:06:54 - INFO - __main__ -   bicycle        : 0.70%
