12/12/2025 23:46:06 - INFO - __main__ - Starting TTA Steering Experiment with args: Namespace(dataloader_batch_size=1, max_images=10, seed=42, num_inference_steps=50, start_timestep=20, guidance_scale=1, r='/datavolume/data/aysu/ACDC/rgb_anon', g='/datavolume/data/aysu/ACDC/gt_trainval/gt')
12/12/2025 23:46:06 - INFO - __main__ - Loading SD Models...
12/12/2025 23:46:11 - INFO - __main__ - Loading SegFormer: nvidia/segformer-b5-finetuned-cityscapes-1024-1024
12/12/2025 23:46:13 - INFO - __main__ - Batch size is (1024, 1024), patch stride is (512, 512)
12/12/2025 23:46:13 - INFO - __main__ - --- Processing fog ---
12/12/2025 23:53:31 - INFO - __main__ - Image 0 (GOPR0476_frame_000769_rgb_anon.png) mIoU: 19.42%
12/12/2025 23:59:51 - INFO - __main__ - Image 1 (GOPR0476_frame_000845_rgb_anon.png) mIoU: 27.27%
12/13/2025 00:06:10 - INFO - __main__ - Image 2 (GOPR0476_frame_000874_rgb_anon.png) mIoU: 21.60%
12/13/2025 00:12:30 - INFO - __main__ - Image 3 (GOPR0476_frame_001029_rgb_anon.png) mIoU: 15.24%
12/13/2025 00:18:47 - INFO - __main__ - Image 4 (GOPR0476_frame_001033_rgb_anon.png) mIoU: 24.20%
12/13/2025 00:25:03 - INFO - __main__ - Image 5 (GP010476_frame_000018_rgb_anon.png) mIoU: 15.16%
12/13/2025 00:31:20 - INFO - __main__ - Image 6 (GP010476_frame_000120_rgb_anon.png) mIoU: 26.06%
12/13/2025 00:37:37 - INFO - __main__ - Image 7 (GP010476_frame_000147_rgb_anon.png) mIoU: 28.83%
12/13/2025 00:43:54 - INFO - __main__ - Image 8 (GP020475_frame_000054_rgb_anon.png) mIoU: 19.24%
12/13/2025 00:49:08 - INFO - __main__ - Image 9 (GP020475_frame_000173_rgb_anon.png) mIoU: 16.54%
12/13/2025 00:49:08 - INFO - __main__ - === Results for fog ===
12/13/2025 00:49:08 - INFO - __main__ - Average Per-Image mIoU: 21.35% (For Debugging)
12/13/2025 00:49:08 - INFO - __main__ - Full Dataset mIoU:      16.87% (Official Cityscapes Metric)
12/13/2025 00:49:08 - INFO - __main__ - Per-Class IoU:
12/13/2025 00:49:08 - INFO - __main__ -   road           : 73.38%
12/13/2025 00:49:08 - INFO - __main__ -   sidewalk       : 13.48%
12/13/2025 00:49:08 - INFO - __main__ -   building       : 22.08%
12/13/2025 00:49:08 - INFO - __main__ -   wall           : 0.32%
12/13/2025 00:49:08 - INFO - __main__ -   fence          : 0.00%
12/13/2025 00:49:08 - INFO - __main__ -   pole           : 1.41%
12/13/2025 00:49:08 - INFO - __main__ -   traffic light  : 0.00%
12/13/2025 00:49:08 - INFO - __main__ -   traffic sign   : 0.00%
12/13/2025 00:49:08 - INFO - __main__ -   vegetation     : 54.46%
12/13/2025 00:49:08 - INFO - __main__ -   terrain        : 44.25%
12/13/2025 00:49:08 - INFO - __main__ -   sky            : 47.65%
12/13/2025 00:49:08 - INFO - __main__ -   person         : 0.00%
12/13/2025 00:49:08 - INFO - __main__ -   rider          : 0.00%
12/13/2025 00:49:08 - INFO - __main__ -   car            : 27.39%
12/13/2025 00:49:08 - INFO - __main__ -   truck          : 0.00%
12/13/2025 00:49:08 - INFO - __main__ -   bus            : 0.00%
12/13/2025 00:49:08 - INFO - __main__ -   train          : 36.19%
12/13/2025 00:49:08 - INFO - __main__ -   motorcycle     : 0.00%
12/13/2025 00:49:08 - INFO - __main__ -   bicycle        : 0.00%
12/13/2025 00:49:08 - INFO - __main__ - --- Processing night ---
12/13/2025 00:56:28 - INFO - __main__ - Image 0 (GOPR0351_frame_000039_rgb_anon.png) mIoU: 8.52%
12/13/2025 01:02:47 - INFO - __main__ - Image 1 (GOPR0351_frame_000061_rgb_anon.png) mIoU: 13.85%
12/13/2025 01:09:07 - INFO - __main__ - Image 2 (GOPR0351_frame_000079_rgb_anon.png) mIoU: 3.25%
12/13/2025 01:15:27 - INFO - __main__ - Image 3 (GOPR0351_frame_000724_rgb_anon.png) mIoU: 10.19%
12/13/2025 01:21:43 - INFO - __main__ - Image 4 (GOPR0356_frame_000327_rgb_anon.png) mIoU: 13.33%
12/13/2025 01:27:59 - INFO - __main__ - Image 5 (GOPR0356_frame_000348_rgb_anon.png) mIoU: 9.34%
12/13/2025 01:34:16 - INFO - __main__ - Image 6 (GOPR0356_frame_000372_rgb_anon.png) mIoU: 6.93%
12/13/2025 01:40:32 - INFO - __main__ - Image 7 (GOPR0356_frame_000382_rgb_anon.png) mIoU: 12.40%
12/13/2025 01:46:49 - INFO - __main__ - Image 8 (GOPR0356_frame_000404_rgb_anon.png) mIoU: 10.22%
12/13/2025 01:52:03 - INFO - __main__ - Image 9 (GOPR0356_frame_000473_rgb_anon.png) mIoU: 9.44%
12/13/2025 01:52:03 - INFO - __main__ - === Results for night ===
12/13/2025 01:52:03 - INFO - __main__ - Average Per-Image mIoU: 9.75% (For Debugging)
12/13/2025 01:52:03 - INFO - __main__ - Full Dataset mIoU:      9.73% (Official Cityscapes Metric)
12/13/2025 01:52:03 - INFO - __main__ - Per-Class IoU:
12/13/2025 01:52:03 - INFO - __main__ -   road           : 67.16%
12/13/2025 01:52:03 - INFO - __main__ -   sidewalk       : 2.55%
12/13/2025 01:52:03 - INFO - __main__ -   building       : 19.87%
12/13/2025 01:52:03 - INFO - __main__ -   wall           : 0.00%
12/13/2025 01:52:03 - INFO - __main__ -   fence          : 0.00%
12/13/2025 01:52:03 - INFO - __main__ -   pole           : 1.18%
12/13/2025 01:52:03 - INFO - __main__ -   traffic light  : 0.00%
12/13/2025 01:52:03 - INFO - __main__ -   traffic sign   : 0.00%
12/13/2025 01:52:03 - INFO - __main__ -   vegetation     : 23.48%
12/13/2025 01:52:03 - INFO - __main__ -   terrain        : 0.25%
12/13/2025 01:52:03 - INFO - __main__ -   sky            : 0.00%
12/13/2025 01:52:03 - INFO - __main__ -   person         : 0.00%
12/13/2025 01:52:03 - INFO - __main__ -   rider          : 0.00%
12/13/2025 01:52:03 - INFO - __main__ -   car            : 50.90%
12/13/2025 01:52:03 - INFO - __main__ -   truck          : 0.00%
12/13/2025 01:52:03 - INFO - __main__ -   bus            : nan%
12/13/2025 01:52:03 - INFO - __main__ -   train          : 0.00%
12/13/2025 01:52:03 - INFO - __main__ -   motorcycle     : nan%
12/13/2025 01:52:03 - INFO - __main__ -   bicycle        : 0.00%
12/13/2025 01:52:03 - INFO - __main__ - --- Processing rain ---
12/13/2025 01:59:22 - INFO - __main__ - Image 0 (GOPR0400_frame_000087_rgb_anon.png) mIoU: 20.58%
12/13/2025 02:05:41 - INFO - __main__ - Image 1 (GOPR0402_frame_000154_rgb_anon.png) mIoU: 25.79%
12/13/2025 02:12:00 - INFO - __main__ - Image 2 (GOPR0402_frame_000294_rgb_anon.png) mIoU: 24.08%
12/13/2025 02:18:19 - INFO - __main__ - Image 3 (GOPR0572_frame_000752_rgb_anon.png) mIoU: 20.13%
12/13/2025 02:24:36 - INFO - __main__ - Image 4 (GOPR0572_frame_000756_rgb_anon.png) mIoU: 17.82%
12/13/2025 02:30:52 - INFO - __main__ - Image 5 (GOPR0572_frame_000860_rgb_anon.png) mIoU: 22.82%
12/13/2025 02:37:09 - INFO - __main__ - Image 6 (GP020402_frame_000774_rgb_anon.png) mIoU: 32.17%
12/13/2025 02:43:25 - INFO - __main__ - Image 7 (GP020402_frame_000830_rgb_anon.png) mIoU: 24.05%
12/13/2025 02:49:42 - INFO - __main__ - Image 8 (GP020402_frame_000914_rgb_anon.png) mIoU: 27.81%
12/13/2025 02:54:56 - INFO - __main__ - Image 9 (GP030400_frame_000129_rgb_anon.png) mIoU: 21.65%
12/13/2025 02:54:56 - INFO - __main__ - === Results for rain ===
12/13/2025 02:54:56 - INFO - __main__ - Average Per-Image mIoU: 23.69% (For Debugging)
12/13/2025 02:54:56 - INFO - __main__ - Full Dataset mIoU:      19.54% (Official Cityscapes Metric)
12/13/2025 02:54:56 - INFO - __main__ - Per-Class IoU:
12/13/2025 02:54:56 - INFO - __main__ -   road           : 65.15%
12/13/2025 02:54:56 - INFO - __main__ -   sidewalk       : 5.32%
12/13/2025 02:54:56 - INFO - __main__ -   building       : 34.28%
12/13/2025 02:54:56 - INFO - __main__ -   wall           : 0.69%
12/13/2025 02:54:56 - INFO - __main__ -   fence          : 0.00%
12/13/2025 02:54:56 - INFO - __main__ -   pole           : 7.36%
12/13/2025 02:54:56 - INFO - __main__ -   traffic light  : 0.00%
12/13/2025 02:54:56 - INFO - __main__ -   traffic sign   : 0.00%
12/13/2025 02:54:56 - INFO - __main__ -   vegetation     : 76.43%
12/13/2025 02:54:56 - INFO - __main__ -   terrain        : 44.54%
12/13/2025 02:54:56 - INFO - __main__ -   sky            : 74.82%
12/13/2025 02:54:56 - INFO - __main__ -   person         : 0.00%
12/13/2025 02:54:56 - INFO - __main__ -   rider          : 0.00%
12/13/2025 02:54:56 - INFO - __main__ -   car            : 43.12%
12/13/2025 02:54:56 - INFO - __main__ -   truck          : 0.00%
12/13/2025 02:54:56 - INFO - __main__ -   bus            : 0.00%
12/13/2025 02:54:56 - INFO - __main__ -   train          : nan%
12/13/2025 02:54:56 - INFO - __main__ -   motorcycle     : 0.00%
12/13/2025 02:54:56 - INFO - __main__ -   bicycle        : 0.00%
12/13/2025 02:54:56 - INFO - __main__ - --- Processing snow ---
12/13/2025 03:02:16 - INFO - __main__ - Image 0 (GOPR0122_frame_000018_rgb_anon.png) mIoU: 16.67%
12/13/2025 03:08:35 - INFO - __main__ - Image 1 (GOPR0122_frame_000085_rgb_anon.png) mIoU: 29.94%
12/13/2025 03:14:54 - INFO - __main__ - Image 2 (GOPR0122_frame_000306_rgb_anon.png) mIoU: 20.45%
12/13/2025 03:21:13 - INFO - __main__ - Image 3 (GOPR0604_frame_000327_rgb_anon.png) mIoU: 15.38%
12/13/2025 03:27:30 - INFO - __main__ - Image 4 (GOPR0604_frame_000332_rgb_anon.png) mIoU: 17.51%
12/13/2025 03:33:47 - INFO - __main__ - Image 5 (GOPR0604_frame_000455_rgb_anon.png) mIoU: 14.01%
12/13/2025 03:40:04 - INFO - __main__ - Image 6 (GOPR0606_frame_000220_rgb_anon.png) mIoU: 18.82%
12/13/2025 03:46:21 - INFO - __main__ - Image 7 (GOPR0606_frame_000357_rgb_anon.png) mIoU: 13.00%
12/13/2025 03:52:37 - INFO - __main__ - Image 8 (GP010607_frame_000931_rgb_anon.png) mIoU: 10.76%
12/13/2025 03:57:51 - INFO - __main__ - Image 9 (GP030176_frame_000549_rgb_anon.png) mIoU: 4.67%
12/13/2025 03:57:51 - INFO - __main__ - === Results for snow ===
12/13/2025 03:57:51 - INFO - __main__ - Average Per-Image mIoU: 16.12% (For Debugging)
12/13/2025 03:57:51 - INFO - __main__ - Full Dataset mIoU:      12.37% (Official Cityscapes Metric)
12/13/2025 03:57:51 - INFO - __main__ - Per-Class IoU:
12/13/2025 03:57:51 - INFO - __main__ -   road           : 64.71%
12/13/2025 03:57:51 - INFO - __main__ -   sidewalk       : 19.80%
12/13/2025 03:57:51 - INFO - __main__ -   building       : 21.58%
12/13/2025 03:57:51 - INFO - __main__ -   wall           : 0.34%
12/13/2025 03:57:51 - INFO - __main__ -   fence          : 3.55%
12/13/2025 03:57:51 - INFO - __main__ -   pole           : 0.52%
12/13/2025 03:57:51 - INFO - __main__ -   traffic light  : 0.00%
12/13/2025 03:57:51 - INFO - __main__ -   traffic sign   : 0.00%
12/13/2025 03:57:51 - INFO - __main__ -   vegetation     : 56.47%
12/13/2025 03:57:51 - INFO - __main__ -   terrain        : 0.25%
12/13/2025 03:57:51 - INFO - __main__ -   sky            : 34.72%
12/13/2025 03:57:51 - INFO - __main__ -   person         : 0.06%
12/13/2025 03:57:51 - INFO - __main__ -   rider          : nan%
12/13/2025 03:57:51 - INFO - __main__ -   car            : 8.28%
12/13/2025 03:57:51 - INFO - __main__ -   truck          : 0.00%
12/13/2025 03:57:51 - INFO - __main__ -   bus            : 0.00%
12/13/2025 03:57:51 - INFO - __main__ -   train          : nan%
12/13/2025 03:57:51 - INFO - __main__ -   motorcycle     : 0.00%
12/13/2025 03:57:51 - INFO - __main__ -   bicycle        : 0.00%
