12/27/2025 03:12:16 - INFO - __main__ - Starting TTA Steering Experiment with args: Namespace(dataloader_batch_size=1, max_images=10, seed=42, num_inference_steps=50, start_timestep=49, guidance_scale=30, r='/datavolume/data/aysu/ACDC/rgb_anon', g='/datavolume/data/aysu/ACDC/gt_trainval/gt')
12/27/2025 03:12:16 - INFO - __main__ - Loading SD Models...
12/27/2025 03:12:21 - INFO - __main__ - Loading SegFormer: nvidia/segformer-b5-finetuned-cityscapes-1024-1024
12/27/2025 03:12:23 - INFO - __main__ - Batch size is (1024, 1024), patch stride is (512, 512)
12/27/2025 03:12:23 - INFO - __main__ - --- Processing fog ---
12/27/2025 03:12:54 - INFO - __main__ - Image 0 (GOPR0476_frame_000769_rgb_anon.png) mIoU: 68.87%
12/27/2025 03:13:23 - INFO - __main__ - Image 1 (GOPR0476_frame_000845_rgb_anon.png) mIoU: 69.26%
12/27/2025 03:13:51 - INFO - __main__ - Image 2 (GOPR0476_frame_000874_rgb_anon.png) mIoU: 66.98%
12/27/2025 03:14:20 - INFO - __main__ - Image 3 (GOPR0476_frame_001029_rgb_anon.png) mIoU: 56.32%
12/27/2025 03:14:46 - INFO - __main__ - Image 4 (GOPR0476_frame_001033_rgb_anon.png) mIoU: 69.04%
12/27/2025 03:15:13 - INFO - __main__ - Image 5 (GP010476_frame_000018_rgb_anon.png) mIoU: 71.24%
12/27/2025 03:15:39 - INFO - __main__ - Image 6 (GP010476_frame_000120_rgb_anon.png) mIoU: 63.26%
12/27/2025 03:16:05 - INFO - __main__ - Image 7 (GP010476_frame_000147_rgb_anon.png) mIoU: 50.47%
12/27/2025 03:16:32 - INFO - __main__ - Image 8 (GP020475_frame_000054_rgb_anon.png) mIoU: 48.20%
12/27/2025 03:16:54 - INFO - __main__ - Image 9 (GP020475_frame_000173_rgb_anon.png) mIoU: 66.16%
12/27/2025 03:16:54 - INFO - __main__ - === Results for fog ===
12/27/2025 03:16:54 - INFO - __main__ - Average Per-Image mIoU: 62.98% (For Debugging)
12/27/2025 03:16:54 - INFO - __main__ - Full Dataset mIoU:      68.73% (Official Cityscapes Metric)
12/27/2025 03:16:54 - INFO - __main__ - Per-Class IoU:
12/27/2025 03:16:54 - INFO - __main__ -   road           : 96.86%
12/27/2025 03:16:54 - INFO - __main__ -   sidewalk       : 78.92%
12/27/2025 03:16:54 - INFO - __main__ -   building       : 87.56%
12/27/2025 03:16:54 - INFO - __main__ -   wall           : 70.91%
12/27/2025 03:16:54 - INFO - __main__ -   fence          : 51.14%
12/27/2025 03:16:54 - INFO - __main__ -   pole           : 45.84%
12/27/2025 03:16:54 - INFO - __main__ -   traffic light  : 61.85%
12/27/2025 03:16:54 - INFO - __main__ -   traffic sign   : 78.91%
12/27/2025 03:16:54 - INFO - __main__ -   vegetation     : 85.88%
12/27/2025 03:16:54 - INFO - __main__ -   terrain        : 49.90%
12/27/2025 03:16:54 - INFO - __main__ -   sky            : 97.71%
12/27/2025 03:16:54 - INFO - __main__ -   person         : 64.22%
12/27/2025 03:16:54 - INFO - __main__ -   rider          : 76.68%
12/27/2025 03:16:54 - INFO - __main__ -   car            : 89.63%
12/27/2025 03:16:54 - INFO - __main__ -   truck          : 0.00%
12/27/2025 03:16:54 - INFO - __main__ -   bus            : nan%
12/27/2025 03:16:54 - INFO - __main__ -   train          : 94.91%
12/27/2025 03:16:54 - INFO - __main__ -   motorcycle     : nan%
12/27/2025 03:16:54 - INFO - __main__ -   bicycle        : 37.47%
12/27/2025 03:16:54 - INFO - __main__ - --- Processing night ---
12/27/2025 03:17:25 - INFO - __main__ - Image 0 (GOPR0351_frame_000039_rgb_anon.png) mIoU: 20.40%
12/27/2025 03:17:54 - INFO - __main__ - Image 1 (GOPR0351_frame_000061_rgb_anon.png) mIoU: 20.40%
12/27/2025 03:18:24 - INFO - __main__ - Image 2 (GOPR0351_frame_000079_rgb_anon.png) mIoU: 36.71%
12/27/2025 03:18:53 - INFO - __main__ - Image 3 (GOPR0351_frame_000724_rgb_anon.png) mIoU: 36.95%
12/27/2025 03:19:19 - INFO - __main__ - Image 4 (GOPR0356_frame_000327_rgb_anon.png) mIoU: 29.20%
12/27/2025 03:19:46 - INFO - __main__ - Image 5 (GOPR0356_frame_000348_rgb_anon.png) mIoU: 25.22%
12/27/2025 03:20:12 - INFO - __main__ - Image 6 (GOPR0356_frame_000372_rgb_anon.png) mIoU: 28.82%
12/27/2025 03:20:39 - INFO - __main__ - Image 7 (GOPR0356_frame_000382_rgb_anon.png) mIoU: 37.64%
12/27/2025 03:21:05 - INFO - __main__ - Image 8 (GOPR0356_frame_000404_rgb_anon.png) mIoU: 31.05%
12/27/2025 03:21:27 - INFO - __main__ - Image 9 (GOPR0356_frame_000473_rgb_anon.png) mIoU: 20.86%
12/27/2025 03:21:27 - INFO - __main__ - === Results for night ===
12/27/2025 03:21:27 - INFO - __main__ - Average Per-Image mIoU: 28.73% (For Debugging)
12/27/2025 03:21:27 - INFO - __main__ - Full Dataset mIoU:      39.72% (Official Cityscapes Metric)
12/27/2025 03:21:27 - INFO - __main__ - Per-Class IoU:
12/27/2025 03:21:27 - INFO - __main__ -   road           : 82.27%
12/27/2025 03:21:27 - INFO - __main__ -   sidewalk       : 31.38%
12/27/2025 03:21:27 - INFO - __main__ -   building       : 51.67%
12/27/2025 03:21:27 - INFO - __main__ -   wall           : 29.64%
12/27/2025 03:21:27 - INFO - __main__ -   fence          : 40.63%
12/27/2025 03:21:27 - INFO - __main__ -   pole           : 45.08%
12/27/2025 03:21:27 - INFO - __main__ -   traffic light  : 72.24%
12/27/2025 03:21:27 - INFO - __main__ -   traffic sign   : 22.03%
12/27/2025 03:21:27 - INFO - __main__ -   vegetation     : 52.42%
12/27/2025 03:21:27 - INFO - __main__ -   terrain        : 15.96%
12/27/2025 03:21:27 - INFO - __main__ -   sky            : 0.02%
12/27/2025 03:21:27 - INFO - __main__ -   person         : 0.00%
12/27/2025 03:21:27 - INFO - __main__ -   rider          : 67.85%
12/27/2025 03:21:27 - INFO - __main__ -   car            : 78.23%
12/27/2025 03:21:27 - INFO - __main__ -   truck          : 0.00%
12/27/2025 03:21:27 - INFO - __main__ -   bus            : nan%
12/27/2025 03:21:27 - INFO - __main__ -   train          : 64.81%
12/27/2025 03:21:27 - INFO - __main__ -   motorcycle     : nan%
12/27/2025 03:21:27 - INFO - __main__ -   bicycle        : 21.08%
12/27/2025 03:21:27 - INFO - __main__ - --- Processing rain ---
12/27/2025 03:21:58 - INFO - __main__ - Image 0 (GOPR0400_frame_000087_rgb_anon.png) mIoU: 52.01%
12/27/2025 03:22:27 - INFO - __main__ - Image 1 (GOPR0402_frame_000154_rgb_anon.png) mIoU: 66.76%
12/27/2025 03:22:56 - INFO - __main__ - Image 2 (GOPR0402_frame_000294_rgb_anon.png) mIoU: 55.64%
12/27/2025 03:23:25 - INFO - __main__ - Image 3 (GOPR0572_frame_000752_rgb_anon.png) mIoU: 61.15%
12/27/2025 03:23:51 - INFO - __main__ - Image 4 (GOPR0572_frame_000756_rgb_anon.png) mIoU: 50.38%
12/27/2025 03:24:18 - INFO - __main__ - Image 5 (GOPR0572_frame_000860_rgb_anon.png) mIoU: 48.52%
12/27/2025 03:24:44 - INFO - __main__ - Image 6 (GP020402_frame_000774_rgb_anon.png) mIoU: 63.08%
12/27/2025 03:25:11 - INFO - __main__ - Image 7 (GP020402_frame_000830_rgb_anon.png) mIoU: 65.69%
12/27/2025 03:25:37 - INFO - __main__ - Image 8 (GP020402_frame_000914_rgb_anon.png) mIoU: 80.00%
12/27/2025 03:26:00 - INFO - __main__ - Image 9 (GP030400_frame_000129_rgb_anon.png) mIoU: 65.98%
12/27/2025 03:26:00 - INFO - __main__ - === Results for rain ===
12/27/2025 03:26:00 - INFO - __main__ - Average Per-Image mIoU: 60.92% (For Debugging)
12/27/2025 03:26:00 - INFO - __main__ - Full Dataset mIoU:      52.82% (Official Cityscapes Metric)
12/27/2025 03:26:00 - INFO - __main__ - Per-Class IoU:
12/27/2025 03:26:00 - INFO - __main__ -   road           : 92.54%
12/27/2025 03:26:00 - INFO - __main__ -   sidewalk       : 66.49%
12/27/2025 03:26:00 - INFO - __main__ -   building       : 89.95%
12/27/2025 03:26:00 - INFO - __main__ -   wall           : 65.80%
12/27/2025 03:26:00 - INFO - __main__ -   fence          : 35.64%
12/27/2025 03:26:00 - INFO - __main__ -   pole           : 37.90%
12/27/2025 03:26:00 - INFO - __main__ -   traffic light  : 31.22%
12/27/2025 03:26:00 - INFO - __main__ -   traffic sign   : 67.13%
12/27/2025 03:26:00 - INFO - __main__ -   vegetation     : 90.25%
12/27/2025 03:26:00 - INFO - __main__ -   terrain        : 57.21%
12/27/2025 03:26:00 - INFO - __main__ -   sky            : 98.38%
12/27/2025 03:26:00 - INFO - __main__ -   person         : 54.60%
12/27/2025 03:26:00 - INFO - __main__ -   rider          : 0.00%
12/27/2025 03:26:00 - INFO - __main__ -   car            : 91.64%
12/27/2025 03:26:00 - INFO - __main__ -   truck          : 0.00%
12/27/2025 03:26:00 - INFO - __main__ -   bus            : 43.13%
12/27/2025 03:26:00 - INFO - __main__ -   train          : 0.00%
12/27/2025 03:26:00 - INFO - __main__ -   motorcycle     : 81.64%
12/27/2025 03:26:00 - INFO - __main__ -   bicycle        : 0.00%
12/27/2025 03:26:00 - INFO - __main__ - --- Processing snow ---
12/27/2025 03:26:31 - INFO - __main__ - Image 0 (GOPR0122_frame_000018_rgb_anon.png) mIoU: 37.06%
12/27/2025 03:27:00 - INFO - __main__ - Image 1 (GOPR0122_frame_000085_rgb_anon.png) mIoU: 66.86%
12/27/2025 03:27:29 - INFO - __main__ - Image 2 (GOPR0122_frame_000306_rgb_anon.png) mIoU: 55.11%
12/27/2025 03:27:58 - INFO - __main__ - Image 3 (GOPR0604_frame_000327_rgb_anon.png) mIoU: 43.42%
12/27/2025 03:28:24 - INFO - __main__ - Image 4 (GOPR0604_frame_000332_rgb_anon.png) mIoU: 52.98%
12/27/2025 03:28:51 - INFO - __main__ - Image 5 (GOPR0604_frame_000455_rgb_anon.png) mIoU: 49.68%
12/27/2025 03:29:17 - INFO - __main__ - Image 6 (GOPR0606_frame_000220_rgb_anon.png) mIoU: 58.95%
12/27/2025 03:29:44 - INFO - __main__ - Image 7 (GOPR0606_frame_000357_rgb_anon.png) mIoU: 49.44%
12/27/2025 03:30:10 - INFO - __main__ - Image 8 (GP010607_frame_000931_rgb_anon.png) mIoU: 36.03%
12/27/2025 03:30:32 - INFO - __main__ - Image 9 (GP030176_frame_000549_rgb_anon.png) mIoU: 43.75%
12/27/2025 03:30:32 - INFO - __main__ - === Results for snow ===
12/27/2025 03:30:32 - INFO - __main__ - Average Per-Image mIoU: 49.33% (For Debugging)
12/27/2025 03:30:32 - INFO - __main__ - Full Dataset mIoU:      50.01% (Official Cityscapes Metric)
12/27/2025 03:30:32 - INFO - __main__ - Per-Class IoU:
12/27/2025 03:30:32 - INFO - __main__ -   road           : 91.46%
12/27/2025 03:30:32 - INFO - __main__ -   sidewalk       : 54.82%
12/27/2025 03:30:32 - INFO - __main__ -   building       : 76.61%
12/27/2025 03:30:32 - INFO - __main__ -   wall           : 16.09%
12/27/2025 03:30:32 - INFO - __main__ -   fence          : 48.77%
12/27/2025 03:30:32 - INFO - __main__ -   pole           : 43.18%
12/27/2025 03:30:32 - INFO - __main__ -   traffic light  : 53.25%
12/27/2025 03:30:32 - INFO - __main__ -   traffic sign   : 71.49%
12/27/2025 03:30:32 - INFO - __main__ -   vegetation     : 86.47%
12/27/2025 03:30:32 - INFO - __main__ -   terrain        : 0.04%
12/27/2025 03:30:32 - INFO - __main__ -   sky            : 96.70%
12/27/2025 03:30:32 - INFO - __main__ -   person         : 26.10%
12/27/2025 03:30:32 - INFO - __main__ -   rider          : 0.00%
12/27/2025 03:30:32 - INFO - __main__ -   car            : 82.71%
12/27/2025 03:30:32 - INFO - __main__ -   truck          : 95.82%
12/27/2025 03:30:32 - INFO - __main__ -   bus            : 55.83%
12/27/2025 03:30:32 - INFO - __main__ -   train          : 0.00%
12/27/2025 03:30:32 - INFO - __main__ -   motorcycle     : nan%
12/27/2025 03:30:32 - INFO - __main__ -   bicycle        : 0.77%
