12/27/2025 00:53:09 - INFO - __main__ - Starting TTA Steering Experiment with args: Namespace(dataloader_batch_size=1, max_images=10, seed=42, num_inference_steps=50, start_timestep=45, guidance_scale=10, r='/datavolume/data/aysu/ACDC/rgb_anon', g='/datavolume/data/aysu/ACDC/gt_trainval/gt')
12/27/2025 00:53:09 - INFO - __main__ - Loading SD Models...
12/27/2025 00:53:15 - INFO - __main__ - Loading SegFormer: nvidia/segformer-b5-finetuned-cityscapes-1024-1024
12/27/2025 00:53:17 - INFO - __main__ - Batch size is (1024, 1024), patch stride is (512, 512)
12/27/2025 00:53:17 - INFO - __main__ - --- Processing fog ---
12/27/2025 00:55:26 - INFO - __main__ - Image 0 (GOPR0476_frame_000769_rgb_anon.png) mIoU: 76.66%
12/27/2025 00:57:18 - INFO - __main__ - Image 1 (GOPR0476_frame_000845_rgb_anon.png) mIoU: 53.67%
12/27/2025 00:59:11 - INFO - __main__ - Image 2 (GOPR0476_frame_000874_rgb_anon.png) mIoU: 59.81%
12/27/2025 01:01:03 - INFO - __main__ - Image 3 (GOPR0476_frame_001029_rgb_anon.png) mIoU: 64.20%
12/27/2025 01:02:53 - INFO - __main__ - Image 4 (GOPR0476_frame_001033_rgb_anon.png) mIoU: 61.56%
12/27/2025 01:04:43 - INFO - __main__ - Image 5 (GP010476_frame_000018_rgb_anon.png) mIoU: 63.98%
12/27/2025 01:06:33 - INFO - __main__ - Image 6 (GP010476_frame_000120_rgb_anon.png) mIoU: 66.42%
12/27/2025 01:08:22 - INFO - __main__ - Image 7 (GP010476_frame_000147_rgb_anon.png) mIoU: 52.45%
12/27/2025 01:10:12 - INFO - __main__ - Image 8 (GP020475_frame_000054_rgb_anon.png) mIoU: 49.53%
12/27/2025 01:11:44 - INFO - __main__ - Image 9 (GP020475_frame_000173_rgb_anon.png) mIoU: 65.79%
12/27/2025 01:11:44 - INFO - __main__ - === Results for fog ===
12/27/2025 01:11:44 - INFO - __main__ - Average Per-Image mIoU: 61.41% (For Debugging)
12/27/2025 01:11:44 - INFO - __main__ - Full Dataset mIoU:      64.61% (Official Cityscapes Metric)
12/27/2025 01:11:44 - INFO - __main__ - Per-Class IoU:
12/27/2025 01:11:44 - INFO - __main__ -   road           : 96.89%
12/27/2025 01:11:44 - INFO - __main__ -   sidewalk       : 77.55%
12/27/2025 01:11:44 - INFO - __main__ -   building       : 87.09%
12/27/2025 01:11:44 - INFO - __main__ -   wall           : 78.11%
12/27/2025 01:11:44 - INFO - __main__ -   fence          : 49.82%
12/27/2025 01:11:44 - INFO - __main__ -   pole           : 37.03%
12/27/2025 01:11:44 - INFO - __main__ -   traffic light  : 61.11%
12/27/2025 01:11:44 - INFO - __main__ -   traffic sign   : 79.31%
12/27/2025 01:11:44 - INFO - __main__ -   vegetation     : 85.04%
12/27/2025 01:11:44 - INFO - __main__ -   terrain        : 48.45%
12/27/2025 01:11:44 - INFO - __main__ -   sky            : 97.66%
12/27/2025 01:11:44 - INFO - __main__ -   person         : 50.00%
12/27/2025 01:11:44 - INFO - __main__ -   rider          : 0.00%
12/27/2025 01:11:44 - INFO - __main__ -   car            : 90.57%
12/27/2025 01:11:44 - INFO - __main__ -   truck          : nan%
12/27/2025 01:11:44 - INFO - __main__ -   bus            : nan%
12/27/2025 01:11:44 - INFO - __main__ -   train          : 95.08%
12/27/2025 01:11:44 - INFO - __main__ -   motorcycle     : nan%
12/27/2025 01:11:44 - INFO - __main__ -   bicycle        : 0.00%
12/27/2025 01:11:44 - INFO - __main__ - --- Processing night ---
12/27/2025 01:13:52 - INFO - __main__ - Image 0 (GOPR0351_frame_000039_rgb_anon.png) mIoU: 27.94%
12/27/2025 01:15:45 - INFO - __main__ - Image 1 (GOPR0351_frame_000061_rgb_anon.png) mIoU: 17.51%
12/27/2025 01:17:38 - INFO - __main__ - Image 2 (GOPR0351_frame_000079_rgb_anon.png) mIoU: 35.49%
12/27/2025 01:19:30 - INFO - __main__ - Image 3 (GOPR0351_frame_000724_rgb_anon.png) mIoU: 41.72%
12/27/2025 01:21:20 - INFO - __main__ - Image 4 (GOPR0356_frame_000327_rgb_anon.png) mIoU: 29.19%
12/27/2025 01:23:10 - INFO - __main__ - Image 5 (GOPR0356_frame_000348_rgb_anon.png) mIoU: 30.33%
12/27/2025 01:25:00 - INFO - __main__ - Image 6 (GOPR0356_frame_000372_rgb_anon.png) mIoU: 28.72%
12/27/2025 01:26:49 - INFO - __main__ - Image 7 (GOPR0356_frame_000382_rgb_anon.png) mIoU: 35.84%
12/27/2025 01:28:39 - INFO - __main__ - Image 8 (GOPR0356_frame_000404_rgb_anon.png) mIoU: 34.09%
12/27/2025 01:30:11 - INFO - __main__ - Image 9 (GOPR0356_frame_000473_rgb_anon.png) mIoU: 16.27%
12/27/2025 01:30:11 - INFO - __main__ - === Results for night ===
12/27/2025 01:30:11 - INFO - __main__ - Average Per-Image mIoU: 29.71% (For Debugging)
12/27/2025 01:30:11 - INFO - __main__ - Full Dataset mIoU:      38.85% (Official Cityscapes Metric)
12/27/2025 01:30:11 - INFO - __main__ - Per-Class IoU:
12/27/2025 01:30:11 - INFO - __main__ -   road           : 78.19%
12/27/2025 01:30:11 - INFO - __main__ -   sidewalk       : 27.65%
12/27/2025 01:30:11 - INFO - __main__ -   building       : 41.11%
12/27/2025 01:30:11 - INFO - __main__ -   wall           : 13.81%
12/27/2025 01:30:11 - INFO - __main__ -   fence          : 39.01%
12/27/2025 01:30:11 - INFO - __main__ -   pole           : 47.36%
12/27/2025 01:30:11 - INFO - __main__ -   traffic light  : 71.44%
12/27/2025 01:30:11 - INFO - __main__ -   traffic sign   : 23.75%
12/27/2025 01:30:11 - INFO - __main__ -   vegetation     : 63.67%
12/27/2025 01:30:11 - INFO - __main__ -   terrain        : 28.89%
12/27/2025 01:30:11 - INFO - __main__ -   sky            : 0.01%
12/27/2025 01:30:11 - INFO - __main__ -   person         : 0.16%
12/27/2025 01:30:11 - INFO - __main__ -   rider          : 63.76%
12/27/2025 01:30:11 - INFO - __main__ -   car            : 72.75%
12/27/2025 01:30:11 - INFO - __main__ -   truck          : 0.00%
12/27/2025 01:30:11 - INFO - __main__ -   bus            : nan%
12/27/2025 01:30:11 - INFO - __main__ -   train          : 71.74%
12/27/2025 01:30:11 - INFO - __main__ -   motorcycle     : nan%
12/27/2025 01:30:11 - INFO - __main__ -   bicycle        : 17.17%
12/27/2025 01:30:11 - INFO - __main__ - --- Processing rain ---
12/27/2025 01:32:19 - INFO - __main__ - Image 0 (GOPR0400_frame_000087_rgb_anon.png) mIoU: 62.71%
12/27/2025 01:34:12 - INFO - __main__ - Image 1 (GOPR0402_frame_000154_rgb_anon.png) mIoU: 64.66%
12/27/2025 01:36:04 - INFO - __main__ - Image 2 (GOPR0402_frame_000294_rgb_anon.png) mIoU: 46.78%
12/27/2025 01:37:56 - INFO - __main__ - Image 3 (GOPR0572_frame_000752_rgb_anon.png) mIoU: 62.94%
12/27/2025 01:39:46 - INFO - __main__ - Image 4 (GOPR0572_frame_000756_rgb_anon.png) mIoU: 50.88%
12/27/2025 01:41:36 - INFO - __main__ - Image 5 (GOPR0572_frame_000860_rgb_anon.png) mIoU: 56.70%
12/27/2025 01:43:26 - INFO - __main__ - Image 6 (GP020402_frame_000774_rgb_anon.png) mIoU: 61.82%
12/27/2025 01:45:16 - INFO - __main__ - Image 7 (GP020402_frame_000830_rgb_anon.png) mIoU: 60.36%
12/27/2025 01:47:06 - INFO - __main__ - Image 8 (GP020402_frame_000914_rgb_anon.png) mIoU: 85.90%
12/27/2025 01:48:37 - INFO - __main__ - Image 9 (GP030400_frame_000129_rgb_anon.png) mIoU: 62.81%
12/27/2025 01:48:37 - INFO - __main__ - === Results for rain ===
12/27/2025 01:48:37 - INFO - __main__ - Average Per-Image mIoU: 61.56% (For Debugging)
12/27/2025 01:48:37 - INFO - __main__ - Full Dataset mIoU:      49.79% (Official Cityscapes Metric)
12/27/2025 01:48:37 - INFO - __main__ - Per-Class IoU:
12/27/2025 01:48:37 - INFO - __main__ -   road           : 92.19%
12/27/2025 01:48:37 - INFO - __main__ -   sidewalk       : 65.13%
12/27/2025 01:48:37 - INFO - __main__ -   building       : 87.63%
12/27/2025 01:48:37 - INFO - __main__ -   wall           : 42.54%
12/27/2025 01:48:37 - INFO - __main__ -   fence          : 27.29%
12/27/2025 01:48:37 - INFO - __main__ -   pole           : 36.67%
12/27/2025 01:48:37 - INFO - __main__ -   traffic light  : 39.28%
12/27/2025 01:48:37 - INFO - __main__ -   traffic sign   : 68.92%
12/27/2025 01:48:37 - INFO - __main__ -   vegetation     : 90.31%
12/27/2025 01:48:37 - INFO - __main__ -   terrain        : 59.53%
12/27/2025 01:48:37 - INFO - __main__ -   sky            : 98.31%
12/27/2025 01:48:37 - INFO - __main__ -   person         : 27.24%
12/27/2025 01:48:37 - INFO - __main__ -   rider          : 0.00%
12/27/2025 01:48:37 - INFO - __main__ -   car            : 90.73%
12/27/2025 01:48:37 - INFO - __main__ -   truck          : 0.00%
12/27/2025 01:48:37 - INFO - __main__ -   bus            : 41.70%
12/27/2025 01:48:37 - INFO - __main__ -   train          : 0.00%
12/27/2025 01:48:37 - INFO - __main__ -   motorcycle     : 78.53%
12/27/2025 01:48:37 - INFO - __main__ -   bicycle        : 0.00%
12/27/2025 01:48:37 - INFO - __main__ - --- Processing snow ---
12/27/2025 01:50:46 - INFO - __main__ - Image 0 (GOPR0122_frame_000018_rgb_anon.png) mIoU: 52.14%
12/27/2025 01:52:38 - INFO - __main__ - Image 1 (GOPR0122_frame_000085_rgb_anon.png) mIoU: 60.00%
12/27/2025 01:54:31 - INFO - __main__ - Image 2 (GOPR0122_frame_000306_rgb_anon.png) mIoU: 47.80%
12/27/2025 01:56:24 - INFO - __main__ - Image 3 (GOPR0604_frame_000327_rgb_anon.png) mIoU: 43.42%
12/27/2025 01:58:14 - INFO - __main__ - Image 4 (GOPR0604_frame_000332_rgb_anon.png) mIoU: 51.44%
12/27/2025 02:00:03 - INFO - __main__ - Image 5 (GOPR0604_frame_000455_rgb_anon.png) mIoU: 57.90%
12/27/2025 02:01:53 - INFO - __main__ - Image 6 (GOPR0606_frame_000220_rgb_anon.png) mIoU: 62.35%
12/27/2025 02:03:43 - INFO - __main__ - Image 7 (GOPR0606_frame_000357_rgb_anon.png) mIoU: 51.82%
12/27/2025 02:05:33 - INFO - __main__ - Image 8 (GP010607_frame_000931_rgb_anon.png) mIoU: 38.24%
12/27/2025 02:07:04 - INFO - __main__ - Image 9 (GP030176_frame_000549_rgb_anon.png) mIoU: 44.12%
12/27/2025 02:07:04 - INFO - __main__ - === Results for snow ===
12/27/2025 02:07:04 - INFO - __main__ - Average Per-Image mIoU: 50.92% (For Debugging)
12/27/2025 02:07:04 - INFO - __main__ - Full Dataset mIoU:      52.71% (Official Cityscapes Metric)
12/27/2025 02:07:04 - INFO - __main__ - Per-Class IoU:
12/27/2025 02:07:04 - INFO - __main__ -   road           : 89.35%
12/27/2025 02:07:04 - INFO - __main__ -   sidewalk       : 49.64%
12/27/2025 02:07:04 - INFO - __main__ -   building       : 72.39%
12/27/2025 02:07:04 - INFO - __main__ -   wall           : 27.25%
12/27/2025 02:07:04 - INFO - __main__ -   fence          : 46.17%
12/27/2025 02:07:04 - INFO - __main__ -   pole           : 40.18%
12/27/2025 02:07:04 - INFO - __main__ -   traffic light  : 55.11%
12/27/2025 02:07:04 - INFO - __main__ -   traffic sign   : 60.30%
12/27/2025 02:07:04 - INFO - __main__ -   vegetation     : 85.51%
12/27/2025 02:07:04 - INFO - __main__ -   terrain        : 0.00%
12/27/2025 02:07:04 - INFO - __main__ -   sky            : 97.06%
12/27/2025 02:07:04 - INFO - __main__ -   person         : 35.07%
12/27/2025 02:07:04 - INFO - __main__ -   rider          : nan%
12/27/2025 02:07:04 - INFO - __main__ -   car            : 88.37%
12/27/2025 02:07:04 - INFO - __main__ -   truck          : 97.00%
12/27/2025 02:07:04 - INFO - __main__ -   bus            : 51.30%
12/27/2025 02:07:04 - INFO - __main__ -   train          : 0.00%
12/27/2025 02:07:04 - INFO - __main__ -   motorcycle     : nan%
12/27/2025 02:07:04 - INFO - __main__ -   bicycle        : 1.38%
