12/13/2025 13:23:21 - INFO - __main__ - Starting TTA Steering Experiment with args: Namespace(dataloader_batch_size=1, max_images=10, seed=42, num_inference_steps=50, start_timestep=0, guidance_scale=1, r='/datavolume/data/aysu/ACDC/rgb_anon', g='/datavolume/data/aysu/ACDC/gt_trainval/gt')
12/13/2025 13:23:21 - INFO - __main__ - Loading SD Models...
12/13/2025 13:23:26 - INFO - __main__ - Loading SegFormer: nvidia/segformer-b5-finetuned-cityscapes-1024-1024
12/13/2025 13:23:29 - INFO - __main__ - Batch size is (1024, 1024), patch stride is (512, 512)
12/13/2025 13:23:29 - INFO - __main__ - --- Processing fog ---
12/13/2025 13:43:42 - INFO - __main__ - Image 0 (GOPR0476_frame_000769_rgb_anon.png) mIoU: 2.15%
12/13/2025 14:01:06 - INFO - __main__ - Image 1 (GOPR0476_frame_000845_rgb_anon.png) mIoU: 6.25%
12/13/2025 14:18:29 - INFO - __main__ - Image 2 (GOPR0476_frame_000874_rgb_anon.png) mIoU: 4.68%
12/13/2025 14:35:52 - INFO - __main__ - Image 3 (GOPR0476_frame_001029_rgb_anon.png) mIoU: 1.13%
12/13/2025 14:53:13 - INFO - __main__ - Image 4 (GOPR0476_frame_001033_rgb_anon.png) mIoU: 1.33%
12/13/2025 15:10:33 - INFO - __main__ - Image 5 (GP010476_frame_000018_rgb_anon.png) mIoU: 7.98%
12/13/2025 15:27:55 - INFO - __main__ - Image 6 (GP010476_frame_000120_rgb_anon.png) mIoU: 1.60%
12/13/2025 15:45:16 - INFO - __main__ - Image 7 (GP010476_frame_000147_rgb_anon.png) mIoU: 0.02%
12/13/2025 16:02:37 - INFO - __main__ - Image 8 (GP020475_frame_000054_rgb_anon.png) mIoU: 6.53%
12/13/2025 16:17:32 - INFO - __main__ - Image 9 (GP020475_frame_000173_rgb_anon.png) mIoU: 3.19%
12/13/2025 16:17:32 - INFO - __main__ - === Results for fog ===
12/13/2025 16:17:32 - INFO - __main__ - Average Per-Image mIoU: 3.49% (For Debugging)
12/13/2025 16:17:32 - INFO - __main__ - Full Dataset mIoU:      2.50% (Official Cityscapes Metric)
12/13/2025 16:17:32 - INFO - __main__ - Per-Class IoU:
12/13/2025 16:17:32 - INFO - __main__ -   road           : 0.87%
12/13/2025 16:17:32 - INFO - __main__ -   sidewalk       : 0.03%
12/13/2025 16:17:32 - INFO - __main__ -   building       : 15.33%
12/13/2025 16:17:32 - INFO - __main__ -   wall           : 1.57%
12/13/2025 16:17:32 - INFO - __main__ -   fence          : 0.00%
12/13/2025 16:17:32 - INFO - __main__ -   pole           : 0.00%
12/13/2025 16:17:32 - INFO - __main__ -   traffic light  : 0.00%
12/13/2025 16:17:32 - INFO - __main__ -   traffic sign   : 0.00%
12/13/2025 16:17:32 - INFO - __main__ -   vegetation     : 2.55%
12/13/2025 16:17:32 - INFO - __main__ -   terrain        : 0.00%
12/13/2025 16:17:32 - INFO - __main__ -   sky            : 22.17%
12/13/2025 16:17:32 - INFO - __main__ -   person         : 0.00%
12/13/2025 16:17:32 - INFO - __main__ -   rider          : 0.00%
12/13/2025 16:17:32 - INFO - __main__ -   car            : 0.00%
12/13/2025 16:17:32 - INFO - __main__ -   truck          : nan%
12/13/2025 16:17:32 - INFO - __main__ -   bus            : nan%
12/13/2025 16:17:32 - INFO - __main__ -   train          : 0.00%
12/13/2025 16:17:32 - INFO - __main__ -   motorcycle     : 0.00%
12/13/2025 16:17:32 - INFO - __main__ -   bicycle        : 0.00%
12/13/2025 16:17:32 - INFO - __main__ - --- Processing night ---
12/13/2025 16:37:54 - INFO - __main__ - Image 0 (GOPR0351_frame_000039_rgb_anon.png) mIoU: 4.75%
12/13/2025 16:55:21 - INFO - __main__ - Image 1 (GOPR0351_frame_000061_rgb_anon.png) mIoU: 3.60%
12/13/2025 17:12:45 - INFO - __main__ - Image 2 (GOPR0351_frame_000079_rgb_anon.png) mIoU: 2.86%
12/13/2025 17:30:09 - INFO - __main__ - Image 3 (GOPR0351_frame_000724_rgb_anon.png) mIoU: 1.09%
12/13/2025 17:47:30 - INFO - __main__ - Image 4 (GOPR0356_frame_000327_rgb_anon.png) mIoU: 2.28%
12/13/2025 18:04:50 - INFO - __main__ - Image 5 (GOPR0356_frame_000348_rgb_anon.png) mIoU: 1.38%
12/13/2025 18:22:13 - INFO - __main__ - Image 6 (GOPR0356_frame_000372_rgb_anon.png) mIoU: 3.09%
12/13/2025 18:39:34 - INFO - __main__ - Image 7 (GOPR0356_frame_000382_rgb_anon.png) mIoU: 5.37%
12/13/2025 18:56:56 - INFO - __main__ - Image 8 (GOPR0356_frame_000404_rgb_anon.png) mIoU: 3.24%
12/13/2025 19:11:24 - INFO - __main__ - Image 9 (GOPR0356_frame_000473_rgb_anon.png) mIoU: 1.63%
12/13/2025 19:11:24 - INFO - __main__ - === Results for night ===
12/13/2025 19:11:24 - INFO - __main__ - Average Per-Image mIoU: 2.93% (For Debugging)
12/13/2025 19:11:24 - INFO - __main__ - Full Dataset mIoU:      2.93% (Official Cityscapes Metric)
12/13/2025 19:11:24 - INFO - __main__ - Per-Class IoU:
12/13/2025 19:11:24 - INFO - __main__ -   road           : 6.31%
12/13/2025 19:11:24 - INFO - __main__ -   sidewalk       : 0.89%
12/13/2025 19:11:24 - INFO - __main__ -   building       : 15.82%
12/13/2025 19:11:24 - INFO - __main__ -   wall           : 3.14%
12/13/2025 19:11:24 - INFO - __main__ -   fence          : 0.00%
12/13/2025 19:11:24 - INFO - __main__ -   pole           : 0.00%
12/13/2025 19:11:24 - INFO - __main__ -   traffic light  : 0.00%
12/13/2025 19:11:24 - INFO - __main__ -   traffic sign   : 0.00%
12/13/2025 19:11:24 - INFO - __main__ -   vegetation     : 23.62%
12/13/2025 19:11:24 - INFO - __main__ -   terrain        : 0.00%
12/13/2025 19:11:24 - INFO - __main__ -   sky            : 0.00%
12/13/2025 19:11:24 - INFO - __main__ -   person         : 0.00%
12/13/2025 19:11:24 - INFO - __main__ -   rider          : 0.00%
12/13/2025 19:11:24 - INFO - __main__ -   car            : 0.00%
12/13/2025 19:11:24 - INFO - __main__ -   truck          : 0.00%
12/13/2025 19:11:24 - INFO - __main__ -   bus            : nan%
12/13/2025 19:11:24 - INFO - __main__ -   train          : 0.00%
12/13/2025 19:11:24 - INFO - __main__ -   motorcycle     : nan%
12/13/2025 19:11:24 - INFO - __main__ -   bicycle        : 0.00%
12/13/2025 19:11:24 - INFO - __main__ - --- Processing rain ---
12/13/2025 19:31:38 - INFO - __main__ - Image 0 (GOPR0400_frame_000087_rgb_anon.png) mIoU: 1.69%
12/13/2025 19:49:02 - INFO - __main__ - Image 1 (GOPR0402_frame_000154_rgb_anon.png) mIoU: 6.79%
12/13/2025 20:06:26 - INFO - __main__ - Image 2 (GOPR0402_frame_000294_rgb_anon.png) mIoU: 9.58%
12/13/2025 20:23:50 - INFO - __main__ - Image 3 (GOPR0572_frame_000752_rgb_anon.png) mIoU: 2.62%
12/13/2025 20:41:11 - INFO - __main__ - Image 4 (GOPR0572_frame_000756_rgb_anon.png) mIoU: 3.49%
12/13/2025 20:58:33 - INFO - __main__ - Image 5 (GOPR0572_frame_000860_rgb_anon.png) mIoU: 8.44%
12/13/2025 21:15:54 - INFO - __main__ - Image 6 (GP020402_frame_000774_rgb_anon.png) mIoU: 9.66%
12/13/2025 21:33:15 - INFO - __main__ - Image 7 (GP020402_frame_000830_rgb_anon.png) mIoU: 2.67%
12/13/2025 21:50:36 - INFO - __main__ - Image 8 (GP020402_frame_000914_rgb_anon.png) mIoU: 6.53%
12/13/2025 22:05:04 - INFO - __main__ - Image 9 (GP030400_frame_000129_rgb_anon.png) mIoU: 3.96%
12/13/2025 22:05:04 - INFO - __main__ - === Results for rain ===
12/13/2025 22:05:04 - INFO - __main__ - Average Per-Image mIoU: 5.54% (For Debugging)
12/13/2025 22:05:04 - INFO - __main__ - Full Dataset mIoU:      3.92% (Official Cityscapes Metric)
12/13/2025 22:05:04 - INFO - __main__ - Per-Class IoU:
12/13/2025 22:05:04 - INFO - __main__ -   road           : 13.33%
12/13/2025 22:05:04 - INFO - __main__ -   sidewalk       : 0.00%
12/13/2025 22:05:04 - INFO - __main__ -   building       : 15.78%
12/13/2025 22:05:04 - INFO - __main__ -   wall           : 1.42%
12/13/2025 22:05:04 - INFO - __main__ -   fence          : 0.00%
12/13/2025 22:05:04 - INFO - __main__ -   pole           : 0.00%
12/13/2025 22:05:04 - INFO - __main__ -   traffic light  : 0.00%
12/13/2025 22:05:04 - INFO - __main__ -   traffic sign   : 0.00%
12/13/2025 22:05:04 - INFO - __main__ -   vegetation     : 15.04%
12/13/2025 22:05:04 - INFO - __main__ -   terrain        : 0.00%
12/13/2025 22:05:04 - INFO - __main__ -   sky            : 25.00%
12/13/2025 22:05:04 - INFO - __main__ -   person         : 0.00%
12/13/2025 22:05:04 - INFO - __main__ -   rider          : 0.00%
12/13/2025 22:05:04 - INFO - __main__ -   car            : 0.06%
12/13/2025 22:05:04 - INFO - __main__ -   truck          : 0.00%
12/13/2025 22:05:04 - INFO - __main__ -   bus            : 0.00%
12/13/2025 22:05:04 - INFO - __main__ -   train          : nan%
12/13/2025 22:05:04 - INFO - __main__ -   motorcycle     : 0.00%
12/13/2025 22:05:04 - INFO - __main__ -   bicycle        : 0.00%
12/13/2025 22:05:04 - INFO - __main__ - --- Processing snow ---
12/13/2025 22:25:18 - INFO - __main__ - Image 0 (GOPR0122_frame_000018_rgb_anon.png) mIoU: 1.96%
12/13/2025 22:42:42 - INFO - __main__ - Image 1 (GOPR0122_frame_000085_rgb_anon.png) mIoU: 9.01%
12/13/2025 23:00:05 - INFO - __main__ - Image 2 (GOPR0122_frame_000306_rgb_anon.png) mIoU: 2.19%
12/13/2025 23:17:28 - INFO - __main__ - Image 3 (GOPR0604_frame_000327_rgb_anon.png) mIoU: 0.84%
12/13/2025 23:34:49 - INFO - __main__ - Image 4 (GOPR0604_frame_000332_rgb_anon.png) mIoU: 0.38%
12/13/2025 23:52:10 - INFO - __main__ - Image 5 (GOPR0604_frame_000455_rgb_anon.png) mIoU: 0.52%
12/14/2025 00:09:31 - INFO - __main__ - Image 6 (GOPR0606_frame_000220_rgb_anon.png) mIoU: 0.71%
12/14/2025 00:26:53 - INFO - __main__ - Image 7 (GOPR0606_frame_000357_rgb_anon.png) mIoU: 1.67%
12/14/2025 00:44:14 - INFO - __main__ - Image 8 (GP010607_frame_000931_rgb_anon.png) mIoU: 2.85%
12/14/2025 00:58:43 - INFO - __main__ - Image 9 (GP030176_frame_000549_rgb_anon.png) mIoU: 4.11%
12/14/2025 00:58:43 - INFO - __main__ - === Results for snow ===
12/14/2025 00:58:43 - INFO - __main__ - Average Per-Image mIoU: 2.42% (For Debugging)
12/14/2025 00:58:43 - INFO - __main__ - Full Dataset mIoU:      1.74% (Official Cityscapes Metric)
12/14/2025 00:58:43 - INFO - __main__ - Per-Class IoU:
12/14/2025 00:58:43 - INFO - __main__ -   road           : 1.91%
12/14/2025 00:58:43 - INFO - __main__ -   sidewalk       : 0.37%
12/14/2025 00:58:43 - INFO - __main__ -   building       : 13.33%
12/14/2025 00:58:43 - INFO - __main__ -   wall           : 0.03%
12/14/2025 00:58:43 - INFO - __main__ -   fence          : 0.00%
12/14/2025 00:58:43 - INFO - __main__ -   pole           : 0.00%
12/14/2025 00:58:43 - INFO - __main__ -   traffic light  : 0.00%
12/14/2025 00:58:43 - INFO - __main__ -   traffic sign   : 0.00%
12/14/2025 00:58:43 - INFO - __main__ -   vegetation     : 3.73%
12/14/2025 00:58:43 - INFO - __main__ -   terrain        : 0.00%
12/14/2025 00:58:43 - INFO - __main__ -   sky            : 10.12%
12/14/2025 00:58:43 - INFO - __main__ -   person         : 0.00%
12/14/2025 00:58:43 - INFO - __main__ -   rider          : nan%
12/14/2025 00:58:43 - INFO - __main__ -   car            : 0.00%
12/14/2025 00:58:43 - INFO - __main__ -   truck          : 0.00%
12/14/2025 00:58:43 - INFO - __main__ -   bus            : 0.00%
12/14/2025 00:58:43 - INFO - __main__ -   train          : nan%
12/14/2025 00:58:43 - INFO - __main__ -   motorcycle     : 0.00%
12/14/2025 00:58:43 - INFO - __main__ -   bicycle        : 0.00%
