12/13/2025 20:32:50 - INFO - __main__ - Starting TTA Steering Experiment with args: Namespace(dataloader_batch_size=1, max_images=10, seed=42, num_inference_steps=50, start_timestep=35, guidance_scale=1, r='/datavolume/data/aysu/ACDC/rgb_anon', g='/datavolume/data/aysu/ACDC/gt_trainval/gt')
12/13/2025 20:32:50 - INFO - __main__ - Loading SD Models...
12/13/2025 20:32:55 - INFO - __main__ - Loading SegFormer: nvidia/segformer-b5-finetuned-cityscapes-1024-1024
12/13/2025 20:32:57 - INFO - __main__ - Batch size is (1024, 1024), patch stride is (512, 512)
12/13/2025 20:32:57 - INFO - __main__ - --- Processing fog ---
12/13/2025 20:39:16 - INFO - __main__ - Image 0 (GOPR0476_frame_000769_rgb_anon.png) mIoU: 58.20%
12/13/2025 20:44:51 - INFO - __main__ - Image 1 (GOPR0476_frame_000845_rgb_anon.png) mIoU: 55.26%
12/13/2025 20:50:21 - INFO - __main__ - Image 2 (GOPR0476_frame_000874_rgb_anon.png) mIoU: 60.79%
12/13/2025 20:55:57 - INFO - __main__ - Image 3 (GOPR0476_frame_001029_rgb_anon.png) mIoU: 40.57%
12/13/2025 21:01:29 - INFO - __main__ - Image 4 (GOPR0476_frame_001033_rgb_anon.png) mIoU: 58.25%
12/13/2025 21:06:57 - INFO - __main__ - Image 5 (GP010476_frame_000018_rgb_anon.png) mIoU: 52.30%
12/13/2025 21:12:15 - INFO - __main__ - Image 6 (GP010476_frame_000120_rgb_anon.png) mIoU: 63.88%
12/13/2025 21:17:33 - INFO - __main__ - Image 7 (GP010476_frame_000147_rgb_anon.png) mIoU: 47.86%
12/13/2025 21:22:52 - INFO - __main__ - Image 8 (GP020475_frame_000054_rgb_anon.png) mIoU: 48.43%
12/13/2025 21:27:17 - INFO - __main__ - Image 9 (GP020475_frame_000173_rgb_anon.png) mIoU: 53.30%
12/13/2025 21:27:17 - INFO - __main__ - === Results for fog ===
12/13/2025 21:27:17 - INFO - __main__ - Average Per-Image mIoU: 53.88% (For Debugging)
12/13/2025 21:27:17 - INFO - __main__ - Full Dataset mIoU:      52.91% (Official Cityscapes Metric)
12/13/2025 21:27:17 - INFO - __main__ - Per-Class IoU:
12/13/2025 21:27:17 - INFO - __main__ -   road           : 94.57%
12/13/2025 21:27:17 - INFO - __main__ -   sidewalk       : 66.74%
12/13/2025 21:27:17 - INFO - __main__ -   building       : 83.97%
12/13/2025 21:27:17 - INFO - __main__ -   wall           : 71.03%
12/13/2025 21:27:17 - INFO - __main__ -   fence          : 50.74%
12/13/2025 21:27:17 - INFO - __main__ -   pole           : 24.68%
12/13/2025 21:27:17 - INFO - __main__ -   traffic light  : 20.61%
12/13/2025 21:27:17 - INFO - __main__ -   traffic sign   : 60.93%
12/13/2025 21:27:17 - INFO - __main__ -   vegetation     : 82.06%
12/13/2025 21:27:17 - INFO - __main__ -   terrain        : 43.05%
12/13/2025 21:27:17 - INFO - __main__ -   sky            : 97.03%
12/13/2025 21:27:17 - INFO - __main__ -   person         : 22.33%
12/13/2025 21:27:17 - INFO - __main__ -   rider          : 0.00%
12/13/2025 21:27:17 - INFO - __main__ -   car            : 88.57%
12/13/2025 21:27:17 - INFO - __main__ -   truck          : 0.00%
12/13/2025 21:27:17 - INFO - __main__ -   bus            : nan%
12/13/2025 21:27:17 - INFO - __main__ -   train          : 93.11%
12/13/2025 21:27:17 - INFO - __main__ -   motorcycle     : nan%
12/13/2025 21:27:17 - INFO - __main__ -   bicycle        : 0.00%
12/13/2025 21:27:17 - INFO - __main__ - --- Processing night ---
12/13/2025 21:33:28 - INFO - __main__ - Image 0 (GOPR0351_frame_000039_rgb_anon.png) mIoU: 27.18%
12/13/2025 21:38:50 - INFO - __main__ - Image 1 (GOPR0351_frame_000061_rgb_anon.png) mIoU: 15.36%
12/13/2025 21:44:11 - INFO - __main__ - Image 2 (GOPR0351_frame_000079_rgb_anon.png) mIoU: 32.01%
12/13/2025 21:49:33 - INFO - __main__ - Image 3 (GOPR0351_frame_000724_rgb_anon.png) mIoU: 31.49%
12/13/2025 21:54:50 - INFO - __main__ - Image 4 (GOPR0356_frame_000327_rgb_anon.png) mIoU: 24.40%
12/13/2025 22:00:08 - INFO - __main__ - Image 5 (GOPR0356_frame_000348_rgb_anon.png) mIoU: 25.00%
12/13/2025 22:05:27 - INFO - __main__ - Image 6 (GOPR0356_frame_000372_rgb_anon.png) mIoU: 19.74%
12/13/2025 22:10:45 - INFO - __main__ - Image 7 (GOPR0356_frame_000382_rgb_anon.png) mIoU: 17.57%
12/13/2025 22:16:03 - INFO - __main__ - Image 8 (GOPR0356_frame_000404_rgb_anon.png) mIoU: 31.20%
12/13/2025 22:20:28 - INFO - __main__ - Image 9 (GOPR0356_frame_000473_rgb_anon.png) mIoU: 11.42%
12/13/2025 22:20:28 - INFO - __main__ - === Results for night ===
12/13/2025 22:20:28 - INFO - __main__ - Average Per-Image mIoU: 23.54% (For Debugging)
12/13/2025 22:20:28 - INFO - __main__ - Full Dataset mIoU:      25.31% (Official Cityscapes Metric)
12/13/2025 22:20:28 - INFO - __main__ - Per-Class IoU:
12/13/2025 22:20:28 - INFO - __main__ -   road           : 76.62%
12/13/2025 22:20:28 - INFO - __main__ -   sidewalk       : 23.32%
12/13/2025 22:20:28 - INFO - __main__ -   building       : 36.52%
12/13/2025 22:20:28 - INFO - __main__ -   wall           : 0.00%
12/13/2025 22:20:28 - INFO - __main__ -   fence          : 27.96%
12/13/2025 22:20:28 - INFO - __main__ -   pole           : 39.53%
12/13/2025 22:20:28 - INFO - __main__ -   traffic light  : 44.41%
12/13/2025 22:20:28 - INFO - __main__ -   traffic sign   : 4.44%
12/13/2025 22:20:28 - INFO - __main__ -   vegetation     : 49.53%
12/13/2025 22:20:28 - INFO - __main__ -   terrain        : 18.51%
12/13/2025 22:20:28 - INFO - __main__ -   sky            : 0.43%
12/13/2025 22:20:28 - INFO - __main__ -   person         : 0.00%
12/13/2025 22:20:28 - INFO - __main__ -   rider          : 0.00%
12/13/2025 22:20:28 - INFO - __main__ -   car            : 70.21%
12/13/2025 22:20:28 - INFO - __main__ -   truck          : 30.48%
12/13/2025 22:20:28 - INFO - __main__ -   bus            : 0.00%
12/13/2025 22:20:28 - INFO - __main__ -   train          : 58.95%
12/13/2025 22:20:28 - INFO - __main__ -   motorcycle     : 0.00%
12/13/2025 22:20:28 - INFO - __main__ -   bicycle        : 0.00%
12/13/2025 22:20:28 - INFO - __main__ - --- Processing rain ---
12/13/2025 22:26:39 - INFO - __main__ - Image 0 (GOPR0400_frame_000087_rgb_anon.png) mIoU: 59.46%
12/13/2025 22:32:00 - INFO - __main__ - Image 1 (GOPR0402_frame_000154_rgb_anon.png) mIoU: 47.34%
12/13/2025 22:37:21 - INFO - __main__ - Image 2 (GOPR0402_frame_000294_rgb_anon.png) mIoU: 43.32%
12/13/2025 22:42:42 - INFO - __main__ - Image 3 (GOPR0572_frame_000752_rgb_anon.png) mIoU: 38.96%
12/13/2025 22:48:00 - INFO - __main__ - Image 4 (GOPR0572_frame_000756_rgb_anon.png) mIoU: 31.66%
12/13/2025 22:53:18 - INFO - __main__ - Image 5 (GOPR0572_frame_000860_rgb_anon.png) mIoU: 48.62%
12/13/2025 22:58:36 - INFO - __main__ - Image 6 (GP020402_frame_000774_rgb_anon.png) mIoU: 61.60%
12/13/2025 23:03:55 - INFO - __main__ - Image 7 (GP020402_frame_000830_rgb_anon.png) mIoU: 49.66%
12/13/2025 23:09:13 - INFO - __main__ - Image 8 (GP020402_frame_000914_rgb_anon.png) mIoU: 75.48%
12/13/2025 23:13:38 - INFO - __main__ - Image 9 (GP030400_frame_000129_rgb_anon.png) mIoU: 54.27%
12/13/2025 23:13:38 - INFO - __main__ - === Results for rain ===
12/13/2025 23:13:38 - INFO - __main__ - Average Per-Image mIoU: 51.04% (For Debugging)
12/13/2025 23:13:38 - INFO - __main__ - Full Dataset mIoU:      39.11% (Official Cityscapes Metric)
12/13/2025 23:13:38 - INFO - __main__ - Per-Class IoU:
12/13/2025 23:13:38 - INFO - __main__ -   road           : 87.06%
12/13/2025 23:13:38 - INFO - __main__ -   sidewalk       : 50.77%
12/13/2025 23:13:38 - INFO - __main__ -   building       : 89.16%
12/13/2025 23:13:38 - INFO - __main__ -   wall           : 55.39%
12/13/2025 23:13:38 - INFO - __main__ -   fence          : 16.80%
12/13/2025 23:13:38 - INFO - __main__ -   pole           : 30.00%
12/13/2025 23:13:38 - INFO - __main__ -   traffic light  : 5.74%
12/13/2025 23:13:38 - INFO - __main__ -   traffic sign   : 53.33%
12/13/2025 23:13:38 - INFO - __main__ -   vegetation     : 88.81%
12/13/2025 23:13:38 - INFO - __main__ -   terrain        : 59.57%
12/13/2025 23:13:38 - INFO - __main__ -   sky            : 98.02%
12/13/2025 23:13:38 - INFO - __main__ -   person         : 0.00%
12/13/2025 23:13:38 - INFO - __main__ -   rider          : 0.00%
12/13/2025 23:13:38 - INFO - __main__ -   car            : 88.30%
12/13/2025 23:13:38 - INFO - __main__ -   truck          : 0.00%
12/13/2025 23:13:38 - INFO - __main__ -   bus            : 20.18%
12/13/2025 23:13:38 - INFO - __main__ -   train          : 0.00%
12/13/2025 23:13:38 - INFO - __main__ -   motorcycle     : 0.00%
12/13/2025 23:13:38 - INFO - __main__ -   bicycle        : 0.00%
12/13/2025 23:13:38 - INFO - __main__ - --- Processing snow ---
12/13/2025 23:19:50 - INFO - __main__ - Image 0 (GOPR0122_frame_000018_rgb_anon.png) mIoU: 39.46%
12/13/2025 23:25:11 - INFO - __main__ - Image 1 (GOPR0122_frame_000085_rgb_anon.png) mIoU: 56.54%
12/13/2025 23:30:32 - INFO - __main__ - Image 2 (GOPR0122_frame_000306_rgb_anon.png) mIoU: 39.56%
12/13/2025 23:35:54 - INFO - __main__ - Image 3 (GOPR0604_frame_000327_rgb_anon.png) mIoU: 38.60%
12/13/2025 23:41:12 - INFO - __main__ - Image 4 (GOPR0604_frame_000332_rgb_anon.png) mIoU: 44.25%
12/13/2025 23:46:31 - INFO - __main__ - Image 5 (GOPR0604_frame_000455_rgb_anon.png) mIoU: 42.62%
12/13/2025 23:51:49 - INFO - __main__ - Image 6 (GOPR0606_frame_000220_rgb_anon.png) mIoU: 56.70%
12/13/2025 23:57:07 - INFO - __main__ - Image 7 (GOPR0606_frame_000357_rgb_anon.png) mIoU: 44.50%
12/14/2025 00:02:25 - INFO - __main__ - Image 8 (GP010607_frame_000931_rgb_anon.png) mIoU: 33.25%
12/14/2025 00:06:51 - INFO - __main__ - Image 9 (GP030176_frame_000549_rgb_anon.png) mIoU: 38.34%
12/14/2025 00:06:51 - INFO - __main__ - === Results for snow ===
12/14/2025 00:06:51 - INFO - __main__ - Average Per-Image mIoU: 43.38% (For Debugging)
12/14/2025 00:06:51 - INFO - __main__ - Full Dataset mIoU:      43.60% (Official Cityscapes Metric)
12/14/2025 00:06:51 - INFO - __main__ - Per-Class IoU:
12/14/2025 00:06:51 - INFO - __main__ -   road           : 90.15%
12/14/2025 00:06:51 - INFO - __main__ -   sidewalk       : 53.08%
12/14/2025 00:06:51 - INFO - __main__ -   building       : 71.54%
12/14/2025 00:06:51 - INFO - __main__ -   wall           : 21.18%
12/14/2025 00:06:51 - INFO - __main__ -   fence          : 38.41%
12/14/2025 00:06:51 - INFO - __main__ -   pole           : 31.77%
12/14/2025 00:06:51 - INFO - __main__ -   traffic light  : 34.56%
12/14/2025 00:06:51 - INFO - __main__ -   traffic sign   : 36.58%
12/14/2025 00:06:51 - INFO - __main__ -   vegetation     : 82.57%
12/14/2025 00:06:51 - INFO - __main__ -   terrain        : 1.45%
12/14/2025 00:06:51 - INFO - __main__ -   sky            : 96.67%
12/14/2025 00:06:51 - INFO - __main__ -   person         : 7.88%
12/14/2025 00:06:51 - INFO - __main__ -   rider          : nan%
12/14/2025 00:06:51 - INFO - __main__ -   car            : 85.93%
12/14/2025 00:06:51 - INFO - __main__ -   truck          : 97.58%
12/14/2025 00:06:51 - INFO - __main__ -   bus            : 35.48%
12/14/2025 00:06:51 - INFO - __main__ -   train          : 0.00%
12/14/2025 00:06:51 - INFO - __main__ -   motorcycle     : 0.00%
12/14/2025 00:06:51 - INFO - __main__ -   bicycle        : 0.00%
